#
# There is insufficient memory for the Java Runtime Environment to continue.
# Native memory allocation (mmap) failed to map 188743680 bytes for G1 virtual space
# Possible reasons:
#   The system is out of physical RAM or swap space
#   The process is running with CompressedOops enabled, and the Java Heap may be blocking the growth of the native heap
# Possible solutions:
#   Reduce memory load on the system
#   Increase physical memory or swap space
#   Check if swap backing store is full
#   Decrease Java heap size (-Xmx/-Xms)
#   Decrease number of Java threads
#   Decrease Java thread stack sizes (-Xss)
#   Set larger code cache with -XX:ReservedCodeCacheSize=
#   JVM is running with Unscaled Compressed Oops mode in which the Java heap is
#     placed in the first 4GB address space. The Java Heap base address is the
#     maximum limit for the native heap growth. Please use -XX:HeapBaseMinAddress
#     to set the Java Heap base and to place the Java Heap above 4GB virtual address.
# This output file may be truncated or incomplete.
#
#  Out of Memory Error (os_windows.cpp:3769), pid=18348, tid=14140
#
# JRE version: OpenJDK Runtime Environment (17.0.6) (build 17.0.6+0-b2043.56-10027231)
# Java VM: OpenJDK 64-Bit Server VM (17.0.6+0-b2043.56-10027231, mixed mode, tiered, compressed oops, compressed class ptrs, g1 gc, windows-amd64)
# No core dump will be written. Minidumps are not enabled by default on client versions of Windows
#

---------------  S U M M A R Y ------------

Command Line: --add-opens=java.base/java.util=ALL-UNNAMED --add-opens=java.base/java.lang=ALL-UNNAMED --add-opens=java.base/java.lang.invoke=ALL-UNNAMED --add-opens=java.prefs/java.util.prefs=ALL-UNNAMED --add-opens=java.base/java.nio.charset=ALL-UNNAMED --add-opens=java.base/java.net=ALL-UNNAMED --add-opens=java.base/java.util.concurrent.atomic=ALL-UNNAMED -Xmx2048m -Dfile.encoding=UTF-8 -Duser.country=IN -Duser.language=en -Duser.variant org.gradle.launcher.daemon.bootstrap.GradleDaemon 8.0

Host: Intel(R) Core(TM) i5-9300H CPU @ 2.40GHz, 8 cores, 7G,  Windows 11 , 64 bit Build 22621 (10.0.22621.2506)
Time: Mon Oct 30 07:47:40 2023 India Standard Time elapsed time: 12.279062 seconds (0d 0h 0m 12s)

---------------  T H R E A D  ---------------

Current thread (0x000002117e090850):  VMThread "VM Thread" [stack: 0x000000e284b00000,0x000000e284c00000] [id=14140]

Stack: [0x000000e284b00000,0x000000e284c00000]
Native frames: (J=compiled Java code, j=interpreted, Vv=VM code, C=native code)
V  [jvm.dll+0x683c9a]
V  [jvm.dll+0x8427a4]
V  [jvm.dll+0x843f9e]
V  [jvm.dll+0x844603]
V  [jvm.dll+0x249b75]
V  [jvm.dll+0x680b69]
V  [jvm.dll+0x67505a]
V  [jvm.dll+0x309acb]
V  [jvm.dll+0x310f86]
V  [jvm.dll+0x3608ee]
V  [jvm.dll+0x360b1f]
V  [jvm.dll+0x2dfbf8]
V  [jvm.dll+0x2ddec4]
V  [jvm.dll+0x2dd4cc]
V  [jvm.dll+0x321f3b]
V  [jvm.dll+0x848ccb]
V  [jvm.dll+0x849a04]
V  [jvm.dll+0x849f1d]
V  [jvm.dll+0x84a2f4]
V  [jvm.dll+0x84a3c0]
V  [jvm.dll+0x7f274a]
V  [jvm.dll+0x682ad5]
C  [ucrtbase.dll+0x29363]
C  [KERNEL32.DLL+0x1257d]
C  [ntdll.dll+0x5aa58]

VM_Operation (0x000000e28d3fbd60): G1CollectForAllocation, mode: safepoint, requested by thread 0x0000021101e200e0


---------------  P R O C E S S  ---------------

Threads class SMR info:
_java_thread_list=0x000002110231cb70, length=135, elements={
0x000002116424ef80, 0x000002117e093210, 0x000002117e093cd0, 0x000002117e0bac60,
0x000002117e0bb230, 0x000002117e0bbbf0, 0x000002117e0bc4b0, 0x000002117ec34fb0,
0x000002117ec3d8c0, 0x000002117ec401d0, 0x000002117edd7010, 0x000002117edd94f0,
0x000002117ef96ec0, 0x00000211010de080, 0x0000021100448440, 0x0000021101fa0490,
0x00000211013abc20, 0x0000021100c30c60, 0x0000021100fc3450, 0x0000021101f56390,
0x000002117ef8c8d0, 0x000002117ef8bf30, 0x000002117ef8a720, 0x000002117ef8b590,
0x000002117ef8ba60, 0x000002117ef88f10, 0x0000021102c95b20, 0x000002117ef898b0,
0x000002117ef89d80, 0x0000021102a4b960, 0x0000021102a4e4b0, 0x0000021102a4aaf0,
0x0000021102a47fa0, 0x0000021102a4cca0, 0x0000021102a4dfe0, 0x0000021102a4d170,
0x0000021102a4ee50, 0x0000021102a4b490, 0x0000021102a4afc0, 0x0000021102a48e10,
0x0000021102a47600, 0x0000021102a47ad0, 0x0000021102a4be30, 0x000002117ef8a250,
0x0000021104ee7ad0, 0x0000021104ee3c40, 0x0000021104ee15c0, 0x0000021104ee0c20,
0x0000021104ee8470, 0x0000021104ee10f0, 0x0000021104ee6790, 0x0000021104ee2900,
0x0000021104ee45e0, 0x0000021104ee4ab0, 0x0000021104ee6c60, 0x0000021104ee2430,
0x0000021104ee4f80, 0x0000021104ee62c0, 0x0000021104ee5450, 0x0000021104ee5920,
0x0000021104ee7130, 0x0000021104ee1a90, 0x0000021104ee1f60, 0x0000021104ee5df0,
0x0000021104ee7600, 0x0000021104ee2dd0, 0x0000021104ee32a0, 0x0000021104ee7fa0,
0x0000021104ee3770, 0x0000021104a37c40, 0x0000021104a39450, 0x0000021104a38110,
0x0000021104a385e0, 0x0000021104a3ce10, 0x0000021104a38ab0, 0x0000021104a3dc80,
0x0000021104a37770, 0x0000021104a3ac60, 0x0000021104a38f80, 0x0000021104a39920,
0x0000021104a3c470, 0x0000021104a3bad0, 0x0000021104a39df0, 0x0000021104a3bfa0,
0x0000021104a3d2e0, 0x0000021104a3c940, 0x0000021104a3a790, 0x0000021104a3d7b0,
0x0000021104a3b130, 0x0000021104a3a2c0, 0x0000021104a3e150, 0x0000021104a36900,
0x0000021104a3b600, 0x0000021104a36dd0, 0x0000021104a372a0, 0x0000021107351780,
0x000002110734f5d0, 0x000002110734ddc0, 0x000002110734e290, 0x0000021107352f90,
0x000002110734e760, 0x000002110734ec30, 0x000002110734f100, 0x0000021107351c50,
0x000002110734faa0, 0x000002110734ff70, 0x0000021107350440, 0x0000021107350910,
0x0000021107350de0, 0x00000211073512b0, 0x0000021107352120, 0x00000211073525f0,
0x0000021107352ac0, 0x0000021107353460, 0x0000021107353930, 0x000002110734c0e0,
0x000002110734c5b0, 0x000002110734ca80, 0x000002110734cf50, 0x000002110734d420,
0x000002110734d8f0, 0x0000021101e1f740, 0x0000021101e205b0, 0x0000021101e21420,
0x0000021101e23f70, 0x0000021101e22760, 0x0000021101e24910, 0x0000021101e200e0,
0x0000021101e23aa0, 0x0000021101e22290, 0x0000021101e218f0, 0x0000021101e22c30,
0x0000021101e23100, 0x0000021101e24440, 0x0000021101e235d0
}

Java Threads: ( => current thread )
  0x000002116424ef80 JavaThread "main" [_thread_blocked, id=16176, stack(0x000000e284500000,0x000000e284600000)]
  0x000002117e093210 JavaThread "Reference Handler" daemon [_thread_blocked, id=5304, stack(0x000000e284c00000,0x000000e284d00000)]
  0x000002117e093cd0 JavaThread "Finalizer" daemon [_thread_blocked, id=6904, stack(0x000000e284d00000,0x000000e284e00000)]
  0x000002117e0bac60 JavaThread "Signal Dispatcher" daemon [_thread_blocked, id=18296, stack(0x000000e284e00000,0x000000e284f00000)]
  0x000002117e0bb230 JavaThread "Attach Listener" daemon [_thread_blocked, id=15548, stack(0x000000e284f00000,0x000000e285000000)]
  0x000002117e0bbbf0 JavaThread "Service Thread" daemon [_thread_blocked, id=9432, stack(0x000000e285000000,0x000000e285100000)]
  0x000002117e0bc4b0 JavaThread "Monitor Deflation Thread" daemon [_thread_blocked, id=13872, stack(0x000000e285100000,0x000000e285200000)]
  0x000002117ec34fb0 JavaThread "C2 CompilerThread0" daemon [_thread_blocked, id=12832, stack(0x000000e285200000,0x000000e285300000)]
  0x000002117ec3d8c0 JavaThread "C1 CompilerThread0" daemon [_thread_blocked, id=17944, stack(0x000000e285300000,0x000000e285400000)]
  0x000002117ec401d0 JavaThread "Sweeper thread" daemon [_thread_blocked, id=15296, stack(0x000000e285400000,0x000000e285500000)]
  0x000002117edd7010 JavaThread "Common-Cleaner" daemon [_thread_blocked, id=13908, stack(0x000000e285500000,0x000000e285600000)]
  0x000002117edd94f0 JavaThread "Notification Thread" daemon [_thread_blocked, id=5728, stack(0x000000e285600000,0x000000e285700000)]
  0x000002117ef96ec0 JavaThread "C2 CompilerThread1" daemon [_thread_blocked, id=15864, stack(0x000000e285800000,0x000000e285900000)]
  0x00000211010de080 JavaThread "Daemon health stats" [_thread_blocked, id=14008, stack(0x000000e285e00000,0x000000e285f00000)]
  0x0000021100448440 JavaThread "Incoming local TCP Connector on port 64813" [_thread_in_native, id=6684, stack(0x000000e285f00000,0x000000e286000000)]
  0x0000021101fa0490 JavaThread "Daemon periodic checks" [_thread_blocked, id=16740, stack(0x000000e286000000,0x000000e286100000)]
  0x00000211013abc20 JavaThread "Daemon" [_thread_blocked, id=16020, stack(0x000000e286100000,0x000000e286200000)]
  0x0000021100c30c60 JavaThread "Handler for socket connection from /127.0.0.1:64813 to /127.0.0.1:64814" [_thread_in_native, id=11004, stack(0x000000e286200000,0x000000e286300000)]
  0x0000021100fc3450 JavaThread "Cancel handler" [_thread_blocked, id=11296, stack(0x000000e286300000,0x000000e286400000)]
  0x0000021101f56390 JavaThread "Daemon worker" [_thread_blocked, id=16564, stack(0x000000e286400000,0x000000e286500000)]
  0x000002117ef8c8d0 JavaThread "Asynchronous log dispatcher for DefaultDaemonConnection: socket connection from /127.0.0.1:64813 to /127.0.0.1:64814" [_thread_blocked, id=2068, stack(0x000000e286500000,0x000000e286600000)]
  0x000002117ef8bf30 JavaThread "Stdin handler" [_thread_blocked, id=9636, stack(0x000000e286600000,0x000000e286700000)]
  0x000002117ef8a720 JavaThread "Daemon client event forwarder" [_thread_blocked, id=8508, stack(0x000000e286700000,0x000000e286800000)]
  0x000002117ef8b590 JavaThread "Cache worker for journal cache (C:\Users\vijay\.gradle\caches\journal-1)" [_thread_blocked, id=17916, stack(0x000000e286b00000,0x000000e286c00000)]
  0x000002117ef8ba60 JavaThread "File lock request listener" [_thread_in_native, id=2720, stack(0x000000e286c00000,0x000000e286d00000)]
  0x000002117ef88f10 JavaThread "Cache worker for file hash cache (C:\Users\vijay\.gradle\caches\8.0\fileHashes)" [_thread_blocked, id=12688, stack(0x000000e286d00000,0x000000e286e00000)]
  0x0000021102c95b20 JavaThread "C2 CompilerThread2" daemon [_thread_blocked, id=3756, stack(0x000000e286e00000,0x000000e286f00000)]
  0x000002117ef898b0 JavaThread "File watcher server" daemon [_thread_in_native, id=11868, stack(0x000000e286f00000,0x000000e287000000)]
  0x000002117ef89d80 JavaThread "File watcher consumer" daemon [_thread_blocked, id=17220, stack(0x000000e287000000,0x000000e287100000)]
  0x0000021102a4b960 JavaThread "jar transforms" [_thread_blocked, id=15956, stack(0x000000e287100000,0x000000e287200000)]
  0x0000021102a4e4b0 JavaThread "jar transforms Thread 2" [_thread_blocked, id=15300, stack(0x000000e287200000,0x000000e287300000)]
  0x0000021102a4aaf0 JavaThread "jar transforms Thread 3" [_thread_blocked, id=16600, stack(0x000000e287300000,0x000000e287400000)]
  0x0000021102a47fa0 JavaThread "jar transforms Thread 4" [_thread_blocked, id=3060, stack(0x000000e287400000,0x000000e287500000)]
  0x0000021102a4cca0 JavaThread "jar transforms Thread 5" [_thread_blocked, id=16304, stack(0x000000e287500000,0x000000e287600000)]
  0x0000021102a4dfe0 JavaThread "jar transforms Thread 6" [_thread_blocked, id=2472, stack(0x000000e287600000,0x000000e287700000)]
  0x0000021102a4d170 JavaThread "jar transforms Thread 7" [_thread_blocked, id=17892, stack(0x000000e287700000,0x000000e287800000)]
  0x0000021102a4ee50 JavaThread "jar transforms Thread 8" [_thread_blocked, id=912, stack(0x000000e287800000,0x000000e287900000)]
  0x0000021102a4b490 JavaThread "Cache worker for checksums cache (C:\Users\vijay\AndroidStudioProjects\MyApplicationARtrial7\.gradle\8.0\checksums)" [_thread_blocked, id=2596, stack(0x000000e287900000,0x000000e287a00000)]
  0x0000021102a4afc0 JavaThread "Cache worker for cache directory md-rule (C:\Users\vijay\.gradle\caches\8.0\md-rule)" [_thread_blocked, id=7948, stack(0x000000e287a00000,0x000000e287b00000)]
  0x0000021102a48e10 JavaThread "Cache worker for file content cache (C:\Users\vijay\.gradle\caches\8.0\fileContent)" [_thread_blocked, id=14168, stack(0x000000e287b00000,0x000000e287c00000)]
  0x0000021102a47600 JavaThread "Cache worker for file hash cache (C:\Users\vijay\AndroidStudioProjects\MyApplicationARtrial7\.gradle\8.0\fileHashes)" [_thread_blocked, id=17668, stack(0x000000e287c00000,0x000000e287d00000)]
  0x0000021102a47ad0 JavaThread "Cache worker for cache directory md-supplier (C:\Users\vijay\.gradle\caches\8.0\md-supplier)" [_thread_blocked, id=2600, stack(0x000000e287d00000,0x000000e287e00000)]
  0x0000021102a4be30 JavaThread "Cache worker for execution history cache (C:\Users\vijay\.gradle\caches\8.0\executionHistory)" [_thread_blocked, id=12432, stack(0x000000e287e00000,0x000000e287f00000)]
  0x000002117ef8a250 JavaThread "Cache worker for dependencies-accessors (C:\Users\vijay\AndroidStudioProjects\MyApplicationARtrial7\.gradle\8.0\dependencies-accessors)" [_thread_blocked, id=10092, stack(0x000000e287f00000,0x000000e288000000)]
  0x0000021104ee7ad0 JavaThread "Cache worker for Build Output Cleanup Cache (C:\Users\vijay\AndroidStudioProjects\MyApplicationARtrial7\.gradle\buildOutputCleanup)" [_thread_blocked, id=4800, stack(0x000000e288000000,0x000000e288100000)]
  0x0000021104ee3c40 JavaThread "Unconstrained build operations" [_thread_blocked, id=16128, stack(0x000000e288100000,0x000000e288200000)]
  0x0000021104ee15c0 JavaThread "Unconstrained build operations Thread 2" [_thread_blocked, id=18128, stack(0x000000e288200000,0x000000e288300000)]
  0x0000021104ee0c20 JavaThread "Unconstrained build operations Thread 3" [_thread_blocked, id=16972, stack(0x000000e288300000,0x000000e288400000)]
  0x0000021104ee8470 JavaThread "Unconstrained build operations Thread 4" [_thread_blocked, id=5164, stack(0x000000e288400000,0x000000e288500000)]
  0x0000021104ee10f0 JavaThread "Unconstrained build operations Thread 5" [_thread_blocked, id=18016, stack(0x000000e288500000,0x000000e288600000)]
  0x0000021104ee6790 JavaThread "Unconstrained build operations Thread 6" [_thread_blocked, id=10704, stack(0x000000e288600000,0x000000e288700000)]
  0x0000021104ee2900 JavaThread "Unconstrained build operations Thread 7" [_thread_blocked, id=10688, stack(0x000000e288700000,0x000000e288800000)]
  0x0000021104ee45e0 JavaThread "Unconstrained build operations Thread 8" [_thread_blocked, id=12980, stack(0x000000e288800000,0x000000e288900000)]
  0x0000021104ee4ab0 JavaThread "Unconstrained build operations Thread 9" [_thread_blocked, id=15004, stack(0x000000e288900000,0x000000e288a00000)]
  0x0000021104ee6c60 JavaThread "Unconstrained build operations Thread 10" [_thread_blocked, id=14716, stack(0x000000e288a00000,0x000000e288b00000)]
  0x0000021104ee2430 JavaThread "Unconstrained build operations Thread 11" [_thread_blocked, id=12640, stack(0x000000e288b00000,0x000000e288c00000)]
  0x0000021104ee4f80 JavaThread "Unconstrained build operations Thread 12" [_thread_blocked, id=11540, stack(0x000000e288c00000,0x000000e288d00000)]
  0x0000021104ee62c0 JavaThread "Unconstrained build operations Thread 13" [_thread_blocked, id=6432, stack(0x000000e288d00000,0x000000e288e00000)]
  0x0000021104ee5450 JavaThread "Unconstrained build operations Thread 14" [_thread_blocked, id=9416, stack(0x000000e288e00000,0x000000e288f00000)]
  0x0000021104ee5920 JavaThread "Unconstrained build operations Thread 15" [_thread_blocked, id=10068, stack(0x000000e288f00000,0x000000e289000000)]
  0x0000021104ee7130 JavaThread "Unconstrained build operations Thread 16" [_thread_blocked, id=5692, stack(0x000000e289000000,0x000000e289100000)]
  0x0000021104ee1a90 JavaThread "Unconstrained build operations Thread 17" [_thread_blocked, id=11412, stack(0x000000e289100000,0x000000e289200000)]
  0x0000021104ee1f60 JavaThread "Unconstrained build operations Thread 18" [_thread_blocked, id=17388, stack(0x000000e289200000,0x000000e289300000)]
  0x0000021104ee5df0 JavaThread "Unconstrained build operations Thread 19" [_thread_blocked, id=17680, stack(0x000000e289300000,0x000000e289400000)]
  0x0000021104ee7600 JavaThread "Unconstrained build operations Thread 20" [_thread_blocked, id=17376, stack(0x000000e289400000,0x000000e289500000)]
  0x0000021104ee2dd0 JavaThread "Unconstrained build operations Thread 21" [_thread_blocked, id=1148, stack(0x000000e289500000,0x000000e289600000)]
  0x0000021104ee32a0 JavaThread "Unconstrained build operations Thread 22" [_thread_blocked, id=3080, stack(0x000000e289600000,0x000000e289700000)]
  0x0000021104ee7fa0 JavaThread "Unconstrained build operations Thread 23" [_thread_blocked, id=1204, stack(0x000000e289700000,0x000000e289800000)]
  0x0000021104ee3770 JavaThread "Unconstrained build operations Thread 24" [_thread_blocked, id=17380, stack(0x000000e289800000,0x000000e289900000)]
  0x0000021104a37c40 JavaThread "Unconstrained build operations Thread 25" [_thread_blocked, id=6128, stack(0x000000e289900000,0x000000e289a00000)]
  0x0000021104a39450 JavaThread "Unconstrained build operations Thread 26" [_thread_blocked, id=17752, stack(0x000000e289a00000,0x000000e289b00000)]
  0x0000021104a38110 JavaThread "Unconstrained build operations Thread 27" [_thread_blocked, id=12568, stack(0x000000e289b00000,0x000000e289c00000)]
  0x0000021104a385e0 JavaThread "Unconstrained build operations Thread 28" [_thread_blocked, id=2204, stack(0x000000e289c00000,0x000000e289d00000)]
  0x0000021104a3ce10 JavaThread "Unconstrained build operations Thread 29" [_thread_blocked, id=1228, stack(0x000000e289d00000,0x000000e289e00000)]
  0x0000021104a38ab0 JavaThread "Unconstrained build operations Thread 30" [_thread_blocked, id=8376, stack(0x000000e289e00000,0x000000e289f00000)]
  0x0000021104a3dc80 JavaThread "Unconstrained build operations Thread 31" [_thread_blocked, id=684, stack(0x000000e289f00000,0x000000e28a000000)]
  0x0000021104a37770 JavaThread "Unconstrained build operations Thread 32" [_thread_blocked, id=744, stack(0x000000e28a000000,0x000000e28a100000)]
  0x0000021104a3ac60 JavaThread "Unconstrained build operations Thread 33" [_thread_blocked, id=12024, stack(0x000000e28a100000,0x000000e28a200000)]
  0x0000021104a38f80 JavaThread "Unconstrained build operations Thread 34" [_thread_blocked, id=15212, stack(0x000000e28a200000,0x000000e28a300000)]
  0x0000021104a39920 JavaThread "Unconstrained build operations Thread 35" [_thread_blocked, id=17608, stack(0x000000e28a300000,0x000000e28a400000)]
  0x0000021104a3c470 JavaThread "Unconstrained build operations Thread 36" [_thread_blocked, id=8208, stack(0x000000e28a400000,0x000000e28a500000)]
  0x0000021104a3bad0 JavaThread "Unconstrained build operations Thread 37" [_thread_blocked, id=17384, stack(0x000000e28a500000,0x000000e28a600000)]
  0x0000021104a39df0 JavaThread "Unconstrained build operations Thread 38" [_thread_blocked, id=1448, stack(0x000000e28a600000,0x000000e28a700000)]
  0x0000021104a3bfa0 JavaThread "Unconstrained build operations Thread 39" [_thread_blocked, id=14744, stack(0x000000e28a700000,0x000000e28a800000)]
  0x0000021104a3d2e0 JavaThread "Unconstrained build operations Thread 40" [_thread_blocked, id=2160, stack(0x000000e28a800000,0x000000e28a900000)]
  0x0000021104a3c940 JavaThread "Unconstrained build operations Thread 41" [_thread_blocked, id=7796, stack(0x000000e28a900000,0x000000e28aa00000)]
  0x0000021104a3a790 JavaThread "Unconstrained build operations Thread 42" [_thread_blocked, id=1348, stack(0x000000e28aa00000,0x000000e28ab00000)]
  0x0000021104a3d7b0 JavaThread "Unconstrained build operations Thread 43" [_thread_blocked, id=6124, stack(0x000000e28ab00000,0x000000e28ac00000)]
  0x0000021104a3b130 JavaThread "Unconstrained build operations Thread 44" [_thread_blocked, id=16492, stack(0x000000e28ac00000,0x000000e28ad00000)]
  0x0000021104a3a2c0 JavaThread "Unconstrained build operations Thread 45" [_thread_blocked, id=11572, stack(0x000000e28ad00000,0x000000e28ae00000)]
  0x0000021104a3e150 JavaThread "Unconstrained build operations Thread 46" [_thread_blocked, id=1632, stack(0x000000e28ae00000,0x000000e28af00000)]
  0x0000021104a36900 JavaThread "Unconstrained build operations Thread 47" [_thread_blocked, id=14360, stack(0x000000e28af00000,0x000000e28b000000)]
  0x0000021104a3b600 JavaThread "Unconstrained build operations Thread 48" [_thread_blocked, id=11028, stack(0x000000e28b000000,0x000000e28b100000)]
  0x0000021104a36dd0 JavaThread "Unconstrained build operations Thread 49" [_thread_blocked, id=2684, stack(0x000000e28b100000,0x000000e28b200000)]
  0x0000021104a372a0 JavaThread "Unconstrained build operations Thread 50" [_thread_blocked, id=3976, stack(0x000000e28b200000,0x000000e28b300000)]
  0x0000021107351780 JavaThread "Unconstrained build operations Thread 51" [_thread_blocked, id=17284, stack(0x000000e28b300000,0x000000e28b400000)]
  0x000002110734f5d0 JavaThread "Unconstrained build operations Thread 52" [_thread_blocked, id=17412, stack(0x000000e28b400000,0x000000e28b500000)]
  0x000002110734ddc0 JavaThread "Unconstrained build operations Thread 53" [_thread_blocked, id=8324, stack(0x000000e28b500000,0x000000e28b600000)]
  0x000002110734e290 JavaThread "Unconstrained build operations Thread 54" [_thread_blocked, id=7312, stack(0x000000e28b600000,0x000000e28b700000)]
  0x0000021107352f90 JavaThread "Unconstrained build operations Thread 55" [_thread_blocked, id=4080, stack(0x000000e28b700000,0x000000e28b800000)]
  0x000002110734e760 JavaThread "Unconstrained build operations Thread 56" [_thread_blocked, id=14624, stack(0x000000e28b800000,0x000000e28b900000)]
  0x000002110734ec30 JavaThread "Unconstrained build operations Thread 57" [_thread_blocked, id=4628, stack(0x000000e28b900000,0x000000e28ba00000)]
  0x000002110734f100 JavaThread "Unconstrained build operations Thread 58" [_thread_blocked, id=17556, stack(0x000000e28ba00000,0x000000e28bb00000)]
  0x0000021107351c50 JavaThread "Unconstrained build operations Thread 59" [_thread_blocked, id=8560, stack(0x000000e28bb00000,0x000000e28bc00000)]
  0x000002110734faa0 JavaThread "Unconstrained build operations Thread 60" [_thread_blocked, id=9704, stack(0x000000e28bc00000,0x000000e28bd00000)]
  0x000002110734ff70 JavaThread "Unconstrained build operations Thread 61" [_thread_blocked, id=11932, stack(0x000000e28bd00000,0x000000e28be00000)]
  0x0000021107350440 JavaThread "Unconstrained build operations Thread 62" [_thread_blocked, id=2112, stack(0x000000e28be00000,0x000000e28bf00000)]
  0x0000021107350910 JavaThread "Unconstrained build operations Thread 63" [_thread_blocked, id=17588, stack(0x000000e28bf00000,0x000000e28c000000)]
  0x0000021107350de0 JavaThread "Unconstrained build operations Thread 64" [_thread_blocked, id=15764, stack(0x000000e28c000000,0x000000e28c100000)]
  0x00000211073512b0 JavaThread "Unconstrained build operations Thread 65" [_thread_blocked, id=16468, stack(0x000000e28c100000,0x000000e28c200000)]
  0x0000021107352120 JavaThread "Unconstrained build operations Thread 66" [_thread_blocked, id=1312, stack(0x000000e28c200000,0x000000e28c300000)]
  0x00000211073525f0 JavaThread "Unconstrained build operations Thread 67" [_thread_blocked, id=9568, stack(0x000000e28c300000,0x000000e28c400000)]
  0x0000021107352ac0 JavaThread "Unconstrained build operations Thread 68" [_thread_blocked, id=12264, stack(0x000000e28c400000,0x000000e28c500000)]
  0x0000021107353460 JavaThread "Unconstrained build operations Thread 69" [_thread_blocked, id=10164, stack(0x000000e28c500000,0x000000e28c600000)]
  0x0000021107353930 JavaThread "Unconstrained build operations Thread 70" [_thread_blocked, id=17452, stack(0x000000e28c600000,0x000000e28c700000)]
  0x000002110734c0e0 JavaThread "Unconstrained build operations Thread 71" [_thread_blocked, id=9852, stack(0x000000e28c700000,0x000000e28c800000)]
  0x000002110734c5b0 JavaThread "Unconstrained build operations Thread 72" [_thread_blocked, id=15476, stack(0x000000e28c800000,0x000000e28c900000)]
  0x000002110734ca80 JavaThread "Unconstrained build operations Thread 73" [_thread_blocked, id=10580, stack(0x000000e28c900000,0x000000e28ca00000)]
  0x000002110734cf50 JavaThread "Unconstrained build operations Thread 74" [_thread_blocked, id=9380, stack(0x000000e28ca00000,0x000000e28cb00000)]
  0x000002110734d420 JavaThread "Unconstrained build operations Thread 75" [_thread_blocked, id=2340, stack(0x000000e28cb00000,0x000000e28cc00000)]
  0x000002110734d8f0 JavaThread "Unconstrained build operations Thread 76" [_thread_blocked, id=12784, stack(0x000000e28cc00000,0x000000e28cd00000)]
  0x0000021101e1f740 JavaThread "Unconstrained build operations Thread 77" [_thread_blocked, id=18320, stack(0x000000e28cd00000,0x000000e28ce00000)]
  0x0000021101e205b0 JavaThread "Unconstrained build operations Thread 78" [_thread_blocked, id=10844, stack(0x000000e28ce00000,0x000000e28cf00000)]
  0x0000021101e21420 JavaThread "Unconstrained build operations Thread 79" [_thread_blocked, id=6292, stack(0x000000e28cf00000,0x000000e28d000000)]
  0x0000021101e23f70 JavaThread "Unconstrained build operations Thread 80" [_thread_blocked, id=11232, stack(0x000000e28d000000,0x000000e28d100000)]
  0x0000021101e22760 JavaThread "Memory manager" [_thread_blocked, id=13952, stack(0x000000e28d100000,0x000000e28d200000)]
  0x0000021101e24910 JavaThread "pool-3-thread-1" [_thread_blocked, id=9292, stack(0x000000e28d200000,0x000000e28d300000)]
  0x0000021101e200e0 JavaThread "included builds" [_thread_blocked, id=10896, stack(0x000000e28d300000,0x000000e28d400000)]
  0x0000021101e23aa0 JavaThread "Execution worker" [_thread_blocked, id=12864, stack(0x000000e28d400000,0x000000e28d500000)]
  0x0000021101e22290 JavaThread "Execution worker Thread 2" [_thread_blocked, id=1104, stack(0x000000e28d500000,0x000000e28d600000)]
  0x0000021101e218f0 JavaThread "Execution worker Thread 3" [_thread_blocked, id=17908, stack(0x000000e28d600000,0x000000e28d700000)]
  0x0000021101e22c30 JavaThread "Execution worker Thread 4" [_thread_blocked, id=17700, stack(0x000000e28d700000,0x000000e28d800000)]
  0x0000021101e23100 JavaThread "Execution worker Thread 5" [_thread_blocked, id=15376, stack(0x000000e28d800000,0x000000e28d900000)]
  0x0000021101e24440 JavaThread "Execution worker Thread 6" [_thread_blocked, id=6924, stack(0x000000e28d900000,0x000000e28da00000)]
  0x0000021101e235d0 JavaThread "Execution worker Thread 7" [_thread_blocked, id=17780, stack(0x000000e28da00000,0x000000e28db00000)]

Other Threads:
=>0x000002117e090850 VMThread "VM Thread" [stack: 0x000000e284b00000,0x000000e284c00000] [id=14140]
  0x000002117e030f60 WatcherThread [stack: 0x000000e285700000,0x000000e285800000] [id=17068]
  0x00000211642aad70 GCTaskThread "GC Thread#0" [stack: 0x000000e284600000,0x000000e284700000] [id=7648]
  0x000002117f143560 GCTaskThread "GC Thread#1" [stack: 0x000000e285a00000,0x000000e285b00000] [id=9420]
  0x000002117f141d30 GCTaskThread "GC Thread#2" [stack: 0x000000e285b00000,0x000000e285c00000] [id=17124]
  0x000002117f1427f0 GCTaskThread "GC Thread#3" [stack: 0x000000e285c00000,0x000000e285d00000] [id=15488]
  0x000002117f142540 GCTaskThread "GC Thread#4" [stack: 0x000000e285d00000,0x000000e285e00000] [id=17696]
  0x000002117f142aa0 GCTaskThread "GC Thread#5" [stack: 0x000000e285900000,0x000000e285a00000] [id=9344]
  0x000002117f142d50 GCTaskThread "GC Thread#6" [stack: 0x000000e286800000,0x000000e286900000] [id=7984]
  0x000002117f143000 GCTaskThread "GC Thread#7" [stack: 0x000000e286900000,0x000000e286a00000] [id=8440]
  0x00000211642bbbc0 ConcurrentGCThread "G1 Main Marker" [stack: 0x000000e284700000,0x000000e284800000] [id=13208]
  0x00000211642bc4e0 ConcurrentGCThread "G1 Conc#0" [stack: 0x000000e284800000,0x000000e284900000] [id=5124]
  0x000002117f1432b0 ConcurrentGCThread "G1 Conc#1" [stack: 0x000000e286a00000,0x000000e286b00000] [id=18152]
  0x000002116430dda0 ConcurrentGCThread "G1 Refine#0" [stack: 0x000000e284900000,0x000000e284a00000] [id=15568]
  0x000002116430e570 ConcurrentGCThread "G1 Service" [stack: 0x000000e284a00000,0x000000e284b00000] [id=5768]

Threads with active compile tasks:
C2 CompilerThread0    12304 9241       4       sun.reflect.generics.visitor.Reifier::visitClassTypeSignature (381 bytes)
C2 CompilerThread1    12305 9251       4       java.beans.Introspector::addMethod (196 bytes)
C2 CompilerThread2    12305 9249       4       com.sun.beans.TypeResolver::resolve (37 bytes)

VM state: at safepoint (normal execution)

VM Mutex/Monitor currently owned by a thread:  ([mutex/lock_event])
[0x00000211642488a0] Threads_lock - owner thread: 0x000002117e090850
[0x000002116424a1f0] Heap_lock - owner thread: 0x0000021101e200e0

Heap address: 0x0000000080000000, size: 2048 MB, Compressed Oops mode: 32-bit

CDS archive(s) not mapped
Compressed class space mapped at: 0x0000000100000000-0x0000000140000000, reserved size: 1073741824
Narrow klass base: 0x0000000000000000, Narrow klass shift: 3, Narrow klass range: 0x140000000

GC Precious Log:
 CPUs: 8 total, 8 available
 Memory: 8029M
 Large Page Support: Disabled
 NUMA Support: Disabled
 Compressed Oops: Enabled (32-bit)
 Heap Region Size: 1M
 Heap Min Capacity: 8M
 Heap Initial Capacity: 126M
 Heap Max Capacity: 2G
 Pre-touch: Disabled
 Parallel Workers: 8
 Concurrent Workers: 2
 Concurrent Refinement Workers: 8
 Periodic GC: Disabled

Heap:
 garbage-first heap   total 184320K, used 132096K [0x0000000080000000, 0x0000000100000000)
  region size 1024K, 6 young (6144K), 6 survivors (6144K)
 Metaspace       used 87186K, committed 87808K, reserved 1130496K
  class space    used 11717K, committed 11968K, reserved 1048576K

Heap Regions: E=young(eden), S=young(survivor), O=old, HS=humongous(starts), HC=humongous(continues), CS=collection set, F=free, OA=open archive, CA=closed archive, TAMS=top-at-mark-start (previous, next)
|   0|0x0000000080000000, 0x0000000080100000, 0x0000000080100000|100%|HS|  |TAMS 0x0000000080100000, 0x0000000080000000| Complete 
|   1|0x0000000080100000, 0x0000000080200000, 0x0000000080200000|100%|HC|  |TAMS 0x0000000080200000, 0x0000000080100000| Complete 
|   2|0x0000000080200000, 0x0000000080300000, 0x0000000080300000|100%|HC|  |TAMS 0x0000000080300000, 0x0000000080200000| Complete 
|   3|0x0000000080300000, 0x0000000080400000, 0x0000000080400000|100%|HC|  |TAMS 0x0000000080400000, 0x0000000080300000| Complete 
|   4|0x0000000080400000, 0x0000000080500000, 0x0000000080500000|100%| O|  |TAMS 0x0000000080500000, 0x0000000080400000| Untracked 
|   5|0x0000000080500000, 0x0000000080600000, 0x0000000080600000|100%| O|  |TAMS 0x0000000080600000, 0x0000000080500000| Untracked 
|   6|0x0000000080600000, 0x0000000080700000, 0x0000000080700000|100%| O|  |TAMS 0x0000000080700000, 0x0000000080600000| Untracked 
|   7|0x0000000080700000, 0x0000000080800000, 0x0000000080800000|100%| O|  |TAMS 0x0000000080800000, 0x0000000080700000| Untracked 
|   8|0x0000000080800000, 0x0000000080900000, 0x0000000080900000|100%| O|  |TAMS 0x0000000080900000, 0x0000000080800000| Untracked 
|   9|0x0000000080900000, 0x0000000080a00000, 0x0000000080a00000|100%| O|  |TAMS 0x0000000080a00000, 0x0000000080900000| Untracked 
|  10|0x0000000080a00000, 0x0000000080b00000, 0x0000000080b00000|100%| O|  |TAMS 0x0000000080a00000, 0x0000000080a00000| Untracked 
|  11|0x0000000080b00000, 0x0000000080c00000, 0x0000000080c00000|100%| O|  |TAMS 0x0000000080c00000, 0x0000000080b00000| Untracked 
|  12|0x0000000080c00000, 0x0000000080d00000, 0x0000000080d00000|100%| O|  |TAMS 0x0000000080d00000, 0x0000000080c00000| Untracked 
|  13|0x0000000080d00000, 0x0000000080e00000, 0x0000000080e00000|100%| O|  |TAMS 0x0000000080e00000, 0x0000000080d00000| Untracked 
|  14|0x0000000080e00000, 0x0000000080f00000, 0x0000000080f00000|100%| O|  |TAMS 0x0000000080f00000, 0x0000000080e00000| Untracked 
|  15|0x0000000080f00000, 0x0000000081000000, 0x0000000081000000|100%| O|  |TAMS 0x0000000081000000, 0x0000000080f00000| Untracked 
|  16|0x0000000081000000, 0x0000000081100000, 0x0000000081100000|100%| O|  |TAMS 0x0000000081100000, 0x0000000081000000| Untracked 
|  17|0x0000000081100000, 0x0000000081200000, 0x0000000081200000|100%| O|  |TAMS 0x0000000081200000, 0x0000000081100000| Untracked 
|  18|0x0000000081200000, 0x0000000081300000, 0x0000000081300000|100%| O|  |TAMS 0x0000000081300000, 0x0000000081200000| Untracked 
|  19|0x0000000081300000, 0x0000000081400000, 0x0000000081400000|100%| O|  |TAMS 0x0000000081400000, 0x0000000081300000| Untracked 
|  20|0x0000000081400000, 0x0000000081500000, 0x0000000081500000|100%| O|  |TAMS 0x0000000081500000, 0x0000000081400000| Untracked 
|  21|0x0000000081500000, 0x0000000081600000, 0x0000000081600000|100%|HS|  |TAMS 0x0000000081600000, 0x0000000081500000| Complete 
|  22|0x0000000081600000, 0x0000000081700000, 0x0000000081700000|100%|HC|  |TAMS 0x0000000081700000, 0x0000000081600000| Complete 
|  23|0x0000000081700000, 0x0000000081800000, 0x0000000081800000|100%|HS|  |TAMS 0x0000000081800000, 0x0000000081700000| Complete 
|  24|0x0000000081800000, 0x0000000081900000, 0x0000000081900000|100%|HC|  |TAMS 0x0000000081900000, 0x0000000081800000| Complete 
|  25|0x0000000081900000, 0x0000000081a00000, 0x0000000081a00000|100%|HC|  |TAMS 0x0000000081a00000, 0x0000000081900000| Complete 
|  26|0x0000000081a00000, 0x0000000081b00000, 0x0000000081b00000|100%|HS|  |TAMS 0x0000000081b00000, 0x0000000081a00000| Complete 
|  27|0x0000000081b00000, 0x0000000081c00000, 0x0000000081c00000|100%|HC|  |TAMS 0x0000000081c00000, 0x0000000081b00000| Complete 
|  28|0x0000000081c00000, 0x0000000081d00000, 0x0000000081d00000|100%|HC|  |TAMS 0x0000000081d00000, 0x0000000081c00000| Complete 
|  29|0x0000000081d00000, 0x0000000081e00000, 0x0000000081e00000|100%|HS|  |TAMS 0x0000000081e00000, 0x0000000081d00000| Complete 
|  30|0x0000000081e00000, 0x0000000081f00000, 0x0000000081f00000|100%|HC|  |TAMS 0x0000000081f00000, 0x0000000081e00000| Complete 
|  31|0x0000000081f00000, 0x0000000082000000, 0x0000000082000000|100%| O|  |TAMS 0x0000000082000000, 0x0000000081f00000| Untracked 
|  32|0x0000000082000000, 0x0000000082100000, 0x0000000082100000|100%| O|  |TAMS 0x0000000082100000, 0x0000000082000000| Untracked 
|  33|0x0000000082100000, 0x0000000082200000, 0x0000000082200000|100%| O|  |TAMS 0x0000000082200000, 0x0000000082100000| Untracked 
|  34|0x0000000082200000, 0x0000000082300000, 0x0000000082300000|100%| O|  |TAMS 0x0000000082300000, 0x0000000082200000| Untracked 
|  35|0x0000000082300000, 0x0000000082400000, 0x0000000082400000|100%| O|  |TAMS 0x0000000082400000, 0x0000000082300000| Untracked 
|  36|0x0000000082400000, 0x0000000082500000, 0x0000000082500000|100%| O|  |TAMS 0x0000000082500000, 0x0000000082400000| Untracked 
|  37|0x0000000082500000, 0x0000000082600000, 0x0000000082600000|100%| O|  |TAMS 0x0000000082600000, 0x0000000082500000| Untracked 
|  38|0x0000000082600000, 0x0000000082700000, 0x0000000082700000|100%| O|  |TAMS 0x0000000082700000, 0x0000000082600000| Untracked 
|  39|0x0000000082700000, 0x0000000082800000, 0x0000000082800000|100%| O|  |TAMS 0x0000000082800000, 0x0000000082700000| Untracked 
|  40|0x0000000082800000, 0x0000000082900000, 0x0000000082900000|100%|HS|  |TAMS 0x0000000082900000, 0x0000000082800000| Complete 
|  41|0x0000000082900000, 0x0000000082a00000, 0x0000000082a00000|100%|HC|  |TAMS 0x0000000082a00000, 0x0000000082900000| Complete 
|  42|0x0000000082a00000, 0x0000000082b00000, 0x0000000082b00000|100%|HC|  |TAMS 0x0000000082b00000, 0x0000000082a00000| Complete 
|  43|0x0000000082b00000, 0x0000000082c00000, 0x0000000082c00000|100%|HC|  |TAMS 0x0000000082c00000, 0x0000000082b00000| Complete 
|  44|0x0000000082c00000, 0x0000000082d00000, 0x0000000082d00000|100%|HC|  |TAMS 0x0000000082d00000, 0x0000000082c00000| Complete 
|  45|0x0000000082d00000, 0x0000000082e00000, 0x0000000082e00000|100%|HC|  |TAMS 0x0000000082e00000, 0x0000000082d00000| Complete 
|  46|0x0000000082e00000, 0x0000000082f00000, 0x0000000082f00000|100%|HC|  |TAMS 0x0000000082f00000, 0x0000000082e00000| Complete 
|  47|0x0000000082f00000, 0x0000000083000000, 0x0000000083000000|100%|HC|  |TAMS 0x0000000083000000, 0x0000000082f00000| Complete 
|  48|0x0000000083000000, 0x0000000083100000, 0x0000000083100000|100%|HC|  |TAMS 0x0000000083100000, 0x0000000083000000| Complete 
|  49|0x0000000083100000, 0x0000000083200000, 0x0000000083200000|100%|HC|  |TAMS 0x0000000083200000, 0x0000000083100000| Complete 
|  50|0x0000000083200000, 0x0000000083300000, 0x0000000083300000|100%|HC|  |TAMS 0x0000000083300000, 0x0000000083200000| Complete 
|  51|0x0000000083300000, 0x0000000083400000, 0x0000000083400000|100%|HC|  |TAMS 0x0000000083400000, 0x0000000083300000| Complete 
|  52|0x0000000083400000, 0x0000000083500000, 0x0000000083500000|100%|HS|  |TAMS 0x0000000083500000, 0x0000000083400000| Complete 
|  53|0x0000000083500000, 0x0000000083600000, 0x0000000083600000|100%|HC|  |TAMS 0x0000000083600000, 0x0000000083500000| Complete 
|  54|0x0000000083600000, 0x0000000083700000, 0x0000000083700000|100%|HC|  |TAMS 0x0000000083700000, 0x0000000083600000| Complete 
|  55|0x0000000083700000, 0x0000000083800000, 0x0000000083800000|100%| O|  |TAMS 0x0000000083800000, 0x0000000083700000| Untracked 
|  56|0x0000000083800000, 0x0000000083900000, 0x0000000083900000|100%| O|  |TAMS 0x0000000083900000, 0x0000000083800000| Untracked 
|  57|0x0000000083900000, 0x0000000083a00000, 0x0000000083a00000|100%|HS|  |TAMS 0x0000000083a00000, 0x0000000083900000| Complete 
|  58|0x0000000083a00000, 0x0000000083b00000, 0x0000000083b00000|100%|HC|  |TAMS 0x0000000083b00000, 0x0000000083a00000| Complete 
|  59|0x0000000083b00000, 0x0000000083c00000, 0x0000000083c00000|100%|HC|  |TAMS 0x0000000083c00000, 0x0000000083b00000| Complete 
|  60|0x0000000083c00000, 0x0000000083d00000, 0x0000000083d00000|100%| O|  |TAMS 0x0000000083d00000, 0x0000000083c00000| Untracked 
|  61|0x0000000083d00000, 0x0000000083e00000, 0x0000000083e00000|100%| O|  |TAMS 0x0000000083e00000, 0x0000000083d00000| Untracked 
|  62|0x0000000083e00000, 0x0000000083f00000, 0x0000000083f00000|100%| O|  |TAMS 0x0000000083f00000, 0x0000000083e00000| Untracked 
|  63|0x0000000083f00000, 0x0000000084000000, 0x0000000084000000|100%| O|  |TAMS 0x0000000084000000, 0x0000000083f00000| Untracked 
|  64|0x0000000084000000, 0x0000000084100000, 0x0000000084100000|100%| O|  |TAMS 0x0000000084100000, 0x0000000084000000| Untracked 
|  65|0x0000000084100000, 0x0000000084200000, 0x0000000084200000|100%| O|  |TAMS 0x0000000084200000, 0x0000000084100000| Untracked 
|  66|0x0000000084200000, 0x0000000084300000, 0x0000000084300000|100%| O|  |TAMS 0x0000000084300000, 0x0000000084200000| Untracked 
|  67|0x0000000084300000, 0x0000000084400000, 0x0000000084400000|100%| O|  |TAMS 0x0000000084400000, 0x0000000084300000| Untracked 
|  68|0x0000000084400000, 0x0000000084500000, 0x0000000084500000|100%| O|  |TAMS 0x0000000084500000, 0x0000000084400000| Untracked 
|  69|0x0000000084500000, 0x0000000084600000, 0x0000000084600000|100%| O|  |TAMS 0x0000000084600000, 0x0000000084500000| Untracked 
|  70|0x0000000084600000, 0x0000000084700000, 0x0000000084700000|100%| O|  |TAMS 0x0000000084700000, 0x0000000084600000| Untracked 
|  71|0x0000000084700000, 0x0000000084800000, 0x0000000084800000|100%| O|  |TAMS 0x0000000084800000, 0x0000000084700000| Untracked 
|  72|0x0000000084800000, 0x0000000084900000, 0x0000000084900000|100%| O|  |TAMS 0x0000000084900000, 0x0000000084800000| Untracked 
|  73|0x0000000084900000, 0x0000000084a00000, 0x0000000084a00000|100%| O|  |TAMS 0x0000000084a00000, 0x0000000084900000| Untracked 
|  74|0x0000000084a00000, 0x0000000084b00000, 0x0000000084b00000|100%| O|  |TAMS 0x0000000084b00000, 0x0000000084a00000| Untracked 
|  75|0x0000000084b00000, 0x0000000084c00000, 0x0000000084c00000|100%|HS|  |TAMS 0x0000000084c00000, 0x0000000084b00000| Complete 
|  76|0x0000000084c00000, 0x0000000084d00000, 0x0000000084d00000|100%|HS|  |TAMS 0x0000000084d00000, 0x0000000084c00000| Complete 
|  77|0x0000000084d00000, 0x0000000084e00000, 0x0000000084e00000|100%|HS|  |TAMS 0x0000000084e00000, 0x0000000084d00000| Complete 
|  78|0x0000000084e00000, 0x0000000084f00000, 0x0000000084f00000|100%| O|  |TAMS 0x0000000084f00000, 0x0000000084e00000| Untracked 
|  79|0x0000000084f00000, 0x0000000085000000, 0x0000000085000000|100%| O|  |TAMS 0x0000000085000000, 0x0000000084f00000| Untracked 
|  80|0x0000000085000000, 0x0000000085100000, 0x0000000085100000|100%| O|  |TAMS 0x0000000085100000, 0x0000000085000000| Untracked 
|  81|0x0000000085100000, 0x0000000085200000, 0x0000000085200000|100%| O|  |TAMS 0x0000000085200000, 0x0000000085100000| Untracked 
|  82|0x0000000085200000, 0x0000000085300000, 0x0000000085300000|100%| O|  |TAMS 0x0000000085300000, 0x0000000085200000| Untracked 
|  83|0x0000000085300000, 0x0000000085300000, 0x0000000085400000|  0%| F|  |TAMS 0x0000000085300000, 0x0000000085300000| Untracked 
|  84|0x0000000085400000, 0x0000000085500000, 0x0000000085500000|100%| O|  |TAMS 0x0000000085500000, 0x0000000085400000| Untracked 
|  85|0x0000000085500000, 0x0000000085600000, 0x0000000085600000|100%| O|  |TAMS 0x0000000085600000, 0x0000000085500000| Untracked 
|  86|0x0000000085600000, 0x0000000085700000, 0x0000000085700000|100%| O|  |TAMS 0x0000000085700000, 0x0000000085600000| Untracked 
|  87|0x0000000085700000, 0x0000000085800000, 0x0000000085800000|100%| O|  |TAMS 0x0000000085800000, 0x0000000085700000| Untracked 
|  88|0x0000000085800000, 0x0000000085900000, 0x0000000085900000|100%| O|  |TAMS 0x0000000085900000, 0x0000000085800000| Untracked 
|  89|0x0000000085900000, 0x0000000085a00000, 0x0000000085a00000|100%| O|  |TAMS 0x0000000085a00000, 0x0000000085900000| Untracked 
|  90|0x0000000085a00000, 0x0000000085b00000, 0x0000000085b00000|100%| O|  |TAMS 0x0000000085ae8800, 0x0000000085a00000| Untracked 
|  91|0x0000000085b00000, 0x0000000085c00000, 0x0000000085c00000|100%| O|  |TAMS 0x0000000085b00000, 0x0000000085b00000| Untracked 
|  92|0x0000000085c00000, 0x0000000085d00000, 0x0000000085d00000|100%| O|  |TAMS 0x0000000085c00000, 0x0000000085c00000| Untracked 
|  93|0x0000000085d00000, 0x0000000085e00000, 0x0000000085e00000|100%| O|  |TAMS 0x0000000085e00000, 0x0000000085d00000| Untracked 
|  94|0x0000000085e00000, 0x0000000085f00000, 0x0000000085f00000|100%| O|  |TAMS 0x0000000085f00000, 0x0000000085e00000| Untracked 
|  95|0x0000000085f00000, 0x0000000086000000, 0x0000000086000000|100%| O|  |TAMS 0x0000000085f00000, 0x0000000085f00000| Untracked 
|  96|0x0000000086000000, 0x0000000086100000, 0x0000000086100000|100%| O|  |TAMS 0x0000000086000000, 0x0000000086000000| Untracked 
|  97|0x0000000086100000, 0x0000000086200000, 0x0000000086200000|100%| O|  |TAMS 0x0000000086100000, 0x0000000086100000| Untracked 
|  98|0x0000000086200000, 0x0000000086300000, 0x0000000086300000|100%| O|  |TAMS 0x0000000086200000, 0x0000000086200000| Untracked 
|  99|0x0000000086300000, 0x0000000086400000, 0x0000000086400000|100%|HS|  |TAMS 0x0000000086300000, 0x0000000086300000| Complete 
| 100|0x0000000086400000, 0x0000000086500000, 0x0000000086500000|100%|HC|  |TAMS 0x0000000086400000, 0x0000000086400000| Complete 
| 101|0x0000000086500000, 0x0000000086600000, 0x0000000086600000|100%|HS|  |TAMS 0x0000000086500000, 0x0000000086500000| Complete 
| 102|0x0000000086600000, 0x0000000086700000, 0x0000000086700000|100%|HC|  |TAMS 0x0000000086600000, 0x0000000086600000| Complete 
| 103|0x0000000086700000, 0x0000000086800000, 0x0000000086800000|100%|HC|  |TAMS 0x0000000086700000, 0x0000000086700000| Complete 
| 104|0x0000000086800000, 0x0000000086900000, 0x0000000086900000|100%|HS|  |TAMS 0x0000000086800000, 0x0000000086800000| Complete 
| 105|0x0000000086900000, 0x0000000086a00000, 0x0000000086a00000|100%|HC|  |TAMS 0x0000000086900000, 0x0000000086900000| Complete 
| 106|0x0000000086a00000, 0x0000000086b00000, 0x0000000086b00000|100%|HC|  |TAMS 0x0000000086a00000, 0x0000000086a00000| Complete 
| 107|0x0000000086b00000, 0x0000000086c00000, 0x0000000086c00000|100%|HS|  |TAMS 0x0000000086b00000, 0x0000000086b00000| Complete 
| 108|0x0000000086c00000, 0x0000000086d00000, 0x0000000086d00000|100%|HC|  |TAMS 0x0000000086c00000, 0x0000000086c00000| Complete 
| 109|0x0000000086d00000, 0x0000000086e00000, 0x0000000086e00000|100%|HC|  |TAMS 0x0000000086d00000, 0x0000000086d00000| Complete 
| 110|0x0000000086e00000, 0x0000000086f00000, 0x0000000086f00000|100%|HC|  |TAMS 0x0000000086e00000, 0x0000000086e00000| Complete 
| 111|0x0000000086f00000, 0x0000000087000000, 0x0000000087000000|100%|HC|  |TAMS 0x0000000086f00000, 0x0000000086f00000| Complete 
| 112|0x0000000087000000, 0x0000000087100000, 0x0000000087100000|100%|HC|  |TAMS 0x0000000087000000, 0x0000000087000000| Complete 
| 113|0x0000000087100000, 0x0000000087200000, 0x0000000087200000|100%|HC|  |TAMS 0x0000000087100000, 0x0000000087100000| Complete 
| 114|0x0000000087200000, 0x0000000087300000, 0x0000000087300000|100%|HC|  |TAMS 0x0000000087200000, 0x0000000087200000| Complete 
| 115|0x0000000087300000, 0x0000000087400000, 0x0000000087400000|100%|HC|  |TAMS 0x0000000087300000, 0x0000000087300000| Complete 
| 116|0x0000000087400000, 0x0000000087500000, 0x0000000087500000|100%|HC|  |TAMS 0x0000000087400000, 0x0000000087400000| Complete 
| 117|0x0000000087500000, 0x0000000087600000, 0x0000000087600000|100%|HC|  |TAMS 0x0000000087500000, 0x0000000087500000| Complete 
| 118|0x0000000087600000, 0x0000000087700000, 0x0000000087700000|100%|HC|  |TAMS 0x0000000087600000, 0x0000000087600000| Complete 
| 119|0x0000000087700000, 0x0000000087800000, 0x0000000087800000|100%|HS|  |TAMS 0x0000000087700000, 0x0000000087700000| Complete 
| 120|0x0000000087800000, 0x0000000087900000, 0x0000000087900000|100%|HC|  |TAMS 0x0000000087800000, 0x0000000087800000| Complete 
| 121|0x0000000087900000, 0x0000000087a00000, 0x0000000087a00000|100%| O|  |TAMS 0x0000000087900000, 0x0000000087900000| Untracked 
| 122|0x0000000087a00000, 0x0000000087b00000, 0x0000000087b00000|100%| O|  |TAMS 0x0000000087a00000, 0x0000000087a00000| Untracked 
| 123|0x0000000087b00000, 0x0000000087c00000, 0x0000000087c00000|100%| O|  |TAMS 0x0000000087b00000, 0x0000000087b00000| Untracked 
| 124|0x0000000087c00000, 0x0000000087c00000, 0x0000000087d00000|  0%| F|  |TAMS 0x0000000087c00000, 0x0000000087c00000| Untracked 
| 125|0x0000000087d00000, 0x0000000087d00000, 0x0000000087e00000|  0%| F|  |TAMS 0x0000000087d00000, 0x0000000087d00000| Untracked 
| 126|0x0000000087e00000, 0x0000000087f00000, 0x0000000087f00000|100%| S|CS|TAMS 0x0000000087e00000, 0x0000000087e00000| Complete 
| 127|0x0000000087f00000, 0x0000000088000000, 0x0000000088000000|100%| S|CS|TAMS 0x0000000087f00000, 0x0000000087f00000| Complete 
| 128|0x0000000088000000, 0x0000000088100000, 0x0000000088100000|100%| S|CS|TAMS 0x0000000088000000, 0x0000000088000000| Complete 
| 129|0x0000000088100000, 0x0000000088200000, 0x0000000088200000|100%| S|CS|TAMS 0x0000000088100000, 0x0000000088100000| Complete 
| 130|0x0000000088200000, 0x0000000088300000, 0x0000000088300000|100%| S|CS|TAMS 0x0000000088200000, 0x0000000088200000| Complete 
| 131|0x0000000088300000, 0x0000000088400000, 0x0000000088400000|100%| S|CS|TAMS 0x0000000088300000, 0x0000000088300000| Complete 
| 132|0x0000000088400000, 0x0000000088400000, 0x0000000088500000|  0%| F|  |TAMS 0x0000000088400000, 0x0000000088400000| Untracked 
| 133|0x0000000088500000, 0x0000000088500000, 0x0000000088600000|  0%| F|  |TAMS 0x0000000088500000, 0x0000000088500000| Untracked 
| 134|0x0000000088600000, 0x0000000088600000, 0x0000000088700000|  0%| F|  |TAMS 0x0000000088600000, 0x0000000088600000| Untracked 
| 135|0x0000000088700000, 0x0000000088700000, 0x0000000088800000|  0%| F|  |TAMS 0x0000000088700000, 0x0000000088700000| Untracked 
| 136|0x0000000088800000, 0x0000000088800000, 0x0000000088900000|  0%| F|  |TAMS 0x0000000088800000, 0x0000000088800000| Untracked 
| 137|0x0000000088900000, 0x0000000088900000, 0x0000000088a00000|  0%| F|  |TAMS 0x0000000088900000, 0x0000000088900000| Untracked 
| 138|0x0000000088a00000, 0x0000000088a00000, 0x0000000088b00000|  0%| F|  |TAMS 0x0000000088a00000, 0x0000000088a00000| Untracked 
| 139|0x0000000088b00000, 0x0000000088b00000, 0x0000000088c00000|  0%| F|  |TAMS 0x0000000088b00000, 0x0000000088b00000| Untracked 
| 140|0x0000000088c00000, 0x0000000088c00000, 0x0000000088d00000|  0%| F|  |TAMS 0x0000000088c00000, 0x0000000088c00000| Untracked 
| 141|0x0000000088d00000, 0x0000000088d00000, 0x0000000088e00000|  0%| F|  |TAMS 0x0000000088d00000, 0x0000000088d00000| Untracked 
| 142|0x0000000088e00000, 0x0000000088e00000, 0x0000000088f00000|  0%| F|  |TAMS 0x0000000088e00000, 0x0000000088e00000| Untracked 
| 143|0x0000000088f00000, 0x0000000088f00000, 0x0000000089000000|  0%| F|  |TAMS 0x0000000088f00000, 0x0000000088f00000| Untracked 
| 144|0x0000000089000000, 0x0000000089000000, 0x0000000089100000|  0%| F|  |TAMS 0x0000000089000000, 0x0000000089000000| Untracked 
| 145|0x0000000089100000, 0x0000000089100000, 0x0000000089200000|  0%| F|  |TAMS 0x0000000089100000, 0x0000000089100000| Untracked 
| 146|0x0000000089200000, 0x0000000089200000, 0x0000000089300000|  0%| F|  |TAMS 0x0000000089200000, 0x0000000089200000| Untracked 
| 147|0x0000000089300000, 0x0000000089300000, 0x0000000089400000|  0%| F|  |TAMS 0x0000000089300000, 0x0000000089300000| Untracked 
| 148|0x0000000089400000, 0x0000000089400000, 0x0000000089500000|  0%| F|  |TAMS 0x0000000089400000, 0x0000000089400000| Untracked 
| 149|0x0000000089500000, 0x0000000089500000, 0x0000000089600000|  0%| F|  |TAMS 0x0000000089500000, 0x0000000089500000| Untracked 
| 150|0x0000000089600000, 0x0000000089600000, 0x0000000089700000|  0%| F|  |TAMS 0x0000000089600000, 0x0000000089600000| Untracked 
| 151|0x0000000089700000, 0x0000000089700000, 0x0000000089800000|  0%| F|  |TAMS 0x0000000089700000, 0x0000000089700000| Untracked 
| 152|0x0000000089800000, 0x0000000089800000, 0x0000000089900000|  0%| F|  |TAMS 0x0000000089800000, 0x0000000089800000| Untracked 
| 153|0x0000000089900000, 0x0000000089900000, 0x0000000089a00000|  0%| F|  |TAMS 0x0000000089900000, 0x0000000089900000| Untracked 
| 154|0x0000000089a00000, 0x0000000089a00000, 0x0000000089b00000|  0%| F|  |TAMS 0x0000000089a00000, 0x0000000089a00000| Untracked 
| 155|0x0000000089b00000, 0x0000000089b00000, 0x0000000089c00000|  0%| F|  |TAMS 0x0000000089b00000, 0x0000000089b00000| Untracked 
| 156|0x0000000089c00000, 0x0000000089c00000, 0x0000000089d00000|  0%| F|  |TAMS 0x0000000089c00000, 0x0000000089c00000| Untracked 
| 157|0x0000000089d00000, 0x0000000089d00000, 0x0000000089e00000|  0%| F|  |TAMS 0x0000000089d00000, 0x0000000089d00000| Untracked 
| 158|0x0000000089e00000, 0x0000000089e00000, 0x0000000089f00000|  0%| F|  |TAMS 0x0000000089e00000, 0x0000000089e00000| Untracked 
| 159|0x0000000089f00000, 0x0000000089f00000, 0x000000008a000000|  0%| F|  |TAMS 0x0000000089f00000, 0x0000000089f00000| Untracked 
| 160|0x000000008a000000, 0x000000008a000000, 0x000000008a100000|  0%| F|  |TAMS 0x000000008a000000, 0x000000008a000000| Untracked 
| 161|0x000000008a100000, 0x000000008a100000, 0x000000008a200000|  0%| F|  |TAMS 0x000000008a100000, 0x000000008a100000| Untracked 
| 162|0x000000008a200000, 0x000000008a200000, 0x000000008a300000|  0%| F|  |TAMS 0x000000008a200000, 0x000000008a200000| Untracked 
| 163|0x000000008a300000, 0x000000008a300000, 0x000000008a400000|  0%| F|  |TAMS 0x000000008a300000, 0x000000008a300000| Untracked 
| 164|0x000000008a400000, 0x000000008a400000, 0x000000008a500000|  0%| F|  |TAMS 0x000000008a400000, 0x000000008a400000| Untracked 
| 165|0x000000008a500000, 0x000000008a500000, 0x000000008a600000|  0%| F|  |TAMS 0x000000008a500000, 0x000000008a500000| Untracked 
| 166|0x000000008a600000, 0x000000008a600000, 0x000000008a700000|  0%| F|  |TAMS 0x000000008a600000, 0x000000008a600000| Untracked 
| 167|0x000000008a700000, 0x000000008a700000, 0x000000008a800000|  0%| F|  |TAMS 0x000000008a700000, 0x000000008a700000| Untracked 
| 168|0x000000008a800000, 0x000000008a800000, 0x000000008a900000|  0%| F|  |TAMS 0x000000008a800000, 0x000000008a800000| Untracked 
| 169|0x000000008a900000, 0x000000008a900000, 0x000000008aa00000|  0%| F|  |TAMS 0x000000008a900000, 0x000000008a900000| Untracked 
| 170|0x000000008aa00000, 0x000000008aa00000, 0x000000008ab00000|  0%| F|  |TAMS 0x000000008aa00000, 0x000000008aa00000| Untracked 
| 171|0x000000008ab00000, 0x000000008ab00000, 0x000000008ac00000|  0%| F|  |TAMS 0x000000008ab00000, 0x000000008ab00000| Untracked 
| 172|0x000000008ac00000, 0x000000008ac00000, 0x000000008ad00000|  0%| F|  |TAMS 0x000000008ac00000, 0x000000008ac00000| Untracked 
| 173|0x000000008ad00000, 0x000000008ad00000, 0x000000008ae00000|  0%| F|  |TAMS 0x000000008ad00000, 0x000000008ad00000| Untracked 
| 174|0x000000008ae00000, 0x000000008ae00000, 0x000000008af00000|  0%| F|  |TAMS 0x000000008ae00000, 0x000000008ae00000| Untracked 
| 175|0x000000008af00000, 0x000000008af00000, 0x000000008b000000|  0%| F|  |TAMS 0x000000008af00000, 0x000000008af00000| Untracked 
| 176|0x000000008b000000, 0x000000008b000000, 0x000000008b100000|  0%| F|  |TAMS 0x000000008b000000, 0x000000008b000000| Untracked 
| 177|0x000000008b100000, 0x000000008b100000, 0x000000008b200000|  0%| F|  |TAMS 0x000000008b100000, 0x000000008b100000| Untracked 
| 178|0x000000008b200000, 0x000000008b200000, 0x000000008b300000|  0%| F|  |TAMS 0x000000008b200000, 0x000000008b200000| Untracked 
| 179|0x000000008b300000, 0x000000008b300000, 0x000000008b400000|  0%| F|  |TAMS 0x000000008b300000, 0x000000008b300000| Untracked 

Card table byte_map: [0x0000021176e40000,0x0000021177240000] _byte_map_base: 0x0000021176a40000

Marking Bits (Prev, Next): (CMBitMap*) 0x00000211642ab2d0, (CMBitMap*) 0x00000211642ab290
 Prev Bits: [0x0000021179640000, 0x000002117b640000)
 Next Bits: [0x0000021177640000, 0x0000021179640000)

Polling page: 0x0000021163a10000

Metaspace:

Usage:
  Non-class:     73.70 MB used.
      Class:     11.44 MB used.
       Both:     85.14 MB used.

Virtual space:
  Non-class space:       80.00 MB reserved,      74.06 MB ( 93%) committed,  10 nodes.
      Class space:        1.00 GB reserved,      11.69 MB (  1%) committed,  1 nodes.
             Both:        1.08 GB reserved,      85.75 MB (  8%) committed. 

Chunk freelists:
   Non-Class:  1.91 MB
       Class:  272.00 KB
        Both:  2.17 MB

MaxMetaspaceSize: unlimited
CompressedClassSpaceSize: 1.00 GB
Initial GC threshold: 21.00 MB
Current GC threshold: 125.00 MB
CDS: off
MetaspaceReclaimPolicy: balanced
 - commit_granule_bytes: 65536.
 - commit_granule_words: 8192.
 - virtual_space_node_default_size: 1048576.
 - enlarge_chunks_in_place: 1.
 - new_chunks_are_fully_committed: 0.
 - uncommit_free_chunks: 1.
 - use_allocation_guard: 0.
 - handle_deallocations: 1.


Internal statistics:

num_allocs_failed_limit: 8.
num_arena_births: 802.
num_arena_deaths: 6.
num_vsnodes_births: 11.
num_vsnodes_deaths: 0.
num_space_committed: 1371.
num_space_uncommitted: 0.
num_chunks_returned_to_freelist: 17.
num_chunks_taken_from_freelist: 3920.
num_chunk_merges: 8.
num_chunk_splits: 2639.
num_chunks_enlarged: 1813.
num_purges: 4.
num_inconsistent_stats: 0.

CodeHeap 'non-profiled nmethods': size=120000Kb used=5269Kb max_used=5269Kb free=114730Kb
 bounds [0x000002116f1e0000, 0x000002116f710000, 0x0000021176710000]
CodeHeap 'profiled nmethods': size=120000Kb used=16887Kb max_used=16887Kb free=103113Kb
 bounds [0x0000021167710000, 0x0000021168790000, 0x000002116ec40000]
CodeHeap 'non-nmethods': size=5760Kb used=2379Kb max_used=2494Kb free=3380Kb
 bounds [0x000002116ec40000, 0x000002116eed0000, 0x000002116f1e0000]
 total_blobs=9394 nmethods=8483 adapters=823
 compilation: enabled
              stopped_count=0, restarted_count=0
 full_count=0

Compilation events (20 events):
Event: 12.225 Thread 0x000002117ec3d8c0 9255       3       jdk.internal.org.objectweb.asm.Frame::getAbstractTypeFromDescriptor (415 bytes)
Event: 12.226 Thread 0x000002117ec3d8c0 nmethod 9255 0x0000021168783510 code [0x00000211687838c0, 0x00000211687854d8]
Event: 12.229 Thread 0x000002117ec3d8c0 9256       3       groovyjarjarasm.asm.Attribute::computeAttributesSize (62 bytes)
Event: 12.229 Thread 0x000002117ec3d8c0 nmethod 9256 0x0000021168785e10 code [0x0000021168785fe0, 0x0000021168786308]
Event: 12.229 Thread 0x000002117ec3d8c0 9257       3       groovyjarjarasm.asm.AnnotationWriter::computeAnnotationsSize (66 bytes)
Event: 12.230 Thread 0x000002117ec3d8c0 nmethod 9257 0x0000021168786490 code [0x0000021168786660, 0x0000021168786998]
Event: 12.230 Thread 0x000002117ec3d8c0 9258       3       groovyjarjarasm.asm.Attribute::putAttributes (78 bytes)
Event: 12.230 Thread 0x000002117ec3d8c0 nmethod 9258 0x0000021168786b90 code [0x0000021168786de0, 0x0000021168787318]
Event: 12.240 Thread 0x000002117ec3d8c0 9259       3       com.google.common.collect.ImmutableSet::construct (93 bytes)
Event: 12.241 Thread 0x000002117ec3d8c0 nmethod 9259 0x0000021168787610 code [0x00000211687878a0, 0x0000021168788628]
Event: 12.241 Thread 0x000002117ec3d8c0 9260       3       org.gradle.api.internal.project.taskfactory.DefaultTaskClassInfoStore::createTaskAction (187 bytes)
Event: 12.243 Thread 0x000002117ec3d8c0 nmethod 9260 0x0000021168788b90 code [0x0000021168789140, 0x000002116878c4a8]
Event: 12.244 Thread 0x0000021102c95b20 nmethod 9232 0x000002116f6ef910 code [0x000002116f6efb80, 0x000002116f6f1bb0]
Event: 12.245 Thread 0x0000021102c95b20 9252       4       java.util.AbstractSequentialList::iterator (5 bytes)
Event: 12.248 Thread 0x0000021102c95b20 nmethod 9252 0x000002116f6f2890 code [0x000002116f6f2a20, 0x000002116f6f2c78]
Event: 12.248 Thread 0x0000021102c95b20 9249       4       com.sun.beans.TypeResolver::resolve (37 bytes)
Event: 12.255 Thread 0x000002117ec3d8c0 9261       3       java.lang.Thread::checkAccess (14 bytes)
Event: 12.256 Thread 0x000002117ec3d8c0 nmethod 9261 0x000002116878d410 code [0x000002116878d5e0, 0x000002116878da68]
Event: 12.263 Thread 0x000002117ef96ec0 nmethod 8679 0x000002116f6f2e90 code [0x000002116f6f3960, 0x000002116f700148]
Event: 12.265 Thread 0x000002117ef96ec0 9251       4       java.beans.Introspector::addMethod (196 bytes)

GC Heap History (20 events):
Event: 8.220 GC heap after
{Heap after GC invocations=26 (full 0):
 garbage-first heap   total 153600K, used 79245K [0x0000000080000000, 0x0000000100000000)
  region size 1024K, 4 young (4096K), 4 survivors (4096K)
 Metaspace       used 59988K, committed 60544K, reserved 1105920K
  class space    used 8028K, committed 8256K, reserved 1048576K
}
Event: 8.371 GC heap before
{Heap before GC invocations=27 (full 0):
 garbage-first heap   total 153600K, used 91533K [0x0000000080000000, 0x0000000100000000)
  region size 1024K, 17 young (17408K), 4 survivors (4096K)
 Metaspace       used 60098K, committed 60672K, reserved 1105920K
  class space    used 8030K, committed 8256K, reserved 1048576K
}
Event: 8.377 GC heap after
{Heap after GC invocations=28 (full 0):
 garbage-first heap   total 153600K, used 80647K [0x0000000080000000, 0x0000000100000000)
  region size 1024K, 5 young (5120K), 5 survivors (5120K)
 Metaspace       used 60098K, committed 60672K, reserved 1105920K
  class space    used 8030K, committed 8256K, reserved 1048576K
}
Event: 9.056 GC heap before
{Heap before GC invocations=29 (full 0):
 garbage-first heap   total 153600K, used 125703K [0x0000000080000000, 0x0000000100000000)
  region size 1024K, 46 young (47104K), 5 survivors (5120K)
 Metaspace       used 65246K, committed 65856K, reserved 1105920K
  class space    used 8708K, committed 8960K, reserved 1048576K
}
Event: 9.062 GC heap after
{Heap after GC invocations=30 (full 0):
 garbage-first heap   total 153600K, used 88850K [0x0000000080000000, 0x0000000100000000)
  region size 1024K, 6 young (6144K), 6 survivors (6144K)
 Metaspace       used 65246K, committed 65856K, reserved 1105920K
  class space    used 8708K, committed 8960K, reserved 1048576K
}
Event: 9.077 GC heap before
{Heap before GC invocations=30 (full 0):
 garbage-first heap   total 153600K, used 89874K [0x0000000080000000, 0x0000000100000000)
  region size 1024K, 7 young (7168K), 6 survivors (6144K)
 Metaspace       used 65499K, committed 66112K, reserved 1114112K
  class space    used 8733K, committed 8960K, reserved 1048576K
}
Event: 9.081 GC heap after
{Heap after GC invocations=31 (full 0):
 garbage-first heap   total 153600K, used 89285K [0x0000000080000000, 0x0000000100000000)
  region size 1024K, 1 young (1024K), 1 survivors (1024K)
 Metaspace       used 65499K, committed 66112K, reserved 1114112K
  class space    used 8733K, committed 8960K, reserved 1048576K
}
Event: 9.859 GC heap before
{Heap before GC invocations=31 (full 0):
 garbage-first heap   total 153600K, used 123077K [0x0000000080000000, 0x0000000100000000)
  region size 1024K, 35 young (35840K), 1 survivors (1024K)
 Metaspace       used 71899K, committed 72576K, reserved 1114112K
  class space    used 9534K, committed 9792K, reserved 1048576K
}
Event: 9.863 GC heap after
{Heap after GC invocations=32 (full 0):
 garbage-first heap   total 153600K, used 91729K [0x0000000080000000, 0x0000000100000000)
  region size 1024K, 3 young (3072K), 3 survivors (3072K)
 Metaspace       used 71899K, committed 72576K, reserved 1114112K
  class space    used 9534K, committed 9792K, reserved 1048576K
}
Event: 10.303 GC heap before
{Heap before GC invocations=33 (full 0):
 garbage-first heap   total 184320K, used 132689K [0x0000000080000000, 0x0000000100000000)
  region size 1024K, 37 young (37888K), 3 survivors (3072K)
 Metaspace       used 74104K, committed 74752K, reserved 1114112K
  class space    used 9832K, committed 10112K, reserved 1048576K
}
Event: 10.309 GC heap after
{Heap after GC invocations=34 (full 0):
 garbage-first heap   total 184320K, used 94881K [0x0000000080000000, 0x0000000100000000)
  region size 1024K, 4 young (4096K), 4 survivors (4096K)
 Metaspace       used 74104K, committed 74752K, reserved 1114112K
  class space    used 9832K, committed 10112K, reserved 1048576K
}
Event: 10.383 GC heap before
{Heap before GC invocations=34 (full 0):
 garbage-first heap   total 184320K, used 100001K [0x0000000080000000, 0x0000000100000000)
  region size 1024K, 9 young (9216K), 4 survivors (4096K)
 Metaspace       used 74510K, committed 75072K, reserved 1114112K
  class space    used 9882K, committed 10112K, reserved 1048576K
}
Event: 10.389 GC heap after
{Heap after GC invocations=35 (full 0):
 garbage-first heap   total 184320K, used 94735K [0x0000000080000000, 0x0000000100000000)
  region size 1024K, 1 young (1024K), 1 survivors (1024K)
 Metaspace       used 74510K, committed 75072K, reserved 1114112K
  class space    used 9882K, committed 10112K, reserved 1048576K
}
Event: 10.786 GC heap before
{Heap before GC invocations=35 (full 0):
 garbage-first heap   total 184320K, used 139791K [0x0000000080000000, 0x0000000100000000)
  region size 1024K, 45 young (46080K), 1 survivors (1024K)
 Metaspace       used 75971K, committed 76608K, reserved 1122304K
  class space    used 10083K, committed 10368K, reserved 1048576K
}
Event: 10.790 GC heap after
{Heap after GC invocations=36 (full 0):
 garbage-first heap   total 184320K, used 97885K [0x0000000080000000, 0x0000000100000000)
  region size 1024K, 4 young (4096K), 4 survivors (4096K)
 Metaspace       used 75971K, committed 76608K, reserved 1122304K
  class space    used 10083K, committed 10368K, reserved 1048576K
}
Event: 11.445 GC heap before
{Heap before GC invocations=37 (full 0):
 garbage-first heap   total 184320K, used 148061K [0x0000000080000000, 0x0000000100000000)
  region size 1024K, 52 young (53248K), 4 survivors (4096K)
 Metaspace       used 81892K, committed 82560K, reserved 1122304K
  class space    used 11071K, committed 11328K, reserved 1048576K
}
Event: 11.451 GC heap after
{Heap after GC invocations=38 (full 0):
 garbage-first heap   total 184320K, used 100635K [0x0000000080000000, 0x0000000100000000)
  region size 1024K, 6 young (6144K), 6 survivors (6144K)
 Metaspace       used 81892K, committed 82560K, reserved 1122304K
  class space    used 11071K, committed 11328K, reserved 1048576K
}
Event: 11.487 GC heap before
{Heap before GC invocations=38 (full 0):
 garbage-first heap   total 184320K, used 103707K [0x0000000080000000, 0x0000000100000000)
  region size 1024K, 9 young (9216K), 6 survivors (6144K)
 Metaspace       used 82183K, committed 82816K, reserved 1122304K
  class space    used 11108K, committed 11392K, reserved 1048576K
}
Event: 11.492 GC heap after
{Heap after GC invocations=39 (full 0):
 garbage-first heap   total 184320K, used 101212K [0x0000000080000000, 0x0000000100000000)
  region size 1024K, 1 young (1024K), 1 survivors (1024K)
 Metaspace       used 82183K, committed 82816K, reserved 1122304K
  class space    used 11108K, committed 11392K, reserved 1048576K
}
Event: 12.270 GC heap before
{Heap before GC invocations=39 (full 0):
 garbage-first heap   total 184320K, used 171868K [0x0000000080000000, 0x0000000100000000)
  region size 1024K, 48 young (49152K), 1 survivors (1024K)
 Metaspace       used 87186K, committed 87808K, reserved 1130496K
  class space    used 11717K, committed 11968K, reserved 1048576K
}

Dll operation events (2 events):
Event: 0.010 Loaded shared library C:\Users\vijay\AppData\Local\Programs\Android Studio 2\jbr\bin\java.dll
Event: 0.445 Loaded shared library C:\Users\vijay\AppData\Local\Programs\Android Studio 2\jbr\bin\verify.dll

Deoptimization events (20 events):
Event: 11.947 Thread 0x0000021101f56390 Uncommon trap: trap_request=0xffffff45 fr.pc=0x000002116f3733b0 relative=0x00000000000007f0
Event: 11.947 Thread 0x0000021101f56390 Uncommon trap: reason=unstable_if action=reinterpret pc=0x000002116f3733b0 method=java.lang.Integer.stringSize(I)I @ 3 c2
Event: 11.947 Thread 0x0000021101f56390 DEOPT PACKING pc=0x000002116f3733b0 sp=0x000000e2864fc8a0
Event: 11.947 Thread 0x0000021101f56390 DEOPT UNPACKING pc=0x000002116ec969a3 sp=0x000000e2864fc7f0 mode 2
Event: 11.975 Thread 0x0000021101f56390 Uncommon trap: trap_request=0xffffff45 fr.pc=0x000002116f3e4bf8 relative=0x0000000000000a98
Event: 11.975 Thread 0x0000021101f56390 Uncommon trap: reason=unstable_if action=reinterpret pc=0x000002116f3e4bf8 method=jdk.internal.org.objectweb.asm.Frame.getAbstractTypeFromDescriptor(Ljdk/internal/org/objectweb/asm/SymbolTable;Ljava/lang/String;I)I @ 189 c2
Event: 11.975 Thread 0x0000021101f56390 DEOPT PACKING pc=0x000002116f3e4bf8 sp=0x000000e2864fbef0
Event: 11.975 Thread 0x0000021101f56390 DEOPT UNPACKING pc=0x000002116ec969a3 sp=0x000000e2864fbeb0 mode 2
Event: 12.219 Thread 0x0000021101f56390 Uncommon trap: trap_request=0xffffff45 fr.pc=0x000002116f64d4ac relative=0x000000000000034c
Event: 12.219 Thread 0x0000021101f56390 Uncommon trap: reason=unstable_if action=reinterpret pc=0x000002116f64d4ac method=groovy.lang.MetaClassImpl.filterPropertyMethod(Ljava/lang/Object;ZZ)Ljava/lang/Object; @ 153 c2
Event: 12.219 Thread 0x0000021101f56390 DEOPT PACKING pc=0x000002116f64d4ac sp=0x000000e2864f77f0
Event: 12.219 Thread 0x0000021101f56390 DEOPT UNPACKING pc=0x000002116ec969a3 sp=0x000000e2864f77e0 mode 2
Event: 12.259 Thread 0x0000021101e22c30 Uncommon trap: trap_request=0xffffff45 fr.pc=0x000002116f394d30 relative=0x0000000000000670
Event: 12.259 Thread 0x0000021101e22c30 Uncommon trap: reason=unstable_if action=reinterpret pc=0x000002116f394d30 method=java.util.HashMap$HashIterator.<init>(Ljava/util/HashMap;)V @ 45 c2
Event: 12.259 Thread 0x0000021101e22c30 DEOPT PACKING pc=0x000002116f394d30 sp=0x000000e28d7fed60
Event: 12.259 Thread 0x0000021101e22c30 DEOPT UNPACKING pc=0x000002116ec969a3 sp=0x000000e28d7febe8 mode 2
Event: 12.259 Thread 0x0000021101e24440 Uncommon trap: trap_request=0xffffff45 fr.pc=0x000002116f56a0a8 relative=0x0000000000000388
Event: 12.259 Thread 0x0000021101e24440 Uncommon trap: reason=unstable_if action=reinterpret pc=0x000002116f56a0a8 method=java.util.HashMap$HashIterator.<init>(Ljava/util/HashMap;)V @ 45 c2
Event: 12.259 Thread 0x0000021101e24440 DEOPT PACKING pc=0x000002116f56a0a8 sp=0x000000e28d9fedf0
Event: 12.259 Thread 0x0000021101e24440 DEOPT UNPACKING pc=0x000002116ec969a3 sp=0x000000e28d9feda8 mode 2

Classes unloaded (8 events):
Event: 8.274 Thread 0x000002117e090850 Unloading class 0x0000000100761410 '_BuildScript_$_run_closure1$_closure2'
Event: 8.274 Thread 0x000002117e090850 Unloading class 0x0000000100761000 '_BuildScript_$_run_closure1'
Event: 8.274 Thread 0x000002117e090850 Unloading class 0x0000000100760800 '_BuildScript_'
Event: 8.274 Thread 0x000002117e090850 Unloading class 0x000000010074c968 '_BuildScript_$_run_closure1$_closure2'
Event: 8.275 Thread 0x000002117e090850 Unloading class 0x000000010074c558 '_BuildScript_$_run_closure1'
Event: 8.275 Thread 0x000002117e090850 Unloading class 0x000000010074c000 '_BuildScript_'
Event: 9.922 Thread 0x000002117e090850 Unloading class 0x0000000100761000 '_BuildScript_$_run_closure1'
Event: 9.922 Thread 0x000002117e090850 Unloading class 0x0000000100760800 '_BuildScript_'

Classes redefined (0 events):
No events

Internal exceptions (20 events):
Event: 11.899 Thread 0x0000021101f56390 Implicit null exception at 0x000002116f2fa20f to 0x000002116f2fa8a8
Event: 12.103 Thread 0x000002117ef8a720 Exception <a 'java/lang/NoSuchMethodError'{0x0000000088e88c40}: static Lorg/gradle/tooling/internal/provider/PhasedBuildActionResult;.<clinit>()V> (0x0000000088e88c40) 
thrown [s\src\hotspot\share\prims\jni.cpp, line 1108]
Event: 12.103 Thread 0x000002117ef8a720 Exception <a 'java/lang/NoSuchMethodError'{0x0000000088e922b8}: static Lorg/gradle/tooling/internal/provider/serialization/SerializedPayload;.<clinit>()V> (0x0000000088e922b8) 
thrown [s\src\hotspot\share\prims\jni.cpp, line 1108]
Event: 12.105 Thread 0x000002117ef8a720 Exception <a 'java/lang/NoSuchMethodError'{0x0000000088e98fa0}: static [B.<clinit>()V> (0x0000000088e98fa0) 
thrown [s\src\hotspot\share\prims\jni.cpp, line 1108]
Event: 12.202 Thread 0x0000021101f56390 Exception <a 'java/lang/ClassNotFoundException'{0x000000008897f550}: com/google/common/collect/SingletonImmutableListBeanInfo> (0x000000008897f550) 
thrown [s\src\hotspot\share\classfile\systemDictionary.cpp, line 256]
Event: 12.202 Thread 0x0000021101f56390 Exception <a 'java/lang/ClassNotFoundException'{0x0000000088989d78}: com/google/common/collect/ImmutableListBeanInfo> (0x0000000088989d78) 
thrown [s\src\hotspot\share\classfile\systemDictionary.cpp, line 256]
Event: 12.203 Thread 0x0000021101f56390 Exception <a 'java/lang/ClassNotFoundException'{0x0000000088994398}: com/google/common/collect/ImmutableCollectionBeanInfo> (0x0000000088994398) 
thrown [s\src\hotspot\share\classfile\systemDictionary.cpp, line 256]
Event: 12.203 Thread 0x0000021101f56390 Exception <a 'java/lang/ClassNotFoundException'{0x000000008899e9d0}: com/google/common/collect/ImmutableCollectionCustomizer> (0x000000008899e9d0) 
thrown [s\src\hotspot\share\classfile\systemDictionary.cpp, line 256]
Event: 12.205 Thread 0x0000021101f56390 Exception <a 'java/lang/ClassNotFoundException'{0x00000000889b8298}: com/google/common/collect/ImmutableListCustomizer> (0x00000000889b8298) 
thrown [s\src\hotspot\share\classfile\systemDictionary.cpp, line 256]
Event: 12.206 Thread 0x0000021101f56390 Exception <a 'java/lang/ClassNotFoundException'{0x00000000889f7cf0}: com/google/common/collect/SingletonImmutableListCustomizer> (0x00000000889f7cf0) 
thrown [s\src\hotspot\share\classfile\systemDictionary.cpp, line 256]
Event: 12.211 Thread 0x0000021101f56390 Exception <a 'java/lang/ClassNotFoundException'{0x000000008885ac18}: org/gradle/api/DefaultTask_DecoratedBeanInfo> (0x000000008885ac18) 
thrown [s\src\hotspot\share\classfile\systemDictionary.cpp, line 256]
Event: 12.212 Thread 0x0000021101f56390 Exception <a 'java/lang/ClassNotFoundException'{0x0000000088864de0}: org/gradle/api/DefaultTaskBeanInfo> (0x0000000088864de0) 
thrown [s\src\hotspot\share\classfile\systemDictionary.cpp, line 256]
Event: 12.212 Thread 0x0000021101f56390 Exception <a 'java/lang/ClassNotFoundException'{0x00000000888701d0}: org/gradle/api/internal/AbstractTaskBeanInfo> (0x00000000888701d0) 
thrown [s\src\hotspot\share\classfile\systemDictionary.cpp, line 256]
Event: 12.213 Thread 0x0000021101f56390 Exception <a 'java/lang/ClassNotFoundException'{0x000000008887aaf0}: org/gradle/api/internal/AbstractTaskCustomizer> (0x000000008887aaf0) 
thrown [s\src\hotspot\share\classfile\systemDictionary.cpp, line 256]
Event: 12.216 Thread 0x0000021101f56390 Exception <a 'java/lang/ClassNotFoundException'{0x00000000888d65d0}: org/gradle/api/DefaultTaskCustomizer> (0x00000000888d65d0) 
thrown [s\src\hotspot\share\classfile\systemDictionary.cpp, line 256]
Event: 12.218 Thread 0x0000021101f56390 Exception <a 'java/lang/ClassNotFoundException'{0x000000008873d3a0}: org/gradle/api/DefaultTask_DecoratedCustomizer> (0x000000008873d3a0) 
thrown [s\src\hotspot\share\classfile\systemDictionary.cpp, line 256]
Event: 12.222 Thread 0x0000021101f56390 Exception <a 'java/lang/ClassNotFoundException'{0x00000000887834c0}: org/gradle/api/tasks/testing/AbstractTestTaskBeanInfo> (0x00000000887834c0) 
thrown [s\src\hotspot\share\classfile\systemDictionary.cpp, line 256]
Event: 12.222 Thread 0x0000021101f56390 Exception <a 'java/lang/ClassNotFoundException'{0x000000008878d8c0}: org/gradle/api/internal/ConventionTaskBeanInfo> (0x000000008878d8c0) 
thrown [s\src\hotspot\share\classfile\systemDictionary.cpp, line 256]
Event: 12.222 Thread 0x0000021101f56390 Exception <a 'java/lang/ClassNotFoundException'{0x0000000088797cd0}: org/gradle/api/internal/ConventionTaskCustomizer> (0x0000000088797cd0) 
thrown [s\src\hotspot\share\classfile\systemDictionary.cpp, line 256]
Event: 12.224 Thread 0x0000021101f56390 Exception <a 'java/lang/ClassNotFoundException'{0x00000000887b3cc8}: org/gradle/api/tasks/testing/AbstractTestTaskCustomizer> (0x00000000887b3cc8) 
thrown [s\src\hotspot\share\classfile\systemDictionary.cpp, line 256]

VM Operations (20 events):
Event: 10.726 Executing VM operation: ICBufferFull done
Event: 10.786 Executing VM operation: G1CollectForAllocation
Event: 10.790 Executing VM operation: G1CollectForAllocation done
Event: 10.843 Executing VM operation: HandshakeAllThreads
Event: 10.843 Executing VM operation: HandshakeAllThreads done
Event: 10.850 Executing VM operation: G1Concurrent
Event: 10.854 Executing VM operation: G1Concurrent done
Event: 10.875 Executing VM operation: G1Concurrent
Event: 10.875 Executing VM operation: G1Concurrent done
Event: 11.445 Executing VM operation: G1CollectForAllocation
Event: 11.451 Executing VM operation: G1CollectForAllocation done
Event: 11.487 Executing VM operation: G1CollectForAllocation
Event: 11.492 Executing VM operation: G1CollectForAllocation done
Event: 11.899 Executing VM operation: ICBufferFull
Event: 11.900 Executing VM operation: ICBufferFull done
Event: 12.181 Executing VM operation: HandshakeAllThreads
Event: 12.181 Executing VM operation: HandshakeAllThreads done
Event: 12.184 Executing VM operation: HandshakeAllThreads
Event: 12.185 Executing VM operation: HandshakeAllThreads done
Event: 12.270 Executing VM operation: G1CollectForAllocation

Events (20 events):
Event: 12.097 loading class java/util/function/ToIntBiFunction
Event: 12.097 loading class java/util/function/ToIntBiFunction done
Event: 12.097 loading class java/util/function/IntBinaryOperator
Event: 12.097 loading class java/util/function/IntBinaryOperator done
Event: 12.097 loading class java/io/ObjectOutputStream$PutFieldImpl
Event: 12.098 loading class java/io/ObjectOutputStream$PutField
Event: 12.098 loading class java/io/ObjectOutputStream$PutField done
Event: 12.098 loading class java/io/ObjectOutputStream$PutFieldImpl done
Event: 12.170 loading class java/util/concurrent/LinkedBlockingDeque$Itr
Event: 12.171 loading class java/util/concurrent/LinkedBlockingDeque$AbstractItr
Event: 12.171 loading class java/util/concurrent/LinkedBlockingDeque$AbstractItr done
Event: 12.171 loading class java/util/concurrent/LinkedBlockingDeque$Itr done
Event: 12.247 Thread 0x0000021101e200e0 Thread added: 0x0000021101e200e0
Event: 12.255 Thread 0x0000021101e23aa0 Thread added: 0x0000021101e23aa0
Event: 12.255 Thread 0x0000021101e22290 Thread added: 0x0000021101e22290
Event: 12.255 Thread 0x0000021101e218f0 Thread added: 0x0000021101e218f0
Event: 12.255 Thread 0x0000021101e22c30 Thread added: 0x0000021101e22c30
Event: 12.255 Thread 0x0000021101e23100 Thread added: 0x0000021101e23100
Event: 12.255 Thread 0x0000021101e24440 Thread added: 0x0000021101e24440
Event: 12.256 Thread 0x0000021101e235d0 Thread added: 0x0000021101e235d0


Dynamic libraries:
0x00007ff6f5bb0000 - 0x00007ff6f5bba000 	C:\Users\vijay\AppData\Local\Programs\Android Studio 2\jbr\bin\java.exe
0x00007ffa69850000 - 0x00007ffa69a67000 	C:\WINDOWS\SYSTEM32\ntdll.dll
0x00007ffa69460000 - 0x00007ffa69524000 	C:\WINDOWS\System32\KERNEL32.DLL
0x00007ffa66d20000 - 0x00007ffa670c7000 	C:\WINDOWS\System32\KERNELBASE.dll
0x00007ffa67300000 - 0x00007ffa67411000 	C:\WINDOWS\System32\ucrtbase.dll
0x00007ffa58270000 - 0x00007ffa58287000 	C:\Users\vijay\AppData\Local\Programs\Android Studio 2\jbr\bin\jli.dll
0x00007ffa52680000 - 0x00007ffa5269b000 	C:\Users\vijay\AppData\Local\Programs\Android Studio 2\jbr\bin\VCRUNTIME140.dll
0x00007ffa68760000 - 0x00007ffa6890e000 	C:\WINDOWS\System32\USER32.dll
0x00007ffa66cf0000 - 0x00007ffa66d16000 	C:\WINDOWS\System32\win32u.dll
0x00007ffa3f680000 - 0x00007ffa3f913000 	C:\WINDOWS\WinSxS\amd64_microsoft.windows.common-controls_6595b64144ccf1df_6.0.22621.2506_none_270c5ae97388e100\COMCTL32.dll
0x00007ffa69790000 - 0x00007ffa697b9000 	C:\WINDOWS\System32\GDI32.dll
0x00007ffa68180000 - 0x00007ffa68227000 	C:\WINDOWS\System32\msvcrt.dll
0x00007ffa67490000 - 0x00007ffa675a9000 	C:\WINDOWS\System32\gdi32full.dll
0x00007ffa66bd0000 - 0x00007ffa66c6a000 	C:\WINDOWS\System32\msvcp_win.dll
0x00007ffa695e0000 - 0x00007ffa69611000 	C:\WINDOWS\System32\IMM32.DLL
0x00007ffa63fe0000 - 0x00007ffa63fec000 	C:\Users\vijay\AppData\Local\Programs\Android Studio 2\jbr\bin\vcruntime140_1.dll
0x00007ffa2d290000 - 0x00007ffa2d31d000 	C:\Users\vijay\AppData\Local\Programs\Android Studio 2\jbr\bin\msvcp140.dll
0x00007ff9c1a60000 - 0x00007ff9c26ce000 	C:\Users\vijay\AppData\Local\Programs\Android Studio 2\jbr\bin\server\jvm.dll
0x00007ffa693a0000 - 0x00007ffa69450000 	C:\WINDOWS\System32\ADVAPI32.dll
0x00007ffa67770000 - 0x00007ffa67816000 	C:\WINDOWS\System32\sechost.dll
0x00007ffa689c0000 - 0x00007ffa68ad7000 	C:\WINDOWS\System32\RPCRT4.dll
0x00007ffa44f30000 - 0x00007ffa44f39000 	C:\WINDOWS\SYSTEM32\WSOCK32.dll
0x00007ffa54d30000 - 0x00007ffa54d64000 	C:\WINDOWS\SYSTEM32\WINMM.dll
0x00007ffa67ff0000 - 0x00007ffa68061000 	C:\WINDOWS\System32\WS2_32.dll
0x00007ffa603d0000 - 0x00007ffa603da000 	C:\WINDOWS\SYSTEM32\VERSION.dll
0x00007ffa65ba0000 - 0x00007ffa65bb8000 	C:\WINDOWS\SYSTEM32\kernel.appcore.dll
0x00007ffa63fb0000 - 0x00007ffa63fba000 	C:\Users\vijay\AppData\Local\Programs\Android Studio 2\jbr\bin\jimage.dll
0x00007ffa52ed0000 - 0x00007ffa53103000 	C:\WINDOWS\SYSTEM32\DBGHELP.DLL
0x00007ffa68230000 - 0x00007ffa685b9000 	C:\WINDOWS\System32\combase.dll
0x00007ffa67e10000 - 0x00007ffa67ee7000 	C:\WINDOWS\System32\OLEAUT32.dll
0x00007ffa50d90000 - 0x00007ffa50dc2000 	C:\WINDOWS\SYSTEM32\dbgcore.DLL
0x00007ffa66c70000 - 0x00007ffa66cea000 	C:\WINDOWS\System32\bcryptPrimitives.dll
0x00007ffa5d8b0000 - 0x00007ffa5d8d5000 	C:\Users\vijay\AppData\Local\Programs\Android Studio 2\jbr\bin\java.dll
0x00007ffa61f30000 - 0x00007ffa61f48000 	C:\Users\vijay\AppData\Local\Programs\Android Studio 2\jbr\bin\zip.dll
0x00007ffa68b40000 - 0x00007ffa69399000 	C:\WINDOWS\System32\SHELL32.dll
0x00007ffa64a70000 - 0x00007ffa65364000 	C:\WINDOWS\SYSTEM32\windows.storage.dll
0x00007ffa64930000 - 0x00007ffa64a6e000 	C:\WINDOWS\SYSTEM32\wintypes.dll
0x00007ffa67ef0000 - 0x00007ffa67fe3000 	C:\WINDOWS\System32\SHCORE.dll
0x00007ffa68940000 - 0x00007ffa6899e000 	C:\WINDOWS\System32\shlwapi.dll
0x00007ffa66b00000 - 0x00007ffa66b26000 	C:\WINDOWS\SYSTEM32\profapi.dll
0x00007ffa61e10000 - 0x00007ffa61e29000 	C:\Users\vijay\AppData\Local\Programs\Android Studio 2\jbr\bin\net.dll
0x00007ffa5fd70000 - 0x00007ffa5fea7000 	C:\WINDOWS\SYSTEM32\WINHTTP.dll
0x00007ffa66100000 - 0x00007ffa66169000 	C:\WINDOWS\system32\mswsock.dll
0x00007ffa5fb90000 - 0x00007ffa5fba6000 	C:\Users\vijay\AppData\Local\Programs\Android Studio 2\jbr\bin\nio.dll
0x00007ffa635a0000 - 0x00007ffa635b0000 	C:\Users\vijay\AppData\Local\Programs\Android Studio 2\jbr\bin\verify.dll
0x00007ffa2f290000 - 0x00007ffa2f2b7000 	C:\Users\vijay\.gradle\native\68d5fa5c4cc2d200863cafc0d521ce42e7d3e7ee720ec0a83991735586a16f82\windows-amd64\native-platform.dll
0x00007ff9e6cc0000 - 0x00007ff9e6e04000 	C:\Users\vijay\.gradle\native\e376f236ea51e6404a007f0833ffe2c6e607c4080706a723a18a27aeea778392\windows-amd64\native-platform-file-events.dll
0x00007ffa61df0000 - 0x00007ffa61df9000 	C:\Users\vijay\AppData\Local\Programs\Android Studio 2\jbr\bin\management.dll
0x00007ffa615b0000 - 0x00007ffa615bb000 	C:\Users\vijay\AppData\Local\Programs\Android Studio 2\jbr\bin\management_ext.dll
0x00007ffa69450000 - 0x00007ffa69458000 	C:\WINDOWS\System32\PSAPI.DLL
0x00007ffa66330000 - 0x00007ffa6634b000 	C:\WINDOWS\SYSTEM32\CRYPTSP.dll
0x00007ffa65b60000 - 0x00007ffa65b95000 	C:\WINDOWS\system32\rsaenh.dll
0x00007ffa661c0000 - 0x00007ffa661ec000 	C:\WINDOWS\SYSTEM32\USERENV.dll
0x00007ffa66560000 - 0x00007ffa66588000 	C:\WINDOWS\SYSTEM32\bcrypt.dll
0x00007ffa66350000 - 0x00007ffa6635c000 	C:\WINDOWS\SYSTEM32\CRYPTBASE.dll
0x00007ffa655d0000 - 0x00007ffa655fd000 	C:\WINDOWS\SYSTEM32\IPHLPAPI.DLL
0x00007ffa689a0000 - 0x00007ffa689a9000 	C:\WINDOWS\System32\NSI.dll
0x00007ffa5fbd0000 - 0x00007ffa5fbe9000 	C:\WINDOWS\SYSTEM32\dhcpcsvc6.DLL
0x00007ffa5fbb0000 - 0x00007ffa5fbcf000 	C:\WINDOWS\SYSTEM32\dhcpcsvc.DLL
0x00007ffa65640000 - 0x00007ffa65739000 	C:\WINDOWS\SYSTEM32\DNSAPI.dll
0x00007ffa31670000 - 0x00007ffa31678000 	C:\WINDOWS\system32\wshunix.dll

dbghelp: loaded successfully - version: 4.0.5 - missing functions: none
symbol engine: initialized successfully - sym options: 0x614 - pdb path: .;C:\Users\vijay\AppData\Local\Programs\Android Studio 2\jbr\bin;C:\WINDOWS\SYSTEM32;C:\WINDOWS\WinSxS\amd64_microsoft.windows.common-controls_6595b64144ccf1df_6.0.22621.2506_none_270c5ae97388e100;C:\Users\vijay\AppData\Local\Programs\Android Studio 2\jbr\bin\server;C:\Users\vijay\.gradle\native\68d5fa5c4cc2d200863cafc0d521ce42e7d3e7ee720ec0a83991735586a16f82\windows-amd64;C:\Users\vijay\.gradle\native\e376f236ea51e6404a007f0833ffe2c6e607c4080706a723a18a27aeea778392\windows-amd64

VM Arguments:
jvm_args: --add-opens=java.base/java.util=ALL-UNNAMED --add-opens=java.base/java.lang=ALL-UNNAMED --add-opens=java.base/java.lang.invoke=ALL-UNNAMED --add-opens=java.prefs/java.util.prefs=ALL-UNNAMED --add-opens=java.base/java.nio.charset=ALL-UNNAMED --add-opens=java.base/java.net=ALL-UNNAMED --add-opens=java.base/java.util.concurrent.atomic=ALL-UNNAMED -Xmx2048m -Dfile.encoding=UTF-8 -Duser.country=IN -Duser.language=en -Duser.variant 
java_command: org.gradle.launcher.daemon.bootstrap.GradleDaemon 8.0
java_class_path (initial): C:\Users\vijay\.gradle\wrapper\dists\gradle-8.0-bin\ca5e32bp14vu59qr306oxotwh\gradle-8.0\lib\gradle-launcher-8.0.jar
Launcher Type: SUN_STANDARD

[Global flags]
     intx CICompilerCount                          = 4                                         {product} {ergonomic}
     uint ConcGCThreads                            = 2                                         {product} {ergonomic}
     uint G1ConcRefinementThreads                  = 8                                         {product} {ergonomic}
   size_t G1HeapRegionSize                         = 1048576                                   {product} {ergonomic}
    uintx GCDrainStackTargetSize                   = 64                                        {product} {ergonomic}
   size_t InitialHeapSize                          = 132120576                                 {product} {ergonomic}
   size_t MarkStackSize                            = 4194304                                   {product} {ergonomic}
   size_t MaxHeapSize                              = 2147483648                                {product} {command line}
   size_t MaxNewSize                               = 1287651328                                {product} {ergonomic}
   size_t MinHeapDeltaBytes                        = 1048576                                   {product} {ergonomic}
   size_t MinHeapSize                              = 8388608                                   {product} {ergonomic}
    uintx NonNMethodCodeHeapSize                   = 5839372                                {pd product} {ergonomic}
    uintx NonProfiledCodeHeapSize                  = 122909434                              {pd product} {ergonomic}
    uintx ProfiledCodeHeapSize                     = 122909434                              {pd product} {ergonomic}
    uintx ReservedCodeCacheSize                    = 251658240                              {pd product} {ergonomic}
     bool SegmentedCodeCache                       = true                                      {product} {ergonomic}
   size_t SoftMaxHeapSize                          = 2147483648                             {manageable} {ergonomic}
     bool UseCompressedClassPointers               = true                           {product lp64_product} {ergonomic}
     bool UseCompressedOops                        = true                           {product lp64_product} {ergonomic}
     bool UseG1GC                                  = true                                      {product} {ergonomic}
     bool UseLargePagesIndividualAllocation        = false                                  {pd product} {ergonomic}

Logging:
Log output configuration:
 #0: stdout all=warning uptime,level,tags
 #1: stderr all=off uptime,level,tags

Environment Variables:
PATH=C:\Program Files (x86)\VMware\VMware Workstation\bin\;C:\Program Files\Common Files\Oracle\Java\javapath;C:\apps\ordbc\bin;C:\app\vijay\product\21c\dbhomeXE\bin;C:\Python39\Scripts\;C:\Python39\;C:\Program Files\Java\jdk-16.0.1\bin;C:\Windows\system32;C:\Windows;C:\Windows\System32\Wbem;C:\Windows\System32\WindowsPowerShell\v1.0\;C:\Windows\System32\OpenSSH\;C:\Program Files (x86)\NVIDIA Corporation\PhysX\Common;C:\Program Files\NVIDIA Corporation\NVIDIA NvDLISR;C:\ProgramData\chocolatey\bin;C:\WINDOWS\system32;C:\WINDOWS;C:\WINDOWS\System32\Wbem;C:\WINDOWS\System32\WindowsPowerShell\v1.0\;C:\WINDOWS\System32\OpenSSH\;C:\Program Files\dotnet\;C:\Program Files (x86)\dotnet\;C:\Program Files\Microsoft SQL Server\Client SDK\ODBC\170\Tools\Binn\;C:\Program Files (x86)\Microsoft SQL Server\150\Tools\Binn\;C:\Program Files\Microsoft SQL Server\150\Tools\Binn\;C:\Program Files\Microsoft SQL Server\150\DTS\Binn\;C:\Program Files\Git\cmd;C:\Apache Maven\apache-maven-3.8.7\bin;C:\Program Files\nodejs\;C:\Program Files\Docker\Docker\resources\bin;C:\Program Files\PuTTY\;C:\TDM-GCC-64\bin;C:\Program Files\MySQL\MySQL Shell 8.0\bin\;C:\Users\vijay\anaconda3;C:\Users\vijay\anaconda3\Library\mingw-w64\bin;C:\Users\vijay\anaconda3\Library\usr\bin;C:\Users\vijay\anaconda3\Library\bin;C:\Users\vijay\anaconda3\Scripts;C:\Users\vijay\AppData\Local\Microsoft\WindowsApps;C:\Users\vijay\AppData\Local\Programs\Microsoft VS Code\bin;C:\Program Files\JetBrains\PyCharm Community Edition 2022.2.1\bin;C:\Program Files\JetBrains\IntelliJ IDEA Educational Edition 2022.2\bin;;C:\Program Files\JetBrains\WebStorm 2022.2.1\bin;;C:\Program Files\JetBrains\CLion 2022.2.1\bin;;C:\Program Files\JetBrains\PyCharm 2022.2.1\bin;;C:\Program Files\JetBrains\DataGrip 2022.2.2\bin;;C:\Users\vijay\AppData\Local\JetBrains\Toolbox\scripts;C:\Users\vijay\AppData\Roaming\npm;C:\Users\vijay\AppData\Local\Microsoft\WindowsApps;C:\Program Files\heroku\bin
USERNAME=vijay
OS=Windows_NT
PROCESSOR_IDENTIFIER=Intel64 Family 6 Model 158 Stepping 13, GenuineIntel
TMP=C:\Users\vijay\AppData\Local\Temp
TEMP=C:\Users\vijay\AppData\Local\Temp


JNI global refs:
JNI global refs: 25, weak refs: 0

JNI global refs memory usage: 843, weak refs: 841


---------------  S Y S T E M  ---------------

OS:
 Windows 11 , 64 bit Build 22621 (10.0.22621.2506)
OS uptime: 0 days 11:55 hours
Hyper-V role detected

CPU: total 8 (initial active 8) (4 cores per cpu, 2 threads per core) family 6 model 158 stepping 13 microcode 0xea, cx8, cmov, fxsr, ht, mmx, 3dnowpref, sse, sse2, sse3, ssse3, sse4.1, sse4.2, popcnt, lzcnt, tsc, tscinvbit, avx, avx2, aes, erms, clmul, bmi1, bmi2, adx, fma, vzeroupper, clflush, clflushopt, hv

Memory: 4k page, system-wide physical 8029M (525M free)
TotalPageFile size 16221M (AvailPageFile size 92M)
current process WorkingSet (physical memory assigned to process): 425M, peak: 443M
current process commit charge ("private bytes"): 459M, peak: 639M

vm_info: OpenJDK 64-Bit Server VM (17.0.6+0-b2043.56-10027231) for windows-amd64 JRE (17.0.6+0-b2043.56-10027231), built on Apr 28 2023 00:43:19 by "androidbuild" with MS VC++ 16.10 / 16.11 (VS2019)

END.
