#
# There is insufficient memory for the Java Runtime Environment to continue.
# Native memory allocation (malloc) failed to allocate 1828480 bytes for Chunk::new
# Possible reasons:
#   The system is out of physical RAM or swap space
#   The process is running with CompressedOops enabled, and the Java Heap may be blocking the growth of the native heap
# Possible solutions:
#   Reduce memory load on the system
#   Increase physical memory or swap space
#   Check if swap backing store is full
#   Decrease Java heap size (-Xmx/-Xms)
#   Decrease number of Java threads
#   Decrease Java thread stack sizes (-Xss)
#   Set larger code cache with -XX:ReservedCodeCacheSize=
#   JVM is running with Unscaled Compressed Oops mode in which the Java heap is
#     placed in the first 4GB address space. The Java Heap base address is the
#     maximum limit for the native heap growth. Please use -XX:HeapBaseMinAddress
#     to set the Java Heap base and to place the Java Heap above 4GB virtual address.
# This output file may be truncated or incomplete.
#
#  Out of Memory Error (arena.cpp:189), pid=18108, tid=15832
#
# JRE version: OpenJDK Runtime Environment (17.0.6) (build 17.0.6+0-b2043.56-10027231)
# Java VM: OpenJDK 64-Bit Server VM (17.0.6+0-b2043.56-10027231, mixed mode, tiered, compressed oops, compressed class ptrs, g1 gc, windows-amd64)
# No core dump will be written. Minidumps are not enabled by default on client versions of Windows
#

---------------  S U M M A R Y ------------

Command Line: --add-opens=java.base/java.util=ALL-UNNAMED --add-opens=java.base/java.lang=ALL-UNNAMED --add-opens=java.base/java.lang.invoke=ALL-UNNAMED --add-opens=java.prefs/java.util.prefs=ALL-UNNAMED --add-opens=java.base/java.nio.charset=ALL-UNNAMED --add-opens=java.base/java.net=ALL-UNNAMED --add-opens=java.base/java.util.concurrent.atomic=ALL-UNNAMED -Xmx2048m -Dfile.encoding=UTF-8 -Duser.country=IN -Duser.language=en -Duser.variant org.gradle.launcher.daemon.bootstrap.GradleDaemon 8.0

Host: Intel(R) Core(TM) i5-9300H CPU @ 2.40GHz, 8 cores, 7G,  Windows 11 , 64 bit Build 22621 (10.0.22621.2506)
Time: Mon Oct 30 07:47:57 2023 India Standard Time elapsed time: 11.253528 seconds (0d 0h 0m 11s)

---------------  T H R E A D  ---------------

Current thread (0x0000026f8f05fac0):  JavaThread "C2 CompilerThread2" daemon [_thread_in_native, id=15832, stack(0x0000007847000000,0x0000007847100000)]


Current CompileTask:
C2:  11253 8790       4       jdk.internal.org.objectweb.asm.MethodWriter::computeAllFrames (510 bytes)

Stack: [0x0000007847000000,0x0000007847100000]
Native frames: (J=compiled Java code, j=interpreted, Vv=VM code, C=native code)
V  [jvm.dll+0x683c9a]
V  [jvm.dll+0x8427a4]
V  [jvm.dll+0x843f9e]
V  [jvm.dll+0x844603]
V  [jvm.dll+0x249b75]
V  [jvm.dll+0xabcac]
V  [jvm.dll+0xac27c]
V  [jvm.dll+0x368857]
V  [jvm.dll+0x332f31]
V  [jvm.dll+0x3323da]
V  [jvm.dll+0x21c201]
V  [jvm.dll+0x21b621]
V  [jvm.dll+0x1a4fdd]
V  [jvm.dll+0x22b098]
V  [jvm.dll+0x229159]
V  [jvm.dll+0x7f81ec]
V  [jvm.dll+0x7f274a]
V  [jvm.dll+0x682ad5]
C  [ucrtbase.dll+0x29363]
C  [KERNEL32.DLL+0x1257d]
C  [ntdll.dll+0x5aa58]


---------------  P R O C E S S  ---------------

Threads class SMR info:
_java_thread_list=0x0000026f9561bd70, length=137, elements={
0x0000026ff128e550, 0x0000026ffc0d02d0, 0x0000026ffc0d1140, 0x0000026ffc0f9490,
0x0000026ffc0f9c50, 0x0000026ffcc302c0, 0x0000026ffcc30c70, 0x0000026ffcc31d60,
0x0000026ffcc32d60, 0x0000026ffcc3df80, 0x0000026ffcdd0830, 0x0000026ffcdd4d10,
0x0000026ffcffda80, 0x0000026fffbc3220, 0x0000026ffe0a8690, 0x0000026ffcffcfa0,
0x0000026fff99b110, 0x0000026fff99b5e0, 0x0000026ffcf7d810, 0x0000026ffcf7c000,
0x0000026ffcf7d340, 0x0000026ffcf7dce0, 0x0000026ffcf7e1b0, 0x0000026ffcf7c4d0,
0x0000026ffcf7a7f0, 0x0000026ffcf7ce70, 0x0000026f8f05fac0, 0x0000026ffcf7b190,
0x0000026ffcf7b660, 0x0000026f9142c2f0, 0x0000026f91429c70, 0x0000026f9142d160,
0x0000026f9142be20, 0x0000026f9142e970, 0x0000026f91428460, 0x0000026f9142b950,
0x0000026f9142ee40, 0x0000026f9142c7c0, 0x0000026f9142f7e0, 0x0000026f9142f310,
0x0000026f9142cc90, 0x0000026f9142d630, 0x0000026f914292d0, 0x0000026f9142e4a0,
0x0000026f9142a610, 0x0000026fffe69960, 0x0000026fffe677b0, 0x0000026fffe6e190,
0x0000026fffe6e660, 0x0000026fffe6a7d0, 0x0000026fffe6ce50, 0x0000026fffe66e10,
0x0000026fffe6b170, 0x0000026fffe6c980, 0x0000026fffe672e0, 0x0000026fffe68150,
0x0000026fffe69e30, 0x0000026fffe68620, 0x0000026fffe6bb10, 0x0000026fffe6d320,
0x0000026fffe6d7f0, 0x0000026fffe6aca0, 0x0000026fffe6a300, 0x0000026fffe6dcc0,
0x0000026fffe6b640, 0x0000026fffe68af0, 0x0000026fffe6bfe0, 0x0000026fffe67c80,
0x0000026fffe6c4b0, 0x0000026fffe69490, 0x0000026fffe68fc0, 0x0000026ffd46f680,
0x0000026ffd46e810, 0x0000026ffd46ece0, 0x0000026ffd473510, 0x0000026ffd46f1b0,
0x0000026ffd46fb50, 0x0000026ffd4726a0, 0x0000026ffd473eb0, 0x0000026ffd46d9a0,
0x0000026ffd471360, 0x0000026ffd470020, 0x0000026ffd4704f0, 0x0000026ffd46e340,
0x0000026ffd474380, 0x0000026ffd46cb30, 0x0000026ffd471830, 0x0000026ffd4709c0,
0x0000026ffd470e90, 0x0000026ffd4739e0, 0x0000026ffd471d00, 0x0000026ffd4721d0,
0x0000026ffd46de70, 0x0000026ffd472b70, 0x0000026ffd473040, 0x0000026ffd46d4d0,
0x0000026ffd46d000, 0x0000026f93579ec0, 0x0000026f9357a390, 0x0000026f9357c540,
0x0000026f9357ad30, 0x0000026f9357cee0, 0x0000026f9357ff00, 0x0000026f9357d3b0,
0x0000026f935808a0, 0x0000026f9357bba0, 0x0000026f9357c070, 0x0000026f935803d0,
0x0000026f9357ca10, 0x0000026f93580d70, 0x0000026f9357d880, 0x0000026f9357dd50,
0x0000026f93581240, 0x0000026f9357b200, 0x0000026f9357e220, 0x0000026f93581710,
0x0000026f9357e6f0, 0x0000026f9357a860, 0x0000026f9357ebc0, 0x0000026f9357f090,
0x0000026f9357f560, 0x0000026f9357fa30, 0x0000026f9357b6d0, 0x0000026f9164b0d0,
0x0000026f9164ac00, 0x0000026f9164ea90, 0x0000026f9164ef60, 0x0000026f91651ab0,
0x0000026f91650c40, 0x0000026f91652450, 0x0000026f9164e5c0, 0x0000026f9164cdb0,
0x0000026f9164f430, 0x0000026f9164f900, 0x0000026f9164ba70, 0x0000026f9164fdd0,
0x0000026f916502a0
}

Java Threads: ( => current thread )
  0x0000026ff128e550 JavaThread "main" [_thread_blocked, id=18404, stack(0x0000007844700000,0x0000007844800000)]
  0x0000026ffc0d02d0 JavaThread "Reference Handler" daemon [_thread_blocked, id=6012, stack(0x0000007844e00000,0x0000007844f00000)]
  0x0000026ffc0d1140 JavaThread "Finalizer" daemon [_thread_blocked, id=6416, stack(0x0000007844f00000,0x0000007845000000)]
  0x0000026ffc0f9490 JavaThread "Signal Dispatcher" daemon [_thread_blocked, id=7992, stack(0x0000007845000000,0x0000007845100000)]
  0x0000026ffc0f9c50 JavaThread "Attach Listener" daemon [_thread_blocked, id=2180, stack(0x0000007845100000,0x0000007845200000)]
  0x0000026ffcc302c0 JavaThread "Service Thread" daemon [_thread_blocked, id=16068, stack(0x0000007845200000,0x0000007845300000)]
  0x0000026ffcc30c70 JavaThread "Monitor Deflation Thread" daemon [_thread_blocked, id=17272, stack(0x0000007845300000,0x0000007845400000)]
  0x0000026ffcc31d60 JavaThread "C2 CompilerThread0" daemon [_thread_in_native, id=12324, stack(0x0000007845400000,0x0000007845500000)]
  0x0000026ffcc32d60 JavaThread "C1 CompilerThread0" daemon [_thread_blocked, id=14184, stack(0x0000007845500000,0x0000007845600000)]
  0x0000026ffcc3df80 JavaThread "Sweeper thread" daemon [_thread_blocked, id=7148, stack(0x0000007845600000,0x0000007845700000)]
  0x0000026ffcdd0830 JavaThread "Common-Cleaner" daemon [_thread_blocked, id=9944, stack(0x0000007845700000,0x0000007845800000)]
  0x0000026ffcdd4d10 JavaThread "Notification Thread" daemon [_thread_blocked, id=4896, stack(0x0000007845800000,0x0000007845900000)]
  0x0000026ffcffda80 JavaThread "C2 CompilerThread1" daemon [_thread_in_native, id=16608, stack(0x0000007845a00000,0x0000007845b00000)]
  0x0000026fffbc3220 JavaThread "Daemon health stats" [_thread_blocked, id=18368, stack(0x0000007846000000,0x0000007846100000)]
  0x0000026ffe0a8690 JavaThread "Incoming local TCP Connector on port 64816" [_thread_in_native, id=8568, stack(0x0000007846100000,0x0000007846200000)]
  0x0000026ffcffcfa0 JavaThread "Daemon periodic checks" [_thread_blocked, id=2148, stack(0x0000007845b00000,0x0000007845c00000)]
  0x0000026fff99b110 JavaThread "Daemon" [_thread_blocked, id=2568, stack(0x0000007846200000,0x0000007846300000)]
  0x0000026fff99b5e0 JavaThread "Handler for socket connection from /127.0.0.1:64816 to /127.0.0.1:64817" [_thread_in_native, id=15880, stack(0x0000007846300000,0x0000007846400000)]
  0x0000026ffcf7d810 JavaThread "Cancel handler" [_thread_blocked, id=9484, stack(0x0000007846400000,0x0000007846500000)]
  0x0000026ffcf7c000 JavaThread "Daemon worker" [_thread_in_vm, id=17064, stack(0x0000007846500000,0x0000007846600000)]
  0x0000026ffcf7d340 JavaThread "Asynchronous log dispatcher for DefaultDaemonConnection: socket connection from /127.0.0.1:64816 to /127.0.0.1:64817" [_thread_blocked, id=16272, stack(0x0000007846600000,0x0000007846700000)]
  0x0000026ffcf7dce0 JavaThread "Stdin handler" [_thread_blocked, id=2976, stack(0x0000007846700000,0x0000007846800000)]
  0x0000026ffcf7e1b0 JavaThread "Daemon client event forwarder" [_thread_blocked, id=17344, stack(0x0000007846800000,0x0000007846900000)]
  0x0000026ffcf7c4d0 JavaThread "Cache worker for journal cache (C:\Users\vijay\.gradle\caches\journal-1)" [_thread_blocked, id=688, stack(0x0000007846d00000,0x0000007846e00000)]
  0x0000026ffcf7a7f0 JavaThread "File lock request listener" [_thread_in_native, id=6408, stack(0x0000007846e00000,0x0000007846f00000)]
  0x0000026ffcf7ce70 JavaThread "Cache worker for file hash cache (C:\Users\vijay\.gradle\caches\8.0\fileHashes)" [_thread_blocked, id=6864, stack(0x0000007846f00000,0x0000007847000000)]
=>0x0000026f8f05fac0 JavaThread "C2 CompilerThread2" daemon [_thread_in_native, id=15832, stack(0x0000007847000000,0x0000007847100000)]
  0x0000026ffcf7b190 JavaThread "File watcher server" daemon [_thread_in_native, id=11072, stack(0x0000007847100000,0x0000007847200000)]
  0x0000026ffcf7b660 JavaThread "File watcher consumer" daemon [_thread_blocked, id=1684, stack(0x0000007847200000,0x0000007847300000)]
  0x0000026f9142c2f0 JavaThread "jar transforms" [_thread_blocked, id=5996, stack(0x0000007847300000,0x0000007847400000)]
  0x0000026f91429c70 JavaThread "jar transforms Thread 2" [_thread_blocked, id=17204, stack(0x0000007847400000,0x0000007847500000)]
  0x0000026f9142d160 JavaThread "jar transforms Thread 3" [_thread_blocked, id=15936, stack(0x0000007847500000,0x0000007847600000)]
  0x0000026f9142be20 JavaThread "jar transforms Thread 4" [_thread_blocked, id=5492, stack(0x0000007847600000,0x0000007847700000)]
  0x0000026f9142e970 JavaThread "jar transforms Thread 5" [_thread_blocked, id=14680, stack(0x0000007847700000,0x0000007847800000)]
  0x0000026f91428460 JavaThread "jar transforms Thread 6" [_thread_blocked, id=5972, stack(0x0000007847800000,0x0000007847900000)]
  0x0000026f9142b950 JavaThread "jar transforms Thread 7" [_thread_blocked, id=12296, stack(0x0000007847900000,0x0000007847a00000)]
  0x0000026f9142ee40 JavaThread "jar transforms Thread 8" [_thread_blocked, id=13464, stack(0x0000007847a00000,0x0000007847b00000)]
  0x0000026f9142c7c0 JavaThread "Cache worker for checksums cache (C:\Users\vijay\AndroidStudioProjects\MyApplicationARtrial7\.gradle\8.0\checksums)" [_thread_blocked, id=1060, stack(0x0000007847c00000,0x0000007847d00000)]
  0x0000026f9142f7e0 JavaThread "Cache worker for cache directory md-rule (C:\Users\vijay\.gradle\caches\8.0\md-rule)" [_thread_blocked, id=3180, stack(0x0000007847d00000,0x0000007847e00000)]
  0x0000026f9142f310 JavaThread "Cache worker for file content cache (C:\Users\vijay\.gradle\caches\8.0\fileContent)" [_thread_blocked, id=136, stack(0x0000007847e00000,0x0000007847f00000)]
  0x0000026f9142cc90 JavaThread "Cache worker for file hash cache (C:\Users\vijay\AndroidStudioProjects\MyApplicationARtrial7\.gradle\8.0\fileHashes)" [_thread_blocked, id=16628, stack(0x0000007847f00000,0x0000007848000000)]
  0x0000026f9142d630 JavaThread "Cache worker for cache directory md-supplier (C:\Users\vijay\.gradle\caches\8.0\md-supplier)" [_thread_blocked, id=5388, stack(0x0000007848000000,0x0000007848100000)]
  0x0000026f914292d0 JavaThread "Cache worker for execution history cache (C:\Users\vijay\.gradle\caches\8.0\executionHistory)" [_thread_blocked, id=13020, stack(0x0000007848100000,0x0000007848200000)]
  0x0000026f9142e4a0 JavaThread "Cache worker for dependencies-accessors (C:\Users\vijay\AndroidStudioProjects\MyApplicationARtrial7\.gradle\8.0\dependencies-accessors)" [_thread_blocked, id=2312, stack(0x0000007848200000,0x0000007848300000)]
  0x0000026f9142a610 JavaThread "Cache worker for Build Output Cleanup Cache (C:\Users\vijay\AndroidStudioProjects\MyApplicationARtrial7\.gradle\buildOutputCleanup)" [_thread_blocked, id=2168, stack(0x0000007848300000,0x0000007848400000)]
  0x0000026fffe69960 JavaThread "Unconstrained build operations" [_thread_blocked, id=15012, stack(0x0000007848400000,0x0000007848500000)]
  0x0000026fffe677b0 JavaThread "Unconstrained build operations Thread 2" [_thread_blocked, id=3972, stack(0x0000007848500000,0x0000007848600000)]
  0x0000026fffe6e190 JavaThread "Unconstrained build operations Thread 3" [_thread_blocked, id=15888, stack(0x0000007848600000,0x0000007848700000)]
  0x0000026fffe6e660 JavaThread "Unconstrained build operations Thread 4" [_thread_blocked, id=16280, stack(0x0000007848700000,0x0000007848800000)]
  0x0000026fffe6a7d0 JavaThread "Unconstrained build operations Thread 5" [_thread_blocked, id=16348, stack(0x0000007848800000,0x0000007848900000)]
  0x0000026fffe6ce50 JavaThread "Unconstrained build operations Thread 6" [_thread_blocked, id=12112, stack(0x0000007848900000,0x0000007848a00000)]
  0x0000026fffe66e10 JavaThread "Unconstrained build operations Thread 7" [_thread_blocked, id=6848, stack(0x0000007848a00000,0x0000007848b00000)]
  0x0000026fffe6b170 JavaThread "Unconstrained build operations Thread 8" [_thread_blocked, id=6556, stack(0x0000007848b00000,0x0000007848c00000)]
  0x0000026fffe6c980 JavaThread "Unconstrained build operations Thread 9" [_thread_blocked, id=10232, stack(0x0000007848c00000,0x0000007848d00000)]
  0x0000026fffe672e0 JavaThread "Unconstrained build operations Thread 10" [_thread_blocked, id=16320, stack(0x0000007848d00000,0x0000007848e00000)]
  0x0000026fffe68150 JavaThread "Unconstrained build operations Thread 11" [_thread_blocked, id=17532, stack(0x0000007848e00000,0x0000007848f00000)]
  0x0000026fffe69e30 JavaThread "Unconstrained build operations Thread 12" [_thread_blocked, id=4004, stack(0x0000007848f00000,0x0000007849000000)]
  0x0000026fffe68620 JavaThread "Unconstrained build operations Thread 13" [_thread_blocked, id=15128, stack(0x0000007849000000,0x0000007849100000)]
  0x0000026fffe6bb10 JavaThread "Unconstrained build operations Thread 14" [_thread_blocked, id=15480, stack(0x0000007849100000,0x0000007849200000)]
  0x0000026fffe6d320 JavaThread "Unconstrained build operations Thread 15" [_thread_blocked, id=16656, stack(0x0000007849200000,0x0000007849300000)]
  0x0000026fffe6d7f0 JavaThread "Unconstrained build operations Thread 16" [_thread_blocked, id=3924, stack(0x0000007849300000,0x0000007849400000)]
  0x0000026fffe6aca0 JavaThread "Unconstrained build operations Thread 17" [_thread_blocked, id=17676, stack(0x0000007849400000,0x0000007849500000)]
  0x0000026fffe6a300 JavaThread "Unconstrained build operations Thread 18" [_thread_blocked, id=10376, stack(0x0000007849500000,0x0000007849600000)]
  0x0000026fffe6dcc0 JavaThread "Unconstrained build operations Thread 19" [_thread_blocked, id=8804, stack(0x0000007849600000,0x0000007849700000)]
  0x0000026fffe6b640 JavaThread "Unconstrained build operations Thread 20" [_thread_blocked, id=17348, stack(0x0000007849700000,0x0000007849800000)]
  0x0000026fffe68af0 JavaThread "Unconstrained build operations Thread 21" [_thread_blocked, id=13704, stack(0x0000007849800000,0x0000007849900000)]
  0x0000026fffe6bfe0 JavaThread "Unconstrained build operations Thread 22" [_thread_blocked, id=8580, stack(0x0000007849900000,0x0000007849a00000)]
  0x0000026fffe67c80 JavaThread "Unconstrained build operations Thread 23" [_thread_blocked, id=12292, stack(0x0000007849a00000,0x0000007849b00000)]
  0x0000026fffe6c4b0 JavaThread "Unconstrained build operations Thread 24" [_thread_blocked, id=15636, stack(0x0000007849b00000,0x0000007849c00000)]
  0x0000026fffe69490 JavaThread "Unconstrained build operations Thread 25" [_thread_blocked, id=12224, stack(0x0000007849c00000,0x0000007849d00000)]
  0x0000026fffe68fc0 JavaThread "Unconstrained build operations Thread 26" [_thread_blocked, id=13060, stack(0x0000007849d00000,0x0000007849e00000)]
  0x0000026ffd46f680 JavaThread "Unconstrained build operations Thread 27" [_thread_blocked, id=16008, stack(0x0000007849e00000,0x0000007849f00000)]
  0x0000026ffd46e810 JavaThread "Unconstrained build operations Thread 28" [_thread_blocked, id=15724, stack(0x0000007849f00000,0x000000784a000000)]
  0x0000026ffd46ece0 JavaThread "Unconstrained build operations Thread 29" [_thread_blocked, id=17308, stack(0x000000784a000000,0x000000784a100000)]
  0x0000026ffd473510 JavaThread "Unconstrained build operations Thread 30" [_thread_blocked, id=3540, stack(0x000000784a100000,0x000000784a200000)]
  0x0000026ffd46f1b0 JavaThread "Unconstrained build operations Thread 31" [_thread_blocked, id=13372, stack(0x000000784a200000,0x000000784a300000)]
  0x0000026ffd46fb50 JavaThread "Unconstrained build operations Thread 32" [_thread_blocked, id=2236, stack(0x000000784a300000,0x000000784a400000)]
  0x0000026ffd4726a0 JavaThread "Unconstrained build operations Thread 33" [_thread_blocked, id=17180, stack(0x000000784a400000,0x000000784a500000)]
  0x0000026ffd473eb0 JavaThread "Unconstrained build operations Thread 34" [_thread_blocked, id=8304, stack(0x000000784a500000,0x000000784a600000)]
  0x0000026ffd46d9a0 JavaThread "Unconstrained build operations Thread 35" [_thread_blocked, id=2804, stack(0x000000784a600000,0x000000784a700000)]
  0x0000026ffd471360 JavaThread "Unconstrained build operations Thread 36" [_thread_blocked, id=2744, stack(0x000000784a700000,0x000000784a800000)]
  0x0000026ffd470020 JavaThread "Unconstrained build operations Thread 37" [_thread_blocked, id=13884, stack(0x000000784a800000,0x000000784a900000)]
  0x0000026ffd4704f0 JavaThread "Unconstrained build operations Thread 38" [_thread_blocked, id=13340, stack(0x000000784a900000,0x000000784aa00000)]
  0x0000026ffd46e340 JavaThread "Unconstrained build operations Thread 39" [_thread_blocked, id=9712, stack(0x000000784aa00000,0x000000784ab00000)]
  0x0000026ffd474380 JavaThread "Unconstrained build operations Thread 40" [_thread_blocked, id=7884, stack(0x000000784ab00000,0x000000784ac00000)]
  0x0000026ffd46cb30 JavaThread "Unconstrained build operations Thread 41" [_thread_blocked, id=9544, stack(0x000000784ac00000,0x000000784ad00000)]
  0x0000026ffd471830 JavaThread "Unconstrained build operations Thread 42" [_thread_blocked, id=7504, stack(0x000000784ad00000,0x000000784ae00000)]
  0x0000026ffd4709c0 JavaThread "Unconstrained build operations Thread 43" [_thread_blocked, id=15740, stack(0x000000784ae00000,0x000000784af00000)]
  0x0000026ffd470e90 JavaThread "Unconstrained build operations Thread 44" [_thread_blocked, id=3892, stack(0x000000784af00000,0x000000784b000000)]
  0x0000026ffd4739e0 JavaThread "Unconstrained build operations Thread 45" [_thread_blocked, id=11840, stack(0x000000784b000000,0x000000784b100000)]
  0x0000026ffd471d00 JavaThread "Unconstrained build operations Thread 46" [_thread_blocked, id=16948, stack(0x000000784b100000,0x000000784b200000)]
  0x0000026ffd4721d0 JavaThread "Unconstrained build operations Thread 47" [_thread_blocked, id=12236, stack(0x000000784b200000,0x000000784b300000)]
  0x0000026ffd46de70 JavaThread "Unconstrained build operations Thread 48" [_thread_blocked, id=18092, stack(0x000000784b300000,0x000000784b400000)]
  0x0000026ffd472b70 JavaThread "Unconstrained build operations Thread 49" [_thread_blocked, id=12600, stack(0x000000784b400000,0x000000784b500000)]
  0x0000026ffd473040 JavaThread "Unconstrained build operations Thread 50" [_thread_blocked, id=18012, stack(0x000000784b500000,0x000000784b600000)]
  0x0000026ffd46d4d0 JavaThread "Unconstrained build operations Thread 51" [_thread_blocked, id=10380, stack(0x000000784b600000,0x000000784b700000)]
  0x0000026ffd46d000 JavaThread "Unconstrained build operations Thread 52" [_thread_blocked, id=7188, stack(0x000000784b700000,0x000000784b800000)]
  0x0000026f93579ec0 JavaThread "Unconstrained build operations Thread 53" [_thread_blocked, id=10420, stack(0x000000784b800000,0x000000784b900000)]
  0x0000026f9357a390 JavaThread "Unconstrained build operations Thread 54" [_thread_blocked, id=16848, stack(0x000000784b900000,0x000000784ba00000)]
  0x0000026f9357c540 JavaThread "Unconstrained build operations Thread 55" [_thread_blocked, id=6860, stack(0x000000784ba00000,0x000000784bb00000)]
  0x0000026f9357ad30 JavaThread "Unconstrained build operations Thread 56" [_thread_blocked, id=15232, stack(0x000000784bb00000,0x000000784bc00000)]
  0x0000026f9357cee0 JavaThread "Unconstrained build operations Thread 57" [_thread_blocked, id=2096, stack(0x000000784bc00000,0x000000784bd00000)]
  0x0000026f9357ff00 JavaThread "Unconstrained build operations Thread 58" [_thread_blocked, id=11668, stack(0x000000784bd00000,0x000000784be00000)]
  0x0000026f9357d3b0 JavaThread "Unconstrained build operations Thread 59" [_thread_blocked, id=13320, stack(0x000000784be00000,0x000000784bf00000)]
  0x0000026f935808a0 JavaThread "Unconstrained build operations Thread 60" [_thread_blocked, id=10048, stack(0x000000784bf00000,0x000000784c000000)]
  0x0000026f9357bba0 JavaThread "Unconstrained build operations Thread 61" [_thread_blocked, id=3576, stack(0x000000784c000000,0x000000784c100000)]
  0x0000026f9357c070 JavaThread "Unconstrained build operations Thread 62" [_thread_blocked, id=5708, stack(0x000000784c100000,0x000000784c200000)]
  0x0000026f935803d0 JavaThread "Unconstrained build operations Thread 63" [_thread_blocked, id=8068, stack(0x000000784c200000,0x000000784c300000)]
  0x0000026f9357ca10 JavaThread "Unconstrained build operations Thread 64" [_thread_blocked, id=5544, stack(0x000000784c300000,0x000000784c400000)]
  0x0000026f93580d70 JavaThread "Unconstrained build operations Thread 65" [_thread_blocked, id=16884, stack(0x000000784c400000,0x000000784c500000)]
  0x0000026f9357d880 JavaThread "Unconstrained build operations Thread 66" [_thread_blocked, id=9164, stack(0x000000784c500000,0x000000784c600000)]
  0x0000026f9357dd50 JavaThread "Unconstrained build operations Thread 67" [_thread_blocked, id=2640, stack(0x000000784c600000,0x000000784c700000)]
  0x0000026f93581240 JavaThread "Unconstrained build operations Thread 68" [_thread_blocked, id=12508, stack(0x000000784c700000,0x000000784c800000)]
  0x0000026f9357b200 JavaThread "Unconstrained build operations Thread 69" [_thread_blocked, id=11892, stack(0x000000784c800000,0x000000784c900000)]
  0x0000026f9357e220 JavaThread "Unconstrained build operations Thread 70" [_thread_blocked, id=13772, stack(0x000000784c900000,0x000000784ca00000)]
  0x0000026f93581710 JavaThread "Unconstrained build operations Thread 71" [_thread_blocked, id=8044, stack(0x000000784ca00000,0x000000784cb00000)]
  0x0000026f9357e6f0 JavaThread "Unconstrained build operations Thread 72" [_thread_blocked, id=17716, stack(0x000000784cb00000,0x000000784cc00000)]
  0x0000026f9357a860 JavaThread "Unconstrained build operations Thread 73" [_thread_blocked, id=3160, stack(0x000000784cc00000,0x000000784cd00000)]
  0x0000026f9357ebc0 JavaThread "Unconstrained build operations Thread 74" [_thread_blocked, id=13400, stack(0x000000784cd00000,0x000000784ce00000)]
  0x0000026f9357f090 JavaThread "Unconstrained build operations Thread 75" [_thread_blocked, id=11616, stack(0x000000784ce00000,0x000000784cf00000)]
  0x0000026f9357f560 JavaThread "Unconstrained build operations Thread 76" [_thread_blocked, id=5244, stack(0x000000784cf00000,0x000000784d000000)]
  0x0000026f9357fa30 JavaThread "Unconstrained build operations Thread 77" [_thread_blocked, id=17744, stack(0x000000784d000000,0x000000784d100000)]
  0x0000026f9357b6d0 JavaThread "Unconstrained build operations Thread 78" [_thread_blocked, id=14404, stack(0x000000784d100000,0x000000784d200000)]
  0x0000026f9164b0d0 JavaThread "Unconstrained build operations Thread 79" [_thread_blocked, id=16396, stack(0x000000784d200000,0x000000784d300000)]
  0x0000026f9164ac00 JavaThread "Unconstrained build operations Thread 80" [_thread_blocked, id=16776, stack(0x000000784d300000,0x000000784d400000)]
  0x0000026f9164ea90 JavaThread "Memory manager" [_thread_blocked, id=7092, stack(0x000000784d400000,0x000000784d500000)]
  0x0000026f9164ef60 JavaThread "pool-3-thread-1" [_thread_blocked, id=10144, stack(0x000000784d500000,0x000000784d600000)]
  0x0000026f91651ab0 JavaThread "included builds" [_thread_blocked, id=8316, stack(0x000000784d600000,0x000000784d700000)]
  0x0000026f91650c40 JavaThread "Execution worker" [_thread_blocked, id=8292, stack(0x000000784d700000,0x000000784d800000)]
  0x0000026f91652450 JavaThread "Execution worker Thread 2" [_thread_blocked, id=7712, stack(0x000000784d800000,0x000000784d900000)]
  0x0000026f9164e5c0 JavaThread "Execution worker Thread 3" [_thread_blocked, id=9000, stack(0x000000784d900000,0x000000784da00000)]
  0x0000026f9164cdb0 JavaThread "Execution worker Thread 4" [_thread_blocked, id=10472, stack(0x000000784da00000,0x000000784db00000)]
  0x0000026f9164f430 JavaThread "Execution worker Thread 5" [_thread_blocked, id=18324, stack(0x000000784db00000,0x000000784dc00000)]
  0x0000026f9164f900 JavaThread "Execution worker Thread 6" [_thread_blocked, id=11460, stack(0x000000784dc00000,0x000000784dd00000)]
  0x0000026f9164ba70 JavaThread "Execution worker Thread 7" [_thread_blocked, id=13596, stack(0x000000784dd00000,0x000000784de00000)]
  0x0000026f9164fdd0 JavaThread "Cache worker for execution history cache (C:\Users\vijay\AndroidStudioProjects\MyApplicationARtrial7\.gradle\8.0\executionHistory)" [_thread_blocked, id=11884, stack(0x000000784de00000,0x000000784df00000)]
  0x0000026f916502a0 JavaThread "idea-tooling-model-converter" [_thread_blocked, id=8272, stack(0x000000784df00000,0x000000784e000000)]

Other Threads:
  0x0000026ffc0cd5c0 VMThread "VM Thread" [stack: 0x0000007844d00000,0x0000007844e00000] [id=16244]
  0x0000026ffcdce500 WatcherThread [stack: 0x0000007845900000,0x0000007845a00000] [id=1516]
  0x0000026ff12ea070 GCTaskThread "GC Thread#0" [stack: 0x0000007844800000,0x0000007844900000] [id=12044]
  0x0000026ffdda7c40 GCTaskThread "GC Thread#1" [stack: 0x0000007845c00000,0x0000007845d00000] [id=11424]
  0x0000026ffdda8f10 GCTaskThread "GC Thread#2" [stack: 0x0000007845d00000,0x0000007845e00000] [id=16132]
  0x0000026ffdda81a0 GCTaskThread "GC Thread#3" [stack: 0x0000007845e00000,0x0000007845f00000] [id=16836]
  0x0000026ffdda76e0 GCTaskThread "GC Thread#4" [stack: 0x0000007845f00000,0x0000007846000000] [id=6380]
  0x0000026ffdda89b0 GCTaskThread "GC Thread#5" [stack: 0x0000007846900000,0x0000007846a00000] [id=18200]
  0x0000026ffdda8c60 GCTaskThread "GC Thread#6" [stack: 0x0000007846a00000,0x0000007846b00000] [id=7448]
  0x0000026ffdda7430 GCTaskThread "GC Thread#7" [stack: 0x0000007846b00000,0x0000007846c00000] [id=16900]
  0x0000026ff12fafb0 ConcurrentGCThread "G1 Main Marker" [stack: 0x0000007844900000,0x0000007844a00000] [id=2748]
  0x0000026ff12fb9c0 ConcurrentGCThread "G1 Conc#0" [stack: 0x0000007844a00000,0x0000007844b00000] [id=1748]
  0x0000026fff0c2df0 ConcurrentGCThread "G1 Conc#1" [stack: 0x0000007846c00000,0x0000007846d00000] [id=3024]
  0x0000026ff134e2a0 ConcurrentGCThread "G1 Refine#0" [stack: 0x0000007844b00000,0x0000007844c00000] [id=5804]
  0x0000026f8f6f1bc0 ConcurrentGCThread "G1 Refine#1" [stack: 0x0000007847b00000,0x0000007847c00000] [id=14416]
  0x0000026ff134ecc0 ConcurrentGCThread "G1 Service" [stack: 0x0000007844c00000,0x0000007844d00000] [id=2376]

Threads with active compile tasks:
C2 CompilerThread0    11275 8795   !   4       java.net.URLClassLoader$1::run (81 bytes)
C2 CompilerThread1    11275 8961       4       java.util.regex.Pattern::atom (422 bytes)
C2 CompilerThread2    11275 8790       4       jdk.internal.org.objectweb.asm.MethodWriter::computeAllFrames (510 bytes)

VM state: not at safepoint (normal execution)

VM Mutex/Monitor currently owned by a thread: None

Heap address: 0x0000000080000000, size: 2048 MB, Compressed Oops mode: 32-bit

CDS archive(s) not mapped
Compressed class space mapped at: 0x0000000100000000-0x0000000140000000, reserved size: 1073741824
Narrow klass base: 0x0000000000000000, Narrow klass shift: 3, Narrow klass range: 0x140000000

GC Precious Log:
 CPUs: 8 total, 8 available
 Memory: 8029M
 Large Page Support: Disabled
 NUMA Support: Disabled
 Compressed Oops: Enabled (32-bit)
 Heap Region Size: 1M
 Heap Min Capacity: 8M
 Heap Initial Capacity: 126M
 Heap Max Capacity: 2G
 Pre-touch: Disabled
 Parallel Workers: 8
 Concurrent Workers: 2
 Concurrent Refinement Workers: 8
 Periodic GC: Disabled

Heap:
 garbage-first heap   total 247808K, used 159996K [0x0000000080000000, 0x0000000100000000)
  region size 1024K, 40 young (40960K), 12 survivors (12288K)
 Metaspace       used 91174K, committed 91904K, reserved 1130496K
  class space    used 12166K, committed 12480K, reserved 1048576K

Heap Regions: E=young(eden), S=young(survivor), O=old, HS=humongous(starts), HC=humongous(continues), CS=collection set, F=free, OA=open archive, CA=closed archive, TAMS=top-at-mark-start (previous, next)
|   0|0x0000000080000000, 0x0000000080100000, 0x0000000080100000|100%|HS|  |TAMS 0x0000000080100000, 0x0000000080000000| Complete 
|   1|0x0000000080100000, 0x0000000080200000, 0x0000000080200000|100%|HC|  |TAMS 0x0000000080200000, 0x0000000080100000| Complete 
|   2|0x0000000080200000, 0x0000000080300000, 0x0000000080300000|100%|HC|  |TAMS 0x0000000080300000, 0x0000000080200000| Complete 
|   3|0x0000000080300000, 0x0000000080400000, 0x0000000080400000|100%|HC|  |TAMS 0x0000000080400000, 0x0000000080300000| Complete 
|   4|0x0000000080400000, 0x0000000080500000, 0x0000000080500000|100%| O|  |TAMS 0x0000000080500000, 0x0000000080400000| Untracked 
|   5|0x0000000080500000, 0x0000000080600000, 0x0000000080600000|100%| O|  |TAMS 0x0000000080600000, 0x0000000080500000| Untracked 
|   6|0x0000000080600000, 0x0000000080700000, 0x0000000080700000|100%| O|  |TAMS 0x0000000080700000, 0x0000000080600000| Untracked 
|   7|0x0000000080700000, 0x0000000080800000, 0x0000000080800000|100%| O|  |TAMS 0x0000000080800000, 0x0000000080700000| Untracked 
|   8|0x0000000080800000, 0x0000000080900000, 0x0000000080900000|100%| O|  |TAMS 0x0000000080900000, 0x0000000080800000| Untracked 
|   9|0x0000000080900000, 0x0000000080a00000, 0x0000000080a00000|100%| O|  |TAMS 0x0000000080a00000, 0x0000000080900000| Untracked 
|  10|0x0000000080a00000, 0x0000000080b00000, 0x0000000080b00000|100%| O|  |TAMS 0x0000000080b00000, 0x0000000080a00000| Untracked 
|  11|0x0000000080b00000, 0x0000000080c00000, 0x0000000080c00000|100%| O|  |TAMS 0x0000000080c00000, 0x0000000080b00000| Untracked 
|  12|0x0000000080c00000, 0x0000000080d00000, 0x0000000080d00000|100%| O|  |TAMS 0x0000000080d00000, 0x0000000080c00000| Untracked 
|  13|0x0000000080d00000, 0x0000000080e00000, 0x0000000080e00000|100%| O|  |TAMS 0x0000000080e00000, 0x0000000080d00000| Untracked 
|  14|0x0000000080e00000, 0x0000000080f00000, 0x0000000080f00000|100%| O|  |TAMS 0x0000000080f00000, 0x0000000080e00000| Untracked 
|  15|0x0000000080f00000, 0x0000000081000000, 0x0000000081000000|100%| O|  |TAMS 0x0000000081000000, 0x0000000080f00000| Untracked 
|  16|0x0000000081000000, 0x0000000081100000, 0x0000000081100000|100%| O|  |TAMS 0x0000000081100000, 0x0000000081000000| Untracked 
|  17|0x0000000081100000, 0x0000000081200000, 0x0000000081200000|100%| O|  |TAMS 0x0000000081200000, 0x0000000081100000| Untracked 
|  18|0x0000000081200000, 0x0000000081300000, 0x0000000081300000|100%| O|  |TAMS 0x0000000081300000, 0x0000000081200000| Untracked 
|  19|0x0000000081300000, 0x0000000081400000, 0x0000000081400000|100%|HS|  |TAMS 0x0000000081400000, 0x0000000081300000| Complete 
|  20|0x0000000081400000, 0x0000000081500000, 0x0000000081500000|100%|HC|  |TAMS 0x0000000081500000, 0x0000000081400000| Complete 
|  21|0x0000000081500000, 0x0000000081600000, 0x0000000081600000|100%|HS|  |TAMS 0x0000000081600000, 0x0000000081500000| Complete 
|  22|0x0000000081600000, 0x0000000081700000, 0x0000000081700000|100%|HC|  |TAMS 0x0000000081700000, 0x0000000081600000| Complete 
|  23|0x0000000081700000, 0x0000000081800000, 0x0000000081800000|100%|HC|  |TAMS 0x0000000081800000, 0x0000000081700000| Complete 
|  24|0x0000000081800000, 0x0000000081900000, 0x0000000081900000|100%| O|  |TAMS 0x0000000081900000, 0x0000000081800000| Untracked 
|  25|0x0000000081900000, 0x0000000081a00000, 0x0000000081a00000|100%| O|  |TAMS 0x0000000081a00000, 0x0000000081900000| Untracked 
|  26|0x0000000081a00000, 0x0000000081b00000, 0x0000000081b00000|100%| O|  |TAMS 0x0000000081b00000, 0x0000000081a00000| Untracked 
|  27|0x0000000081b00000, 0x0000000081c00000, 0x0000000081c00000|100%|HS|  |TAMS 0x0000000081c00000, 0x0000000081b00000| Complete 
|  28|0x0000000081c00000, 0x0000000081d00000, 0x0000000081d00000|100%|HC|  |TAMS 0x0000000081d00000, 0x0000000081c00000| Complete 
|  29|0x0000000081d00000, 0x0000000081e00000, 0x0000000081e00000|100%|HC|  |TAMS 0x0000000081e00000, 0x0000000081d00000| Complete 
|  30|0x0000000081e00000, 0x0000000081f00000, 0x0000000081f00000|100%| O|  |TAMS 0x0000000081f00000, 0x0000000081e00000| Untracked 
|  31|0x0000000081f00000, 0x0000000082000000, 0x0000000082000000|100%| O|  |TAMS 0x0000000082000000, 0x0000000081f00000| Untracked 
|  32|0x0000000082000000, 0x0000000082000000, 0x0000000082100000|  0%| F|  |TAMS 0x0000000082000000, 0x0000000082000000| Untracked 
|  33|0x0000000082100000, 0x0000000082200000, 0x0000000082200000|100%| O|  |TAMS 0x0000000082200000, 0x0000000082100000| Untracked 
|  34|0x0000000082200000, 0x0000000082300000, 0x0000000082300000|100%|HS|  |TAMS 0x0000000082300000, 0x0000000082200000| Complete 
|  35|0x0000000082300000, 0x0000000082400000, 0x0000000082400000|100%|HC|  |TAMS 0x0000000082400000, 0x0000000082300000| Complete 
|  36|0x0000000082400000, 0x0000000082500000, 0x0000000082500000|100%| O|  |TAMS 0x0000000082500000, 0x0000000082400000| Untracked 
|  37|0x0000000082500000, 0x0000000082600000, 0x0000000082600000|100%| O|  |TAMS 0x0000000082600000, 0x0000000082500000| Untracked 
|  38|0x0000000082600000, 0x0000000082700000, 0x0000000082700000|100%| O|  |TAMS 0x0000000082600000, 0x0000000082600000| Untracked 
|  39|0x0000000082700000, 0x0000000082800000, 0x0000000082800000|100%| O|  |TAMS 0x0000000082800000, 0x0000000082700000| Untracked 
|  40|0x0000000082800000, 0x0000000082900000, 0x0000000082900000|100%| O|  |TAMS 0x0000000082900000, 0x0000000082800000| Untracked 
|  41|0x0000000082900000, 0x0000000082a00000, 0x0000000082a00000|100%| O|  |TAMS 0x0000000082a00000, 0x0000000082900000| Untracked 
|  42|0x0000000082a00000, 0x0000000082b00000, 0x0000000082b00000|100%| O|  |TAMS 0x0000000082b00000, 0x0000000082a00000| Untracked 
|  43|0x0000000082b00000, 0x0000000082c00000, 0x0000000082c00000|100%| O|  |TAMS 0x0000000082c00000, 0x0000000082b00000| Untracked 
|  44|0x0000000082c00000, 0x0000000082d00000, 0x0000000082d00000|100%| O|  |TAMS 0x0000000082d00000, 0x0000000082c00000| Untracked 
|  45|0x0000000082d00000, 0x0000000082e00000, 0x0000000082e00000|100%|HS|  |TAMS 0x0000000082e00000, 0x0000000082d00000| Complete 
|  46|0x0000000082e00000, 0x0000000082f00000, 0x0000000082f00000|100%|HC|  |TAMS 0x0000000082f00000, 0x0000000082e00000| Complete 
|  47|0x0000000082f00000, 0x0000000083000000, 0x0000000083000000|100%|HC|  |TAMS 0x0000000083000000, 0x0000000082f00000| Complete 
|  48|0x0000000083000000, 0x0000000083100000, 0x0000000083100000|100%|HC|  |TAMS 0x0000000083100000, 0x0000000083000000| Complete 
|  49|0x0000000083100000, 0x0000000083200000, 0x0000000083200000|100%|HC|  |TAMS 0x0000000083200000, 0x0000000083100000| Complete 
|  50|0x0000000083200000, 0x0000000083300000, 0x0000000083300000|100%|HC|  |TAMS 0x0000000083300000, 0x0000000083200000| Complete 
|  51|0x0000000083300000, 0x0000000083400000, 0x0000000083400000|100%|HC|  |TAMS 0x0000000083400000, 0x0000000083300000| Complete 
|  52|0x0000000083400000, 0x0000000083500000, 0x0000000083500000|100%|HC|  |TAMS 0x0000000083500000, 0x0000000083400000| Complete 
|  53|0x0000000083500000, 0x0000000083600000, 0x0000000083600000|100%|HC|  |TAMS 0x0000000083600000, 0x0000000083500000| Complete 
|  54|0x0000000083600000, 0x0000000083700000, 0x0000000083700000|100%|HC|  |TAMS 0x0000000083700000, 0x0000000083600000| Complete 
|  55|0x0000000083700000, 0x0000000083800000, 0x0000000083800000|100%|HC|  |TAMS 0x0000000083800000, 0x0000000083700000| Complete 
|  56|0x0000000083800000, 0x0000000083900000, 0x0000000083900000|100%|HC|  |TAMS 0x0000000083900000, 0x0000000083800000| Complete 
|  57|0x0000000083900000, 0x0000000083a00000, 0x0000000083a00000|100%|HS|  |TAMS 0x0000000083a00000, 0x0000000083900000| Complete 
|  58|0x0000000083a00000, 0x0000000083b00000, 0x0000000083b00000|100%|HC|  |TAMS 0x0000000083b00000, 0x0000000083a00000| Complete 
|  59|0x0000000083b00000, 0x0000000083c00000, 0x0000000083c00000|100%|HC|  |TAMS 0x0000000083c00000, 0x0000000083b00000| Complete 
|  60|0x0000000083c00000, 0x0000000083d00000, 0x0000000083d00000|100%|HS|  |TAMS 0x0000000083d00000, 0x0000000083c00000| Complete 
|  61|0x0000000083d00000, 0x0000000083e00000, 0x0000000083e00000|100%|HC|  |TAMS 0x0000000083e00000, 0x0000000083d00000| Complete 
|  62|0x0000000083e00000, 0x0000000083f00000, 0x0000000083f00000|100%|HC|  |TAMS 0x0000000083f00000, 0x0000000083e00000| Complete 
|  63|0x0000000083f00000, 0x0000000084000000, 0x0000000084000000|100%| O|  |TAMS 0x0000000084000000, 0x0000000083f00000| Untracked 
|  64|0x0000000084000000, 0x0000000084100000, 0x0000000084100000|100%| O|  |TAMS 0x0000000084100000, 0x0000000084000000| Untracked 
|  65|0x0000000084100000, 0x0000000084200000, 0x0000000084200000|100%| O|  |TAMS 0x0000000084200000, 0x0000000084100000| Untracked 
|  66|0x0000000084200000, 0x0000000084300000, 0x0000000084300000|100%| O|  |TAMS 0x0000000084300000, 0x0000000084200000| Untracked 
|  67|0x0000000084300000, 0x0000000084400000, 0x0000000084400000|100%| O|  |TAMS 0x0000000084400000, 0x0000000084300000| Untracked 
|  68|0x0000000084400000, 0x0000000084500000, 0x0000000084500000|100%| O|  |TAMS 0x0000000084500000, 0x0000000084400000| Untracked 
|  69|0x0000000084500000, 0x0000000084600000, 0x0000000084600000|100%| O|  |TAMS 0x0000000084600000, 0x0000000084500000| Untracked 
|  70|0x0000000084600000, 0x0000000084700000, 0x0000000084700000|100%| O|  |TAMS 0x0000000084700000, 0x0000000084600000| Untracked 
|  71|0x0000000084700000, 0x0000000084800000, 0x0000000084800000|100%| O|  |TAMS 0x0000000084800000, 0x0000000084700000| Untracked 
|  72|0x0000000084800000, 0x0000000084900000, 0x0000000084900000|100%|HS|  |TAMS 0x0000000084900000, 0x0000000084800000| Complete 
|  73|0x0000000084900000, 0x0000000084a00000, 0x0000000084a00000|100%|HS|  |TAMS 0x0000000084a00000, 0x0000000084900000| Complete 
|  74|0x0000000084a00000, 0x0000000084b00000, 0x0000000084b00000|100%|HS|  |TAMS 0x0000000084b00000, 0x0000000084a00000| Complete 
|  75|0x0000000084b00000, 0x0000000084c00000, 0x0000000084c00000|100%| O|  |TAMS 0x0000000084c00000, 0x0000000084b00000| Untracked 
|  76|0x0000000084c00000, 0x0000000084d00000, 0x0000000084d00000|100%| O|  |TAMS 0x0000000084d00000, 0x0000000084c00000| Untracked 
|  77|0x0000000084d00000, 0x0000000084e00000, 0x0000000084e00000|100%| O|  |TAMS 0x0000000084e00000, 0x0000000084d00000| Untracked 
|  78|0x0000000084e00000, 0x0000000084f00000, 0x0000000084f00000|100%| O|  |TAMS 0x0000000084f00000, 0x0000000084e00000| Untracked 
|  79|0x0000000084f00000, 0x0000000085000000, 0x0000000085000000|100%| O|  |TAMS 0x0000000085000000, 0x0000000084f00000| Untracked 
|  80|0x0000000085000000, 0x0000000085100000, 0x0000000085100000|100%| O|  |TAMS 0x0000000085100000, 0x0000000085000000| Untracked 
|  81|0x0000000085100000, 0x0000000085200000, 0x0000000085200000|100%| O|  |TAMS 0x0000000085200000, 0x0000000085100000| Untracked 
|  82|0x0000000085200000, 0x0000000085300000, 0x0000000085300000|100%| O|  |TAMS 0x0000000085300000, 0x0000000085200000| Untracked 
|  83|0x0000000085300000, 0x0000000085400000, 0x0000000085400000|100%| O|  |TAMS 0x0000000085400000, 0x0000000085300000| Untracked 
|  84|0x0000000085400000, 0x0000000085500000, 0x0000000085500000|100%| O|  |TAMS 0x0000000085500000, 0x0000000085400000| Untracked 
|  85|0x0000000085500000, 0x0000000085600000, 0x0000000085600000|100%| O|  |TAMS 0x0000000085600000, 0x0000000085500000| Untracked 
|  86|0x0000000085600000, 0x0000000085700000, 0x0000000085700000|100%| O|  |TAMS 0x0000000085700000, 0x0000000085600000| Untracked 
|  87|0x0000000085700000, 0x0000000085800000, 0x0000000085800000|100%| O|  |TAMS 0x0000000085800000, 0x0000000085700000| Untracked 
|  88|0x0000000085800000, 0x0000000085900000, 0x0000000085900000|100%| O|  |TAMS 0x00000000858a6800, 0x0000000085800000| Untracked 
|  89|0x0000000085900000, 0x0000000085a00000, 0x0000000085a00000|100%| O|  |TAMS 0x0000000085900000, 0x0000000085900000| Untracked 
|  90|0x0000000085a00000, 0x0000000085b00000, 0x0000000085b00000|100%| O|  |TAMS 0x0000000085a00000, 0x0000000085a00000| Untracked 
|  91|0x0000000085b00000, 0x0000000085c00000, 0x0000000085c00000|100%| O|  |TAMS 0x0000000085c00000, 0x0000000085b00000| Untracked 
|  92|0x0000000085c00000, 0x0000000085d00000, 0x0000000085d00000|100%| O|  |TAMS 0x0000000085c00000, 0x0000000085c00000| Untracked 
|  93|0x0000000085d00000, 0x0000000085e00000, 0x0000000085e00000|100%| O|  |TAMS 0x0000000085d00000, 0x0000000085d00000| Untracked 
|  94|0x0000000085e00000, 0x0000000085f00000, 0x0000000085f00000|100%| O|  |TAMS 0x0000000085e00000, 0x0000000085e00000| Untracked 
|  95|0x0000000085f00000, 0x0000000086000000, 0x0000000086000000|100%| O|  |TAMS 0x0000000085f00000, 0x0000000085f00000| Untracked 
|  96|0x0000000086000000, 0x0000000086068e00, 0x0000000086100000| 40%| O|  |TAMS 0x0000000086000000, 0x0000000086000000| Untracked 
|  97|0x0000000086100000, 0x0000000086200000, 0x0000000086200000|100%|HS|  |TAMS 0x0000000086100000, 0x0000000086100000| Complete 
|  98|0x0000000086200000, 0x0000000086300000, 0x0000000086300000|100%|HC|  |TAMS 0x0000000086200000, 0x0000000086200000| Complete 
|  99|0x0000000086300000, 0x0000000086400000, 0x0000000086400000|100%|HS|  |TAMS 0x0000000086300000, 0x0000000086300000| Complete 
| 100|0x0000000086400000, 0x0000000086500000, 0x0000000086500000|100%|HC|  |TAMS 0x0000000086400000, 0x0000000086400000| Complete 
| 101|0x0000000086500000, 0x0000000086600000, 0x0000000086600000|100%|HC|  |TAMS 0x0000000086500000, 0x0000000086500000| Complete 
| 102|0x0000000086600000, 0x0000000086700000, 0x0000000086700000|100%|HS|  |TAMS 0x0000000086600000, 0x0000000086600000| Complete 
| 103|0x0000000086700000, 0x0000000086800000, 0x0000000086800000|100%|HC|  |TAMS 0x0000000086700000, 0x0000000086700000| Complete 
| 104|0x0000000086800000, 0x0000000086900000, 0x0000000086900000|100%|HC|  |TAMS 0x0000000086800000, 0x0000000086800000| Complete 
| 105|0x0000000086900000, 0x0000000086a00000, 0x0000000086a00000|100%|HS|  |TAMS 0x0000000086900000, 0x0000000086900000| Complete 
| 106|0x0000000086a00000, 0x0000000086b00000, 0x0000000086b00000|100%|HC|  |TAMS 0x0000000086a00000, 0x0000000086a00000| Complete 
| 107|0x0000000086b00000, 0x0000000086c00000, 0x0000000086c00000|100%|HC|  |TAMS 0x0000000086b00000, 0x0000000086b00000| Complete 
| 108|0x0000000086c00000, 0x0000000086d00000, 0x0000000086d00000|100%|HC|  |TAMS 0x0000000086c00000, 0x0000000086c00000| Complete 
| 109|0x0000000086d00000, 0x0000000086e00000, 0x0000000086e00000|100%|HC|  |TAMS 0x0000000086d00000, 0x0000000086d00000| Complete 
| 110|0x0000000086e00000, 0x0000000086f00000, 0x0000000086f00000|100%|HC|  |TAMS 0x0000000086e00000, 0x0000000086e00000| Complete 
| 111|0x0000000086f00000, 0x0000000087000000, 0x0000000087000000|100%|HC|  |TAMS 0x0000000086f00000, 0x0000000086f00000| Complete 
| 112|0x0000000087000000, 0x0000000087100000, 0x0000000087100000|100%|HC|  |TAMS 0x0000000087000000, 0x0000000087000000| Complete 
| 113|0x0000000087100000, 0x0000000087200000, 0x0000000087200000|100%|HC|  |TAMS 0x0000000087100000, 0x0000000087100000| Complete 
| 114|0x0000000087200000, 0x0000000087300000, 0x0000000087300000|100%|HC|  |TAMS 0x0000000087200000, 0x0000000087200000| Complete 
| 115|0x0000000087300000, 0x0000000087400000, 0x0000000087400000|100%|HC|  |TAMS 0x0000000087300000, 0x0000000087300000| Complete 
| 116|0x0000000087400000, 0x0000000087500000, 0x0000000087500000|100%|HC|  |TAMS 0x0000000087400000, 0x0000000087400000| Complete 
| 117|0x0000000087500000, 0x0000000087600000, 0x0000000087600000|100%|HS|  |TAMS 0x0000000087500000, 0x0000000087500000| Complete 
| 118|0x0000000087600000, 0x0000000087700000, 0x0000000087700000|100%|HC|  |TAMS 0x0000000087600000, 0x0000000087600000| Complete 
| 119|0x0000000087700000, 0x0000000087700000, 0x0000000087800000|  0%| F|  |TAMS 0x0000000087700000, 0x0000000087700000| Untracked 
| 120|0x0000000087800000, 0x0000000087800000, 0x0000000087900000|  0%| F|  |TAMS 0x0000000087800000, 0x0000000087800000| Untracked 
| 121|0x0000000087900000, 0x0000000087900000, 0x0000000087a00000|  0%| F|  |TAMS 0x0000000087900000, 0x0000000087900000| Untracked 
| 122|0x0000000087a00000, 0x0000000087a00000, 0x0000000087b00000|  0%| F|  |TAMS 0x0000000087a00000, 0x0000000087a00000| Untracked 
| 123|0x0000000087b00000, 0x0000000087b00000, 0x0000000087c00000|  0%| F|  |TAMS 0x0000000087b00000, 0x0000000087b00000| Untracked 
| 124|0x0000000087c00000, 0x0000000087c00000, 0x0000000087d00000|  0%| F|  |TAMS 0x0000000087c00000, 0x0000000087c00000| Untracked 
| 125|0x0000000087d00000, 0x0000000087d00000, 0x0000000087e00000|  0%| F|  |TAMS 0x0000000087d00000, 0x0000000087d00000| Untracked 
| 126|0x0000000087e00000, 0x0000000087e00000, 0x0000000087f00000|  0%| F|  |TAMS 0x0000000087e00000, 0x0000000087e00000| Untracked 
| 127|0x0000000087f00000, 0x0000000087f00000, 0x0000000088000000|  0%| F|  |TAMS 0x0000000087f00000, 0x0000000087f00000| Untracked 
| 128|0x0000000088000000, 0x0000000088000000, 0x0000000088100000|  0%| F|  |TAMS 0x0000000088000000, 0x0000000088000000| Untracked 
| 129|0x0000000088100000, 0x0000000088100000, 0x0000000088200000|  0%| F|  |TAMS 0x0000000088100000, 0x0000000088100000| Untracked 
| 130|0x0000000088200000, 0x0000000088200000, 0x0000000088300000|  0%| F|  |TAMS 0x0000000088200000, 0x0000000088200000| Untracked 
| 131|0x0000000088300000, 0x0000000088300000, 0x0000000088400000|  0%| F|  |TAMS 0x0000000088300000, 0x0000000088300000| Untracked 
| 132|0x0000000088400000, 0x0000000088400000, 0x0000000088500000|  0%| F|  |TAMS 0x0000000088400000, 0x0000000088400000| Untracked 
| 133|0x0000000088500000, 0x0000000088500000, 0x0000000088600000|  0%| F|  |TAMS 0x0000000088500000, 0x0000000088500000| Untracked 
| 134|0x0000000088600000, 0x0000000088600000, 0x0000000088700000|  0%| F|  |TAMS 0x0000000088600000, 0x0000000088600000| Untracked 
| 135|0x0000000088700000, 0x0000000088700000, 0x0000000088800000|  0%| F|  |TAMS 0x0000000088700000, 0x0000000088700000| Untracked 
| 136|0x0000000088800000, 0x0000000088800000, 0x0000000088900000|  0%| F|  |TAMS 0x0000000088800000, 0x0000000088800000| Untracked 
| 137|0x0000000088900000, 0x0000000088900000, 0x0000000088a00000|  0%| F|  |TAMS 0x0000000088900000, 0x0000000088900000| Untracked 
| 138|0x0000000088a00000, 0x0000000088ad6468, 0x0000000088b00000| 83%| S|CS|TAMS 0x0000000088a00000, 0x0000000088a00000| Complete 
| 139|0x0000000088b00000, 0x0000000088c00000, 0x0000000088c00000|100%| S|CS|TAMS 0x0000000088b00000, 0x0000000088b00000| Complete 
| 140|0x0000000088c00000, 0x0000000088d00000, 0x0000000088d00000|100%| S|CS|TAMS 0x0000000088c00000, 0x0000000088c00000| Complete 
| 141|0x0000000088d00000, 0x0000000088e00000, 0x0000000088e00000|100%| S|CS|TAMS 0x0000000088d00000, 0x0000000088d00000| Complete 
| 142|0x0000000088e00000, 0x0000000088f00000, 0x0000000088f00000|100%| S|CS|TAMS 0x0000000088e00000, 0x0000000088e00000| Complete 
| 143|0x0000000088f00000, 0x0000000089000000, 0x0000000089000000|100%| S|CS|TAMS 0x0000000088f00000, 0x0000000088f00000| Complete 
| 144|0x0000000089000000, 0x0000000089100000, 0x0000000089100000|100%| S|CS|TAMS 0x0000000089000000, 0x0000000089000000| Complete 
| 145|0x0000000089100000, 0x0000000089200000, 0x0000000089200000|100%| S|CS|TAMS 0x0000000089100000, 0x0000000089100000| Complete 
| 146|0x0000000089200000, 0x0000000089300000, 0x0000000089300000|100%| S|CS|TAMS 0x0000000089200000, 0x0000000089200000| Complete 
| 147|0x0000000089300000, 0x0000000089400000, 0x0000000089400000|100%| S|CS|TAMS 0x0000000089300000, 0x0000000089300000| Complete 
| 148|0x0000000089400000, 0x0000000089500000, 0x0000000089500000|100%| S|CS|TAMS 0x0000000089400000, 0x0000000089400000| Complete 
| 149|0x0000000089500000, 0x0000000089600000, 0x0000000089600000|100%| S|CS|TAMS 0x0000000089500000, 0x0000000089500000| Complete 
| 150|0x0000000089600000, 0x0000000089600000, 0x0000000089700000|  0%| F|  |TAMS 0x0000000089600000, 0x0000000089600000| Untracked 
| 151|0x0000000089700000, 0x0000000089700000, 0x0000000089800000|  0%| F|  |TAMS 0x0000000089700000, 0x0000000089700000| Untracked 
| 152|0x0000000089800000, 0x0000000089800000, 0x0000000089900000|  0%| F|  |TAMS 0x0000000089800000, 0x0000000089800000| Untracked 
| 153|0x0000000089900000, 0x0000000089900000, 0x0000000089a00000|  0%| F|  |TAMS 0x0000000089900000, 0x0000000089900000| Untracked 
| 154|0x0000000089a00000, 0x0000000089a00000, 0x0000000089b00000|  0%| F|  |TAMS 0x0000000089a00000, 0x0000000089a00000| Untracked 
| 155|0x0000000089b00000, 0x0000000089b00000, 0x0000000089c00000|  0%| F|  |TAMS 0x0000000089b00000, 0x0000000089b00000| Untracked 
| 156|0x0000000089c00000, 0x0000000089c00000, 0x0000000089d00000|  0%| F|  |TAMS 0x0000000089c00000, 0x0000000089c00000| Untracked 
| 157|0x0000000089d00000, 0x0000000089d00000, 0x0000000089e00000|  0%| F|  |TAMS 0x0000000089d00000, 0x0000000089d00000| Untracked 
| 158|0x0000000089e00000, 0x0000000089e00000, 0x0000000089f00000|  0%| F|  |TAMS 0x0000000089e00000, 0x0000000089e00000| Untracked 
| 159|0x0000000089f00000, 0x0000000089f00000, 0x000000008a000000|  0%| F|  |TAMS 0x0000000089f00000, 0x0000000089f00000| Untracked 
| 160|0x000000008a000000, 0x000000008a000000, 0x000000008a100000|  0%| F|  |TAMS 0x000000008a000000, 0x000000008a000000| Untracked 
| 161|0x000000008a100000, 0x000000008a100000, 0x000000008a200000|  0%| F|  |TAMS 0x000000008a100000, 0x000000008a100000| Untracked 
| 162|0x000000008a200000, 0x000000008a200000, 0x000000008a300000|  0%| F|  |TAMS 0x000000008a200000, 0x000000008a200000| Untracked 
| 163|0x000000008a300000, 0x000000008a300000, 0x000000008a400000|  0%| F|  |TAMS 0x000000008a300000, 0x000000008a300000| Untracked 
| 164|0x000000008a400000, 0x000000008a400000, 0x000000008a500000|  0%| F|  |TAMS 0x000000008a400000, 0x000000008a400000| Untracked 
| 165|0x000000008a500000, 0x000000008a500000, 0x000000008a600000|  0%| F|  |TAMS 0x000000008a500000, 0x000000008a500000| Untracked 
| 166|0x000000008a600000, 0x000000008a600000, 0x000000008a700000|  0%| F|  |TAMS 0x000000008a600000, 0x000000008a600000| Untracked 
| 167|0x000000008a700000, 0x000000008a700000, 0x000000008a800000|  0%| F|  |TAMS 0x000000008a700000, 0x000000008a700000| Untracked 
| 168|0x000000008a800000, 0x000000008a800000, 0x000000008a900000|  0%| F|  |TAMS 0x000000008a800000, 0x000000008a800000| Untracked 
| 169|0x000000008a900000, 0x000000008a900000, 0x000000008aa00000|  0%| F|  |TAMS 0x000000008a900000, 0x000000008a900000| Untracked 
| 170|0x000000008aa00000, 0x000000008aa00000, 0x000000008ab00000|  0%| F|  |TAMS 0x000000008aa00000, 0x000000008aa00000| Untracked 
| 171|0x000000008ab00000, 0x000000008ab00000, 0x000000008ac00000|  0%| F|  |TAMS 0x000000008ab00000, 0x000000008ab00000| Untracked 
| 172|0x000000008ac00000, 0x000000008ac00000, 0x000000008ad00000|  0%| F|  |TAMS 0x000000008ac00000, 0x000000008ac00000| Untracked 
| 173|0x000000008ad00000, 0x000000008ad00000, 0x000000008ae00000|  0%| F|  |TAMS 0x000000008ad00000, 0x000000008ad00000| Untracked 
| 174|0x000000008ae00000, 0x000000008ae00000, 0x000000008af00000|  0%| F|  |TAMS 0x000000008ae00000, 0x000000008ae00000| Untracked 
| 175|0x000000008af00000, 0x000000008af00000, 0x000000008b000000|  0%| F|  |TAMS 0x000000008af00000, 0x000000008af00000| Untracked 
| 176|0x000000008b000000, 0x000000008b000000, 0x000000008b100000|  0%| F|  |TAMS 0x000000008b000000, 0x000000008b000000| Untracked 
| 177|0x000000008b100000, 0x000000008b100000, 0x000000008b200000|  0%| F|  |TAMS 0x000000008b100000, 0x000000008b100000| Untracked 
| 178|0x000000008b200000, 0x000000008b200000, 0x000000008b300000|  0%| F|  |TAMS 0x000000008b200000, 0x000000008b200000| Untracked 
| 179|0x000000008b300000, 0x000000008b300000, 0x000000008b400000|  0%| F|  |TAMS 0x000000008b300000, 0x000000008b300000| Untracked 
| 180|0x000000008b400000, 0x000000008b400000, 0x000000008b500000|  0%| F|  |TAMS 0x000000008b400000, 0x000000008b400000| Untracked 
| 181|0x000000008b500000, 0x000000008b500000, 0x000000008b600000|  0%| F|  |TAMS 0x000000008b500000, 0x000000008b500000| Untracked 
| 182|0x000000008b600000, 0x000000008b600000, 0x000000008b700000|  0%| F|  |TAMS 0x000000008b600000, 0x000000008b600000| Untracked 
| 183|0x000000008b700000, 0x000000008b700000, 0x000000008b800000|  0%| F|  |TAMS 0x000000008b700000, 0x000000008b700000| Untracked 
| 184|0x000000008b800000, 0x000000008b800000, 0x000000008b900000|  0%| F|  |TAMS 0x000000008b800000, 0x000000008b800000| Untracked 
| 185|0x000000008b900000, 0x000000008b900000, 0x000000008ba00000|  0%| F|  |TAMS 0x000000008b900000, 0x000000008b900000| Untracked 
| 186|0x000000008ba00000, 0x000000008ba00000, 0x000000008bb00000|  0%| F|  |TAMS 0x000000008ba00000, 0x000000008ba00000| Untracked 
| 187|0x000000008bb00000, 0x000000008bb00000, 0x000000008bc00000|  0%| F|  |TAMS 0x000000008bb00000, 0x000000008bb00000| Untracked 
| 188|0x000000008bc00000, 0x000000008bc00000, 0x000000008bd00000|  0%| F|  |TAMS 0x000000008bc00000, 0x000000008bc00000| Untracked 
| 189|0x000000008bd00000, 0x000000008bd00000, 0x000000008be00000|  0%| F|  |TAMS 0x000000008bd00000, 0x000000008bd00000| Untracked 
| 190|0x000000008be00000, 0x000000008be00000, 0x000000008bf00000|  0%| F|  |TAMS 0x000000008be00000, 0x000000008be00000| Untracked 
| 191|0x000000008bf00000, 0x000000008bf00000, 0x000000008c000000|  0%| F|  |TAMS 0x000000008bf00000, 0x000000008bf00000| Untracked 
| 192|0x000000008c000000, 0x000000008c000000, 0x000000008c100000|  0%| F|  |TAMS 0x000000008c000000, 0x000000008c000000| Untracked 
| 193|0x000000008c100000, 0x000000008c100000, 0x000000008c200000|  0%| F|  |TAMS 0x000000008c100000, 0x000000008c100000| Untracked 
| 194|0x000000008c200000, 0x000000008c200000, 0x000000008c300000|  0%| F|  |TAMS 0x000000008c200000, 0x000000008c200000| Untracked 
| 195|0x000000008c300000, 0x000000008c300000, 0x000000008c400000|  0%| F|  |TAMS 0x000000008c300000, 0x000000008c300000| Untracked 
| 196|0x000000008c400000, 0x000000008c400000, 0x000000008c500000|  0%| F|  |TAMS 0x000000008c400000, 0x000000008c400000| Untracked 
| 197|0x000000008c500000, 0x000000008c500000, 0x000000008c600000|  0%| F|  |TAMS 0x000000008c500000, 0x000000008c500000| Untracked 
| 198|0x000000008c600000, 0x000000008c600000, 0x000000008c700000|  0%| F|  |TAMS 0x000000008c600000, 0x000000008c600000| Untracked 
| 199|0x000000008c700000, 0x000000008c700000, 0x000000008c800000|  0%| F|  |TAMS 0x000000008c700000, 0x000000008c700000| Untracked 
| 200|0x000000008c800000, 0x000000008c800000, 0x000000008c900000|  0%| F|  |TAMS 0x000000008c800000, 0x000000008c800000| Untracked 
| 201|0x000000008c900000, 0x000000008c900000, 0x000000008ca00000|  0%| F|  |TAMS 0x000000008c900000, 0x000000008c900000| Untracked 
| 202|0x000000008ca00000, 0x000000008ca00000, 0x000000008cb00000|  0%| F|  |TAMS 0x000000008ca00000, 0x000000008ca00000| Untracked 
| 203|0x000000008cb00000, 0x000000008cb00000, 0x000000008cc00000|  0%| F|  |TAMS 0x000000008cb00000, 0x000000008cb00000| Untracked 
| 204|0x000000008cc00000, 0x000000008cc00000, 0x000000008cd00000|  0%| F|  |TAMS 0x000000008cc00000, 0x000000008cc00000| Untracked 
| 205|0x000000008cd00000, 0x000000008cd00000, 0x000000008ce00000|  0%| F|  |TAMS 0x000000008cd00000, 0x000000008cd00000| Untracked 
| 206|0x000000008ce00000, 0x000000008ce00000, 0x000000008cf00000|  0%| F|  |TAMS 0x000000008ce00000, 0x000000008ce00000| Untracked 
| 207|0x000000008cf00000, 0x000000008cf00000, 0x000000008d000000|  0%| F|  |TAMS 0x000000008cf00000, 0x000000008cf00000| Untracked 
| 208|0x000000008d000000, 0x000000008d000000, 0x000000008d100000|  0%| F|  |TAMS 0x000000008d000000, 0x000000008d000000| Untracked 
| 209|0x000000008d100000, 0x000000008d100000, 0x000000008d200000|  0%| F|  |TAMS 0x000000008d100000, 0x000000008d100000| Untracked 
| 210|0x000000008d200000, 0x000000008d200000, 0x000000008d300000|  0%| F|  |TAMS 0x000000008d200000, 0x000000008d200000| Untracked 
| 211|0x000000008d300000, 0x000000008d300000, 0x000000008d400000|  0%| F|  |TAMS 0x000000008d300000, 0x000000008d300000| Untracked 
| 212|0x000000008d400000, 0x000000008d400000, 0x000000008d500000|  0%| F|  |TAMS 0x000000008d400000, 0x000000008d400000| Untracked 
| 213|0x000000008d500000, 0x000000008d500000, 0x000000008d600000|  0%| F|  |TAMS 0x000000008d500000, 0x000000008d500000| Untracked 
| 214|0x000000008d600000, 0x000000008d700000, 0x000000008d700000|100%| E|  |TAMS 0x000000008d600000, 0x000000008d600000| Complete 
| 215|0x000000008d700000, 0x000000008d800000, 0x000000008d800000|100%| E|CS|TAMS 0x000000008d700000, 0x000000008d700000| Complete 
| 216|0x000000008d800000, 0x000000008d900000, 0x000000008d900000|100%| E|CS|TAMS 0x000000008d800000, 0x000000008d800000| Complete 
| 217|0x000000008d900000, 0x000000008da00000, 0x000000008da00000|100%| E|CS|TAMS 0x000000008d900000, 0x000000008d900000| Complete 
| 218|0x000000008da00000, 0x000000008db00000, 0x000000008db00000|100%| E|CS|TAMS 0x000000008da00000, 0x000000008da00000| Complete 
| 219|0x000000008db00000, 0x000000008dc00000, 0x000000008dc00000|100%| E|CS|TAMS 0x000000008db00000, 0x000000008db00000| Complete 
| 220|0x000000008dc00000, 0x000000008dd00000, 0x000000008dd00000|100%| E|CS|TAMS 0x000000008dc00000, 0x000000008dc00000| Complete 
| 221|0x000000008dd00000, 0x000000008de00000, 0x000000008de00000|100%| E|CS|TAMS 0x000000008dd00000, 0x000000008dd00000| Complete 
| 222|0x000000008de00000, 0x000000008df00000, 0x000000008df00000|100%| E|CS|TAMS 0x000000008de00000, 0x000000008de00000| Complete 
| 223|0x000000008df00000, 0x000000008e000000, 0x000000008e000000|100%| E|CS|TAMS 0x000000008df00000, 0x000000008df00000| Complete 
| 224|0x000000008e000000, 0x000000008e100000, 0x000000008e100000|100%| E|CS|TAMS 0x000000008e000000, 0x000000008e000000| Complete 
| 225|0x000000008e100000, 0x000000008e200000, 0x000000008e200000|100%| E|CS|TAMS 0x000000008e100000, 0x000000008e100000| Complete 
| 226|0x000000008e200000, 0x000000008e300000, 0x000000008e300000|100%| E|CS|TAMS 0x000000008e200000, 0x000000008e200000| Complete 
| 227|0x000000008e300000, 0x000000008e400000, 0x000000008e400000|100%| E|CS|TAMS 0x000000008e300000, 0x000000008e300000| Complete 
| 228|0x000000008e400000, 0x000000008e500000, 0x000000008e500000|100%| E|CS|TAMS 0x000000008e400000, 0x000000008e400000| Complete 
| 229|0x000000008e500000, 0x000000008e600000, 0x000000008e600000|100%| E|CS|TAMS 0x000000008e500000, 0x000000008e500000| Complete 
| 230|0x000000008e600000, 0x000000008e700000, 0x000000008e700000|100%| E|CS|TAMS 0x000000008e600000, 0x000000008e600000| Complete 
| 231|0x000000008e700000, 0x000000008e800000, 0x000000008e800000|100%| E|CS|TAMS 0x000000008e700000, 0x000000008e700000| Complete 
| 232|0x000000008e800000, 0x000000008e900000, 0x000000008e900000|100%| E|CS|TAMS 0x000000008e800000, 0x000000008e800000| Complete 
| 233|0x000000008e900000, 0x000000008ea00000, 0x000000008ea00000|100%| E|CS|TAMS 0x000000008e900000, 0x000000008e900000| Complete 
| 234|0x000000008ea00000, 0x000000008eb00000, 0x000000008eb00000|100%| E|CS|TAMS 0x000000008ea00000, 0x000000008ea00000| Complete 
| 235|0x000000008eb00000, 0x000000008ec00000, 0x000000008ec00000|100%| E|CS|TAMS 0x000000008eb00000, 0x000000008eb00000| Complete 
| 236|0x000000008ec00000, 0x000000008ed00000, 0x000000008ed00000|100%| E|CS|TAMS 0x000000008ec00000, 0x000000008ec00000| Complete 
| 237|0x000000008ed00000, 0x000000008ee00000, 0x000000008ee00000|100%| E|CS|TAMS 0x000000008ed00000, 0x000000008ed00000| Complete 
| 238|0x000000008ee00000, 0x000000008ef00000, 0x000000008ef00000|100%| E|CS|TAMS 0x000000008ee00000, 0x000000008ee00000| Complete 
| 239|0x000000008ef00000, 0x000000008f000000, 0x000000008f000000|100%| E|CS|TAMS 0x000000008ef00000, 0x000000008ef00000| Complete 
| 240|0x000000008f000000, 0x000000008f100000, 0x000000008f100000|100%| E|CS|TAMS 0x000000008f000000, 0x000000008f000000| Complete 
| 241|0x000000008f100000, 0x000000008f200000, 0x000000008f200000|100%| E|CS|TAMS 0x000000008f100000, 0x000000008f100000| Complete 

Card table byte_map: [0x0000026ff4e80000,0x0000026ff5280000] _byte_map_base: 0x0000026ff4a80000

Marking Bits (Prev, Next): (CMBitMap*) 0x0000026ff12ea6c0, (CMBitMap*) 0x0000026ff12ea680
 Prev Bits: [0x0000026ff7680000, 0x0000026ff9680000)
 Next Bits: [0x0000026ff5680000, 0x0000026ff7680000)

Polling page: 0x0000026ff0a50000

Metaspace:

Usage:
  Non-class:     77.19 MB used.
      Class:     11.89 MB used.
       Both:     89.07 MB used.

Virtual space:
  Non-class space:       80.00 MB reserved,      77.56 MB ( 97%) committed,  10 nodes.
      Class space:        1.00 GB reserved,      12.19 MB (  1%) committed,  1 nodes.
             Both:        1.08 GB reserved,      89.75 MB (  8%) committed. 

Chunk freelists:
   Non-Class:  2.06 MB
       Class:  3.63 MB
        Both:  5.70 MB

MaxMetaspaceSize: unlimited
CompressedClassSpaceSize: 1.00 GB
Initial GC threshold: 21.00 MB
Current GC threshold: 115.75 MB
CDS: off
MetaspaceReclaimPolicy: balanced
 - commit_granule_bytes: 65536.
 - commit_granule_words: 8192.
 - virtual_space_node_default_size: 1048576.
 - enlarge_chunks_in_place: 1.
 - new_chunks_are_fully_committed: 0.
 - uncommit_free_chunks: 1.
 - use_allocation_guard: 0.
 - handle_deallocations: 1.


Internal statistics:

num_allocs_failed_limit: 3.
num_arena_births: 898.
num_arena_deaths: 0.
num_vsnodes_births: 11.
num_vsnodes_deaths: 0.
num_space_committed: 1435.
num_space_uncommitted: 0.
num_chunks_returned_to_freelist: 3.
num_chunks_taken_from_freelist: 4209.
num_chunk_merges: 3.
num_chunk_splits: 2794.
num_chunks_enlarged: 1873.
num_purges: 0.
num_inconsistent_stats: 0.

CodeHeap 'non-profiled nmethods': size=120000Kb used=5336Kb max_used=5336Kb free=114663Kb
 bounds [0x0000026f87ad0000, 0x0000026f88010000, 0x0000026f8f000000]
CodeHeap 'profiled nmethods': size=120000Kb used=16586Kb max_used=16586Kb free=103413Kb
 bounds [0x0000026f80000000, 0x0000026f81040000, 0x0000026f87530000]
CodeHeap 'non-nmethods': size=5760Kb used=2384Kb max_used=2468Kb free=3375Kb
 bounds [0x0000026f87530000, 0x0000026f877c0000, 0x0000026f87ad0000]
 total_blobs=9073 nmethods=8158 adapters=825
 compilation: enabled
              stopped_count=0, restarted_count=0
 full_count=0

Compilation events (20 events):
Event: 11.200 Thread 0x0000026ffcc32d60 8945       1       com.sun.xml.bind.v2.model.impl.TypeRefImpl::isNillable (5 bytes)
Event: 11.200 Thread 0x0000026ffcc32d60 nmethod 8945 0x0000026f88000590 code [0x0000026f88000720, 0x0000026f880007f8]
Event: 11.200 Thread 0x0000026ffcc32d60 8946       3       com.sun.xml.bind.v2.runtime.NameBuilder::allocIndex (39 bytes)
Event: 11.200 Thread 0x0000026ffcc32d60 nmethod 8946 0x0000026f81026210 code [0x0000026f81026400, 0x0000026f81026a38]
Event: 11.200 Thread 0x0000026ffcc32d60 8948       3       com.sun.xml.bind.v2.util.QNameMap::hash (36 bytes)
Event: 11.200 Thread 0x0000026ffcc32d60 nmethod 8948 0x0000026f81026d10 code [0x0000026f81026ea0, 0x0000026f81026fe8]
Event: 11.200 Thread 0x0000026ffcc32d60 8947       3       com.sun.xml.bind.v2.runtime.Name::<init> (41 bytes)
Event: 11.201 Thread 0x0000026ffcc32d60 nmethod 8947 0x0000026f81027090 code [0x0000026f81027240, 0x0000026f81027478]
Event: 11.201 Thread 0x0000026ffcc32d60 8949       1       com.sun.xml.bind.v2.runtime.property.PropertyImpl::hasSerializeURIAction (2 bytes)
Event: 11.201 Thread 0x0000026ffcc32d60 nmethod 8949 0x0000026f88000890 code [0x0000026f88000a20, 0x0000026f88000af8]
Event: 11.201 Thread 0x0000026ffcc32d60 8950       1       com.sun.xml.bind.v2.model.impl.TypeRefImpl::getDefaultValue (5 bytes)
Event: 11.201 Thread 0x0000026ffcc32d60 nmethod 8950 0x0000026f88000b90 code [0x0000026f88000d20, 0x0000026f88000df8]
Event: 11.201 Thread 0x0000026ffcc32d60 8951       3       com.sun.xml.bind.v2.util.QNameMap::put (169 bytes)
Event: 11.201 Thread 0x0000026ffcc32d60 nmethod 8951 0x0000026f81027590 code [0x0000026f81027780, 0x0000026f81027bd8]
Event: 11.201 Thread 0x0000026ffcc32d60 8953       3       com.sun.istack.FinalArrayList::<init> (5 bytes)
Event: 11.201 Thread 0x0000026ffcc32d60 nmethod 8953 0x0000026f81027d90 code [0x0000026f81027f40, 0x0000026f81028238]
Event: 11.201 Thread 0x0000026ffcc32d60 8952       3       com.sun.xml.bind.v2.util.QNameMap::addEntry (60 bytes)
Event: 11.202 Thread 0x0000026ffcc32d60 nmethod 8952 0x0000026f81028390 code [0x0000026f81028560, 0x0000026f81028b48]
Event: 11.215 Thread 0x0000026ffcc32d60 8956       3       java.lang.invoke.TypeConvertingMethodAdapter::<init> (8 bytes)
Event: 11.215 Thread 0x0000026ffcc32d60 nmethod 8956 0x0000026f81028d10 code [0x0000026f81028ea0, 0x0000026f81028fe8]

GC Heap History (20 events):
Event: 6.476 GC heap before
{Heap before GC invocations=26 (full 0):
 garbage-first heap   total 144384K, used 92731K [0x0000000080000000, 0x0000000100000000)
  region size 1024K, 24 young (24576K), 5 survivors (5120K)
 Metaspace       used 54861K, committed 55424K, reserved 1097728K
  class space    used 7290K, committed 7552K, reserved 1048576K
}
Event: 6.482 GC heap after
{Heap after GC invocations=27 (full 0):
 garbage-first heap   total 144384K, used 77950K [0x0000000080000000, 0x0000000100000000)
  region size 1024K, 5 young (5120K), 5 survivors (5120K)
 Metaspace       used 54861K, committed 55424K, reserved 1097728K
  class space    used 7290K, committed 7552K, reserved 1048576K
}
Event: 6.856 GC heap before
{Heap before GC invocations=28 (full 0):
 garbage-first heap   total 145408K, used 114814K [0x0000000080000000, 0x0000000100000000)
  region size 1024K, 38 young (38912K), 5 survivors (5120K)
 Metaspace       used 58496K, committed 59072K, reserved 1105920K
  class space    used 7807K, committed 8064K, reserved 1048576K
}
Event: 6.863 GC heap after
{Heap after GC invocations=29 (full 0):
 garbage-first heap   total 145408K, used 86164K [0x0000000080000000, 0x0000000100000000)
  region size 1024K, 5 young (5120K), 5 survivors (5120K)
 Metaspace       used 58496K, committed 59072K, reserved 1105920K
  class space    used 7807K, committed 8064K, reserved 1048576K
}
Event: 6.886 GC heap before
{Heap before GC invocations=29 (full 0):
 garbage-first heap   total 145408K, used 87188K [0x0000000080000000, 0x0000000100000000)
  region size 1024K, 7 young (7168K), 5 survivors (5120K)
 Metaspace       used 58912K, committed 59456K, reserved 1105920K
  class space    used 7829K, committed 8064K, reserved 1048576K
}
Event: 6.889 GC heap after
{Heap after GC invocations=30 (full 0):
 garbage-first heap   total 145408K, used 87089K [0x0000000080000000, 0x0000000100000000)
  region size 1024K, 1 young (1024K), 1 survivors (1024K)
 Metaspace       used 58912K, committed 59456K, reserved 1105920K
  class space    used 7829K, committed 8064K, reserved 1048576K
}
Event: 7.323 GC heap before
{Heap before GC invocations=30 (full 0):
 garbage-first heap   total 145408K, used 114737K [0x0000000080000000, 0x0000000100000000)
  region size 1024K, 29 young (29696K), 1 survivors (1024K)
 Metaspace       used 63478K, committed 64128K, reserved 1105920K
  class space    used 8398K, committed 8704K, reserved 1048576K
}
Event: 7.326 GC heap after
{Heap after GC invocations=31 (full 0):
 garbage-first heap   total 145408K, used 87741K [0x0000000080000000, 0x0000000100000000)
  region size 1024K, 2 young (2048K), 2 survivors (2048K)
 Metaspace       used 63478K, committed 64128K, reserved 1105920K
  class space    used 8398K, committed 8704K, reserved 1048576K
}
Event: 7.726 GC heap before
{Heap before GC invocations=32 (full 0):
 garbage-first heap   total 150528K, used 122557K [0x0000000080000000, 0x0000000100000000)
  region size 1024K, 30 young (30720K), 2 survivors (2048K)
 Metaspace       used 66973K, committed 67584K, reserved 1114112K
  class space    used 8868K, committed 9152K, reserved 1048576K
}
Event: 7.731 GC heap after
{Heap after GC invocations=33 (full 0):
 garbage-first heap   total 150528K, used 91375K [0x0000000080000000, 0x0000000100000000)
  region size 1024K, 4 young (4096K), 4 survivors (4096K)
 Metaspace       used 66973K, committed 67584K, reserved 1114112K
  class space    used 8868K, committed 9152K, reserved 1048576K
}
Event: 7.778 GC heap before
{Heap before GC invocations=33 (full 0):
 garbage-first heap   total 150528K, used 94447K [0x0000000080000000, 0x0000000100000000)
  region size 1024K, 7 young (7168K), 4 survivors (4096K)
 Metaspace       used 67513K, committed 68160K, reserved 1114112K
  class space    used 8914K, committed 9216K, reserved 1048576K
}
Event: 7.783 GC heap after
{Heap after GC invocations=34 (full 0):
 garbage-first heap   total 150528K, used 91410K [0x0000000080000000, 0x0000000100000000)
  region size 1024K, 1 young (1024K), 1 survivors (1024K)
 Metaspace       used 67513K, committed 68160K, reserved 1114112K
  class space    used 8914K, committed 9216K, reserved 1048576K
}
Event: 8.113 GC heap before
{Heap before GC invocations=34 (full 0):
 garbage-first heap   total 150528K, used 121106K [0x0000000080000000, 0x0000000100000000)
  region size 1024K, 30 young (30720K), 1 survivors (1024K)
 Metaspace       used 70291K, committed 70912K, reserved 1114112K
  class space    used 9249K, committed 9536K, reserved 1048576K
}
Event: 8.117 GC heap after
{Heap after GC invocations=35 (full 0):
 garbage-first heap   total 247808K, used 92872K [0x0000000080000000, 0x0000000100000000)
  region size 1024K, 3 young (3072K), 3 survivors (3072K)
 Metaspace       used 70291K, committed 70912K, reserved 1114112K
  class space    used 9249K, committed 9536K, reserved 1048576K
}
Event: 9.266 GC heap before
{Heap before GC invocations=36 (full 0):
 garbage-first heap   total 247808K, used 177864K [0x0000000080000000, 0x0000000100000000)
  region size 1024K, 86 young (88064K), 3 survivors (3072K)
 Metaspace       used 76727K, committed 77376K, reserved 1122304K
  class space    used 10343K, committed 10624K, reserved 1048576K
}
Event: 9.274 GC heap after
{Heap after GC invocations=37 (full 0):
 garbage-first heap   total 247808K, used 98432K [0x0000000080000000, 0x0000000100000000)
  region size 1024K, 8 young (8192K), 8 survivors (8192K)
 Metaspace       used 76727K, committed 77376K, reserved 1122304K
  class space    used 10343K, committed 10624K, reserved 1048576K
}
Event: 9.345 GC heap before
{Heap before GC invocations=37 (full 0):
 garbage-first heap   total 247808K, used 102528K [0x0000000080000000, 0x0000000100000000)
  region size 1024K, 12 young (12288K), 8 survivors (8192K)
 Metaspace       used 77112K, committed 77760K, reserved 1122304K
  class space    used 10392K, committed 10688K, reserved 1048576K
}
Event: 9.352 GC heap after
{Heap after GC invocations=38 (full 0):
 garbage-first heap   total 247808K, used 98872K [0x0000000080000000, 0x0000000100000000)
  region size 1024K, 2 young (2048K), 2 survivors (2048K)
 Metaspace       used 77112K, committed 77760K, reserved 1122304K
  class space    used 10392K, committed 10688K, reserved 1048576K
}
Event: 10.760 GC heap before
{Heap before GC invocations=38 (full 0):
 garbage-first heap   total 247808K, used 214584K [0x0000000080000000, 0x0000000100000000)
  region size 1024K, 92 young (94208K), 2 survivors (2048K)
 Metaspace       used 86292K, committed 86976K, reserved 1130496K
  class space    used 11465K, committed 11776K, reserved 1048576K
}
Event: 10.770 GC heap after
{Heap after GC invocations=39 (full 0):
 garbage-first heap   total 247808K, used 132348K [0x0000000080000000, 0x0000000100000000)
  region size 1024K, 12 young (12288K), 12 survivors (12288K)
 Metaspace       used 86292K, committed 86976K, reserved 1130496K
  class space    used 11465K, committed 11776K, reserved 1048576K
}

Dll operation events (2 events):
Event: 0.007 Loaded shared library C:\Users\vijay\AppData\Local\Programs\Android Studio 2\jbr\bin\java.dll
Event: 0.343 Loaded shared library C:\Users\vijay\AppData\Local\Programs\Android Studio 2\jbr\bin\verify.dll

Deoptimization events (20 events):
Event: 10.957 Thread 0x0000026ffcf7c000 Uncommon trap: trap_request=0xffffffc6 fr.pc=0x0000026f87f23aa0 relative=0x0000000000000080
Event: 10.957 Thread 0x0000026ffcf7c000 Uncommon trap: reason=bimorphic_or_optimized_type_check action=maybe_recompile pc=0x0000026f87f23aa0 method=java.util.Collections$UnmodifiableCollection.size()I @ 4 c2
Event: 10.957 Thread 0x0000026ffcf7c000 DEOPT PACKING pc=0x0000026f87f23aa0 sp=0x00000078465f8130
Event: 10.957 Thread 0x0000026ffcf7c000 DEOPT UNPACKING pc=0x0000026f875869a3 sp=0x00000078465f80b8 mode 2
Event: 11.032 Thread 0x0000026ffcf7c000 Uncommon trap: trap_request=0xfffffff4 fr.pc=0x0000026f87e7b6e0 relative=0x00000000000022a0
Event: 11.032 Thread 0x0000026ffcf7c000 Uncommon trap: reason=null_check action=make_not_entrant pc=0x0000026f87e7b6e0 method=java.lang.Class.createAnnotationData(I)Ljava/lang/Class$AnnotationData; @ 14 c2
Event: 11.032 Thread 0x0000026ffcf7c000 DEOPT PACKING pc=0x0000026f87e7b6e0 sp=0x00000078465f8120
Event: 11.032 Thread 0x0000026ffcf7c000 DEOPT UNPACKING pc=0x0000026f875869a3 sp=0x00000078465f80a0 mode 2
Event: 11.041 Thread 0x0000026ffcf7c000 Uncommon trap: trap_request=0xffffffc6 fr.pc=0x0000026f87f23aa0 relative=0x0000000000000080
Event: 11.041 Thread 0x0000026ffcf7c000 Uncommon trap: reason=bimorphic_or_optimized_type_check action=maybe_recompile pc=0x0000026f87f23aa0 method=java.util.Collections$UnmodifiableCollection.size()I @ 4 c2
Event: 11.041 Thread 0x0000026ffcf7c000 DEOPT PACKING pc=0x0000026f87f23aa0 sp=0x00000078465f8580
Event: 11.041 Thread 0x0000026ffcf7c000 DEOPT UNPACKING pc=0x0000026f875869a3 sp=0x00000078465f8510 mode 2
Event: 11.041 Thread 0x0000026ffcf7c000 Uncommon trap: trap_request=0xffffffc6 fr.pc=0x0000026f87f23aa0 relative=0x0000000000000080
Event: 11.041 Thread 0x0000026ffcf7c000 Uncommon trap: reason=bimorphic_or_optimized_type_check action=maybe_recompile pc=0x0000026f87f23aa0 method=java.util.Collections$UnmodifiableCollection.size()I @ 4 c2
Event: 11.041 Thread 0x0000026ffcf7c000 DEOPT PACKING pc=0x0000026f87f23aa0 sp=0x00000078465f8580
Event: 11.041 Thread 0x0000026ffcf7c000 DEOPT UNPACKING pc=0x0000026f875869a3 sp=0x00000078465f8510 mode 2
Event: 11.041 Thread 0x0000026ffcf7c000 Uncommon trap: trap_request=0xffffffc6 fr.pc=0x0000026f87f23aa0 relative=0x0000000000000080
Event: 11.041 Thread 0x0000026ffcf7c000 Uncommon trap: reason=bimorphic_or_optimized_type_check action=maybe_recompile pc=0x0000026f87f23aa0 method=java.util.Collections$UnmodifiableCollection.size()I @ 4 c2
Event: 11.041 Thread 0x0000026ffcf7c000 DEOPT PACKING pc=0x0000026f87f23aa0 sp=0x00000078465f8580
Event: 11.041 Thread 0x0000026ffcf7c000 DEOPT UNPACKING pc=0x0000026f875869a3 sp=0x00000078465f8510 mode 2

Classes unloaded (0 events):
No events

Classes redefined (0 events):
No events

Internal exceptions (20 events):
Event: 10.536 Thread 0x0000026ffcf7c000 Exception <a 'java/lang/ClassNotFoundException'{0x000000008a4e29c0}: org/gradle/internal/service/scopes/ProjectScopeServicesCustomizer> (0x000000008a4e29c0) 
thrown [s\src\hotspot\share\classfile\systemDictionary.cpp, line 256]
Event: 10.538 Thread 0x0000026ffcf7c000 Exception <a 'java/lang/ClassNotFoundException'{0x000000008a4fdbd0}: org/gradle/api/internal/catalog/DefaultDependenciesAccessorsBeanInfo> (0x000000008a4fdbd0) 
thrown [s\src\hotspot\share\classfile\systemDictionary.cpp, line 256]
Event: 10.538 Thread 0x0000026ffcf7c000 Exception <a 'java/lang/ClassNotFoundException'{0x000000008a356b38}: org/gradle/api/internal/catalog/DefaultDependenciesAccessorsCustomizer> (0x000000008a356b38) 
thrown [s\src\hotspot\share\classfile\systemDictionary.cpp, line 256]
Event: 10.540 Thread 0x0000026ffcf7c000 Exception <a 'java/lang/ClassNotFoundException'{0x000000008a378790}: org/gradle/internal/classpath/DefaultClassPathBeanInfo> (0x000000008a378790) 
thrown [s\src\hotspot\share\classfile\systemDictionary.cpp, line 256]
Event: 10.540 Thread 0x0000026ffcf7c000 Exception <a 'java/lang/ClassNotFoundException'{0x000000008a380890}: org/gradle/internal/classpath/DefaultClassPathCustomizer> (0x000000008a380890) 
thrown [s\src\hotspot\share\classfile\systemDictionary.cpp, line 256]
Event: 10.544 Thread 0x0000026ffcf7c000 Exception <a 'java/lang/ClassNotFoundException'{0x000000008a296c38}: org/gradle/internal/classpath/DefaultClassPath$ImmutableUniqueListBeanInfo> (0x000000008a296c38) 
thrown [s\src\hotspot\share\classfile\systemDictionary.cpp, line 256]
Event: 10.544 Thread 0x0000026ffcf7c000 Exception <a 'java/lang/ClassNotFoundException'{0x000000008a29b1d8}: java/util/AbstractListBeanInfo> (0x000000008a29b1d8) 
thrown [s\src\hotspot\share\classfile\systemDictionary.cpp, line 256]
Event: 10.545 Thread 0x0000026ffcf7c000 Exception <a 'java/lang/ClassNotFoundException'{0x000000008a29f750}: java/util/AbstractListCustomizer> (0x000000008a29f750) 
thrown [s\src\hotspot\share\classfile\systemDictionary.cpp, line 256]
Event: 10.545 Thread 0x0000026ffcf7c000 Exception <a 'java/lang/ClassNotFoundException'{0x000000008a2b28d8}: org/gradle/internal/classpath/DefaultClassPath$ImmutableUniqueListCustomizer> (0x000000008a2b28d8) 
thrown [s\src\hotspot\share\classfile\systemDictionary.cpp, line 256]
Event: 10.551 Thread 0x0000026ffcf7c000 Exception <a 'java/lang/ClassNotFoundException'{0x000000008a2f58b8}: org/jetbrains/plugins/gradle/model/DefaultDependencyAccessorsModelBeanInfo> (0x000000008a2f58b8) 
thrown [s\src\hotspot\share\classfile\systemDictionary.cpp, line 256]
Event: 10.551 Thread 0x0000026ffcf7c000 Exception <a 'java/lang/ClassNotFoundException'{0x000000008a2fdd10}: org/jetbrains/plugins/gradle/model/DefaultDependencyAccessorsModelCustomizer> (0x000000008a2fdd10) 
thrown [s\src\hotspot\share\classfile\systemDictionary.cpp, line 256]
Event: 10.559 Thread 0x0000026f916502a0 Exception <a 'java/lang/NoSuchMethodError'{0x000000008a3376f8}: static Lorg/jetbrains/plugins/gradle/tooling/internal/VersionCatalogsModelImpl;.<clinit>()V> (0x000000008a3376f8) 
thrown [s\src\hotspot\share\prims\jni.cpp, line 1108]
Event: 10.566 Thread 0x0000026ffcf7c000 Exception <a 'java/lang/ClassNotFoundException'{0x0000000089f3e7c8}: org/gradle/api/internal/tasks/DefaultSourceSetContainer_DecoratedBeanInfo> (0x0000000089f3e7c8) 
thrown [s\src\hotspot\share\classfile\systemDictionary.cpp, line 256]
Event: 10.566 Thread 0x0000026ffcf7c000 Exception <a 'java/lang/ClassNotFoundException'{0x0000000089f48730}: org/gradle/api/internal/tasks/DefaultSourceSetContainerBeanInfo> (0x0000000089f48730) 
thrown [s\src\hotspot\share\classfile\systemDictionary.cpp, line 256]
Event: 10.567 Thread 0x0000026ffcf7c000 Exception <a 'java/lang/ClassNotFoundException'{0x0000000089f526b8}: org/gradle/api/internal/tasks/DefaultSourceSetContainerCustomizer> (0x0000000089f526b8) 
thrown [s\src\hotspot\share\classfile\systemDictionary.cpp, line 256]
Event: 10.568 Thread 0x0000026ffcf7c000 Exception <a 'java/lang/ClassNotFoundException'{0x0000000089f67d58}: org/gradle/api/internal/tasks/DefaultSourceSetContainer_DecoratedCustomizer> (0x0000000089f67d58) 
thrown [s\src\hotspot\share\classfile\systemDictionary.cpp, line 256]
Event: 10.626 Thread 0x0000026f916502a0 Exception <a 'java/lang/NoSuchMethodError'{0x0000000089d471a8}: static Lorg/jetbrains/plugins/gradle/tooling/serialization/internal/adapter/kotlin/dsl/InternalKotlinDslScriptsModel;.<clinit>()V> (0x0000000089d471a8) 
thrown [s\src\hotspot\share\prims\jni.cpp, line 1108]
Event: 10.887 Thread 0x0000026ffcf7c000 Exception <a 'sun/nio/fs/WindowsException'{0x000000008eba4e58}> (0x000000008eba4e58) 
thrown [s\src\hotspot\share\prims\jni.cpp, line 517]
Event: 10.987 Thread 0x0000026ffcf7c000 Exception <a 'java/lang/NullPointerException'{0x000000008e4e3148}> (0x000000008e4e3148) 
thrown [s\src\hotspot\share\interpreter\linkResolver.cpp, line 1447]
Event: 11.032 Thread 0x0000026ffcf7c000 Implicit null exception at 0x0000026f87e79520 to 0x0000026f87e7b6b8

VM Operations (20 events):
Event: 9.988 Executing VM operation: HandshakeAllThreads
Event: 9.988 Executing VM operation: HandshakeAllThreads done
Event: 9.992 Executing VM operation: HandshakeAllThreads
Event: 9.993 Executing VM operation: HandshakeAllThreads done
Event: 10.000 Executing VM operation: ICBufferFull
Event: 10.001 Executing VM operation: ICBufferFull done
Event: 10.185 Executing VM operation: HandshakeAllThreads
Event: 10.185 Executing VM operation: HandshakeAllThreads done
Event: 10.187 Executing VM operation: HandshakeAllThreads
Event: 10.188 Executing VM operation: HandshakeAllThreads done
Event: 10.409 Executing VM operation: ICBufferFull
Event: 10.409 Executing VM operation: ICBufferFull done
Event: 10.760 Executing VM operation: G1CollectForAllocation
Event: 10.770 Executing VM operation: G1CollectForAllocation done
Event: 10.954 Executing VM operation: HandshakeAllThreads
Event: 10.954 Executing VM operation: HandshakeAllThreads done
Event: 11.036 Executing VM operation: HandshakeAllThreads
Event: 11.036 Executing VM operation: HandshakeAllThreads done
Event: 11.234 Executing VM operation: HandshakeAllThreads
Event: 11.235 Executing VM operation: HandshakeAllThreads done

Events (20 events):
Event: 11.249 loading class com/sun/org/apache/xerces/internal/impl/dtd/XMLEntityDecl
Event: 11.250 loading class com/sun/org/apache/xerces/internal/impl/dtd/XMLEntityDecl done
Event: 11.250 loading class com/sun/org/apache/xerces/internal/impl/dtd/XMLNSDTDValidator
Event: 11.250 loading class com/sun/org/apache/xerces/internal/impl/dtd/XMLDTDValidator
Event: 11.251 loading class com/sun/org/apache/xerces/internal/xni/parser/XMLDocumentFilter
Event: 11.251 loading class com/sun/org/apache/xerces/internal/xni/parser/XMLDocumentFilter done
Event: 11.251 loading class com/sun/org/apache/xerces/internal/impl/dtd/XMLDTDValidatorFilter
Event: 11.251 loading class com/sun/org/apache/xerces/internal/impl/dtd/XMLDTDValidatorFilter done
Event: 11.251 loading class com/sun/org/apache/xerces/internal/impl/RevalidationHandler
Event: 11.251 loading class com/sun/org/apache/xerces/internal/impl/RevalidationHandler done
Event: 11.251 loading class com/sun/org/apache/xerces/internal/impl/dtd/XMLDTDValidator done
Event: 11.251 loading class com/sun/org/apache/xerces/internal/impl/dtd/XMLNSDTDValidator done
Event: 11.251 loading class com/sun/org/apache/xerces/internal/impl/validation/ValidationState
Event: 11.251 loading class com/sun/org/apache/xerces/internal/impl/dv/ValidationContext
Event: 11.252 loading class com/sun/org/apache/xerces/internal/impl/dv/ValidationContext done
Event: 11.252 loading class com/sun/org/apache/xerces/internal/impl/validation/ValidationState done
Event: 11.252 loading class com/sun/org/apache/xerces/internal/impl/dtd/XMLElementDecl
Event: 11.252 loading class com/sun/org/apache/xerces/internal/impl/dtd/XMLElementDecl done
Event: 11.252 loading class com/sun/org/apache/xerces/internal/impl/dtd/XMLSimpleType
Event: 11.252 loading class com/sun/org/apache/xerces/internal/impl/dtd/XMLSimpleType done


Dynamic libraries:
0x00007ff6f5bb0000 - 0x00007ff6f5bba000 	C:\Users\vijay\AppData\Local\Programs\Android Studio 2\jbr\bin\java.exe
0x00007ffa69850000 - 0x00007ffa69a67000 	C:\WINDOWS\SYSTEM32\ntdll.dll
0x00007ffa69460000 - 0x00007ffa69524000 	C:\WINDOWS\System32\KERNEL32.DLL
0x00007ffa66d20000 - 0x00007ffa670c7000 	C:\WINDOWS\System32\KERNELBASE.dll
0x00007ffa67300000 - 0x00007ffa67411000 	C:\WINDOWS\System32\ucrtbase.dll
0x00007ffa58270000 - 0x00007ffa58287000 	C:\Users\vijay\AppData\Local\Programs\Android Studio 2\jbr\bin\jli.dll
0x00007ffa52680000 - 0x00007ffa5269b000 	C:\Users\vijay\AppData\Local\Programs\Android Studio 2\jbr\bin\VCRUNTIME140.dll
0x00007ffa68760000 - 0x00007ffa6890e000 	C:\WINDOWS\System32\USER32.dll
0x00007ffa66cf0000 - 0x00007ffa66d16000 	C:\WINDOWS\System32\win32u.dll
0x00007ffa69790000 - 0x00007ffa697b9000 	C:\WINDOWS\System32\GDI32.dll
0x00007ffa3f680000 - 0x00007ffa3f913000 	C:\WINDOWS\WinSxS\amd64_microsoft.windows.common-controls_6595b64144ccf1df_6.0.22621.2506_none_270c5ae97388e100\COMCTL32.dll
0x00007ffa67490000 - 0x00007ffa675a9000 	C:\WINDOWS\System32\gdi32full.dll
0x00007ffa68180000 - 0x00007ffa68227000 	C:\WINDOWS\System32\msvcrt.dll
0x00007ffa66bd0000 - 0x00007ffa66c6a000 	C:\WINDOWS\System32\msvcp_win.dll
0x00007ffa695e0000 - 0x00007ffa69611000 	C:\WINDOWS\System32\IMM32.DLL
0x00007ffa63fe0000 - 0x00007ffa63fec000 	C:\Users\vijay\AppData\Local\Programs\Android Studio 2\jbr\bin\vcruntime140_1.dll
0x00007ffa2d290000 - 0x00007ffa2d31d000 	C:\Users\vijay\AppData\Local\Programs\Android Studio 2\jbr\bin\msvcp140.dll
0x00007ff9c1a60000 - 0x00007ff9c26ce000 	C:\Users\vijay\AppData\Local\Programs\Android Studio 2\jbr\bin\server\jvm.dll
0x00007ffa693a0000 - 0x00007ffa69450000 	C:\WINDOWS\System32\ADVAPI32.dll
0x00007ffa67770000 - 0x00007ffa67816000 	C:\WINDOWS\System32\sechost.dll
0x00007ffa689c0000 - 0x00007ffa68ad7000 	C:\WINDOWS\System32\RPCRT4.dll
0x00007ffa603d0000 - 0x00007ffa603da000 	C:\WINDOWS\SYSTEM32\VERSION.dll
0x00007ffa54d30000 - 0x00007ffa54d64000 	C:\WINDOWS\SYSTEM32\WINMM.dll
0x00007ffa44f30000 - 0x00007ffa44f39000 	C:\WINDOWS\SYSTEM32\WSOCK32.dll
0x00007ffa67ff0000 - 0x00007ffa68061000 	C:\WINDOWS\System32\WS2_32.dll
0x00007ffa65ba0000 - 0x00007ffa65bb8000 	C:\WINDOWS\SYSTEM32\kernel.appcore.dll
0x00007ffa63fb0000 - 0x00007ffa63fba000 	C:\Users\vijay\AppData\Local\Programs\Android Studio 2\jbr\bin\jimage.dll
0x00007ffa52ed0000 - 0x00007ffa53103000 	C:\WINDOWS\SYSTEM32\DBGHELP.DLL
0x00007ffa68230000 - 0x00007ffa685b9000 	C:\WINDOWS\System32\combase.dll
0x00007ffa67e10000 - 0x00007ffa67ee7000 	C:\WINDOWS\System32\OLEAUT32.dll
0x00007ffa50d90000 - 0x00007ffa50dc2000 	C:\WINDOWS\SYSTEM32\dbgcore.DLL
0x00007ffa66c70000 - 0x00007ffa66cea000 	C:\WINDOWS\System32\bcryptPrimitives.dll
0x00007ffa5d8b0000 - 0x00007ffa5d8d5000 	C:\Users\vijay\AppData\Local\Programs\Android Studio 2\jbr\bin\java.dll
0x00007ffa61f30000 - 0x00007ffa61f48000 	C:\Users\vijay\AppData\Local\Programs\Android Studio 2\jbr\bin\zip.dll
0x00007ffa68b40000 - 0x00007ffa69399000 	C:\WINDOWS\System32\SHELL32.dll
0x00007ffa64a70000 - 0x00007ffa65364000 	C:\WINDOWS\SYSTEM32\windows.storage.dll
0x00007ffa64930000 - 0x00007ffa64a6e000 	C:\WINDOWS\SYSTEM32\wintypes.dll
0x00007ffa67ef0000 - 0x00007ffa67fe3000 	C:\WINDOWS\System32\SHCORE.dll
0x00007ffa68940000 - 0x00007ffa6899e000 	C:\WINDOWS\System32\shlwapi.dll
0x00007ffa66b00000 - 0x00007ffa66b26000 	C:\WINDOWS\SYSTEM32\profapi.dll
0x00007ffa61e10000 - 0x00007ffa61e29000 	C:\Users\vijay\AppData\Local\Programs\Android Studio 2\jbr\bin\net.dll
0x00007ffa5fd70000 - 0x00007ffa5fea7000 	C:\WINDOWS\SYSTEM32\WINHTTP.dll
0x00007ffa66100000 - 0x00007ffa66169000 	C:\WINDOWS\system32\mswsock.dll
0x00007ffa5fb90000 - 0x00007ffa5fba6000 	C:\Users\vijay\AppData\Local\Programs\Android Studio 2\jbr\bin\nio.dll
0x00007ffa635a0000 - 0x00007ffa635b0000 	C:\Users\vijay\AppData\Local\Programs\Android Studio 2\jbr\bin\verify.dll
0x00007ffa2f290000 - 0x00007ffa2f2b7000 	C:\Users\vijay\.gradle\native\68d5fa5c4cc2d200863cafc0d521ce42e7d3e7ee720ec0a83991735586a16f82\windows-amd64\native-platform.dll
0x00007ff9e6cc0000 - 0x00007ff9e6e04000 	C:\Users\vijay\.gradle\native\e376f236ea51e6404a007f0833ffe2c6e607c4080706a723a18a27aeea778392\windows-amd64\native-platform-file-events.dll
0x00007ffa61df0000 - 0x00007ffa61df9000 	C:\Users\vijay\AppData\Local\Programs\Android Studio 2\jbr\bin\management.dll
0x00007ffa615b0000 - 0x00007ffa615bb000 	C:\Users\vijay\AppData\Local\Programs\Android Studio 2\jbr\bin\management_ext.dll
0x00007ffa69450000 - 0x00007ffa69458000 	C:\WINDOWS\System32\PSAPI.DLL
0x00007ffa66330000 - 0x00007ffa6634b000 	C:\WINDOWS\SYSTEM32\CRYPTSP.dll
0x00007ffa65b60000 - 0x00007ffa65b95000 	C:\WINDOWS\system32\rsaenh.dll
0x00007ffa661c0000 - 0x00007ffa661ec000 	C:\WINDOWS\SYSTEM32\USERENV.dll
0x00007ffa66560000 - 0x00007ffa66588000 	C:\WINDOWS\SYSTEM32\bcrypt.dll
0x00007ffa66350000 - 0x00007ffa6635c000 	C:\WINDOWS\SYSTEM32\CRYPTBASE.dll
0x00007ffa655d0000 - 0x00007ffa655fd000 	C:\WINDOWS\SYSTEM32\IPHLPAPI.DLL
0x00007ffa689a0000 - 0x00007ffa689a9000 	C:\WINDOWS\System32\NSI.dll
0x00007ffa5fbd0000 - 0x00007ffa5fbe9000 	C:\WINDOWS\SYSTEM32\dhcpcsvc6.DLL
0x00007ffa5fbb0000 - 0x00007ffa5fbcf000 	C:\WINDOWS\SYSTEM32\dhcpcsvc.DLL
0x00007ffa65640000 - 0x00007ffa65739000 	C:\WINDOWS\SYSTEM32\DNSAPI.dll
0x00007ffa31670000 - 0x00007ffa31678000 	C:\WINDOWS\system32\wshunix.dll

dbghelp: loaded successfully - version: 4.0.5 - missing functions: none
symbol engine: initialized successfully - sym options: 0x614 - pdb path: .;C:\Users\vijay\AppData\Local\Programs\Android Studio 2\jbr\bin;C:\WINDOWS\SYSTEM32;C:\WINDOWS\WinSxS\amd64_microsoft.windows.common-controls_6595b64144ccf1df_6.0.22621.2506_none_270c5ae97388e100;C:\Users\vijay\AppData\Local\Programs\Android Studio 2\jbr\bin\server;C:\Users\vijay\.gradle\native\68d5fa5c4cc2d200863cafc0d521ce42e7d3e7ee720ec0a83991735586a16f82\windows-amd64;C:\Users\vijay\.gradle\native\e376f236ea51e6404a007f0833ffe2c6e607c4080706a723a18a27aeea778392\windows-amd64

VM Arguments:
jvm_args: --add-opens=java.base/java.util=ALL-UNNAMED --add-opens=java.base/java.lang=ALL-UNNAMED --add-opens=java.base/java.lang.invoke=ALL-UNNAMED --add-opens=java.prefs/java.util.prefs=ALL-UNNAMED --add-opens=java.base/java.nio.charset=ALL-UNNAMED --add-opens=java.base/java.net=ALL-UNNAMED --add-opens=java.base/java.util.concurrent.atomic=ALL-UNNAMED -Xmx2048m -Dfile.encoding=UTF-8 -Duser.country=IN -Duser.language=en -Duser.variant 
java_command: org.gradle.launcher.daemon.bootstrap.GradleDaemon 8.0
java_class_path (initial): C:\Users\vijay\.gradle\wrapper\dists\gradle-8.0-bin\ca5e32bp14vu59qr306oxotwh\gradle-8.0\lib\gradle-launcher-8.0.jar
Launcher Type: SUN_STANDARD

[Global flags]
     intx CICompilerCount                          = 4                                         {product} {ergonomic}
     uint ConcGCThreads                            = 2                                         {product} {ergonomic}
     uint G1ConcRefinementThreads                  = 8                                         {product} {ergonomic}
   size_t G1HeapRegionSize                         = 1048576                                   {product} {ergonomic}
    uintx GCDrainStackTargetSize                   = 64                                        {product} {ergonomic}
   size_t InitialHeapSize                          = 132120576                                 {product} {ergonomic}
   size_t MarkStackSize                            = 4194304                                   {product} {ergonomic}
   size_t MaxHeapSize                              = 2147483648                                {product} {command line}
   size_t MaxNewSize                               = 1287651328                                {product} {ergonomic}
   size_t MinHeapDeltaBytes                        = 1048576                                   {product} {ergonomic}
   size_t MinHeapSize                              = 8388608                                   {product} {ergonomic}
    uintx NonNMethodCodeHeapSize                   = 5839372                                {pd product} {ergonomic}
    uintx NonProfiledCodeHeapSize                  = 122909434                              {pd product} {ergonomic}
    uintx ProfiledCodeHeapSize                     = 122909434                              {pd product} {ergonomic}
    uintx ReservedCodeCacheSize                    = 251658240                              {pd product} {ergonomic}
     bool SegmentedCodeCache                       = true                                      {product} {ergonomic}
   size_t SoftMaxHeapSize                          = 2147483648                             {manageable} {ergonomic}
     bool UseCompressedClassPointers               = true                           {product lp64_product} {ergonomic}
     bool UseCompressedOops                        = true                           {product lp64_product} {ergonomic}
     bool UseG1GC                                  = true                                      {product} {ergonomic}
     bool UseLargePagesIndividualAllocation        = false                                  {pd product} {ergonomic}

Logging:
Log output configuration:
 #0: stdout all=warning uptime,level,tags
 #1: stderr all=off uptime,level,tags

Environment Variables:
PATH=C:\Program Files (x86)\VMware\VMware Workstation\bin\;C:\Program Files\Common Files\Oracle\Java\javapath;C:\apps\ordbc\bin;C:\app\vijay\product\21c\dbhomeXE\bin;C:\Python39\Scripts\;C:\Python39\;C:\Program Files\Java\jdk-16.0.1\bin;C:\Windows\system32;C:\Windows;C:\Windows\System32\Wbem;C:\Windows\System32\WindowsPowerShell\v1.0\;C:\Windows\System32\OpenSSH\;C:\Program Files (x86)\NVIDIA Corporation\PhysX\Common;C:\Program Files\NVIDIA Corporation\NVIDIA NvDLISR;C:\ProgramData\chocolatey\bin;C:\WINDOWS\system32;C:\WINDOWS;C:\WINDOWS\System32\Wbem;C:\WINDOWS\System32\WindowsPowerShell\v1.0\;C:\WINDOWS\System32\OpenSSH\;C:\Program Files\dotnet\;C:\Program Files (x86)\dotnet\;C:\Program Files\Microsoft SQL Server\Client SDK\ODBC\170\Tools\Binn\;C:\Program Files (x86)\Microsoft SQL Server\150\Tools\Binn\;C:\Program Files\Microsoft SQL Server\150\Tools\Binn\;C:\Program Files\Microsoft SQL Server\150\DTS\Binn\;C:\Program Files\Git\cmd;C:\Apache Maven\apache-maven-3.8.7\bin;C:\Program Files\nodejs\;C:\Program Files\Docker\Docker\resources\bin;C:\Program Files\PuTTY\;C:\TDM-GCC-64\bin;C:\Program Files\MySQL\MySQL Shell 8.0\bin\;C:\Users\vijay\anaconda3;C:\Users\vijay\anaconda3\Library\mingw-w64\bin;C:\Users\vijay\anaconda3\Library\usr\bin;C:\Users\vijay\anaconda3\Library\bin;C:\Users\vijay\anaconda3\Scripts;C:\Users\vijay\AppData\Local\Microsoft\WindowsApps;C:\Users\vijay\AppData\Local\Programs\Microsoft VS Code\bin;C:\Program Files\JetBrains\PyCharm Community Edition 2022.2.1\bin;C:\Program Files\JetBrains\IntelliJ IDEA Educational Edition 2022.2\bin;;C:\Program Files\JetBrains\WebStorm 2022.2.1\bin;;C:\Program Files\JetBrains\CLion 2022.2.1\bin;;C:\Program Files\JetBrains\PyCharm 2022.2.1\bin;;C:\Program Files\JetBrains\DataGrip 2022.2.2\bin;;C:\Users\vijay\AppData\Local\JetBrains\Toolbox\scripts;C:\Users\vijay\AppData\Roaming\npm;C:\Users\vijay\AppData\Local\Microsoft\WindowsApps;C:\Program Files\heroku\bin
USERNAME=vijay
OS=Windows_NT
PROCESSOR_IDENTIFIER=Intel64 Family 6 Model 158 Stepping 13, GenuineIntel
TMP=C:\Users\vijay\AppData\Local\Temp
TEMP=C:\Users\vijay\AppData\Local\Temp


JNI global refs:
JNI global refs: 24, weak refs: 1

JNI global refs memory usage: 843, weak refs: 841


---------------  S Y S T E M  ---------------

OS:
 Windows 11 , 64 bit Build 22621 (10.0.22621.2506)
OS uptime: 0 days 11:55 hours
Hyper-V role detected

CPU: total 8 (initial active 8) (4 cores per cpu, 2 threads per core) family 6 model 158 stepping 13 microcode 0xea, cx8, cmov, fxsr, ht, mmx, 3dnowpref, sse, sse2, sse3, ssse3, sse4.1, sse4.2, popcnt, lzcnt, tsc, tscinvbit, avx, avx2, aes, erms, clmul, bmi1, bmi2, adx, fma, vzeroupper, clflush, clflushopt, hv

Memory: 4k page, system-wide physical 8029M (446M free)
TotalPageFile size 16221M (AvailPageFile size 8M)
current process WorkingSet (physical memory assigned to process): 500M, peak: 501M
current process commit charge ("private bytes"): 541M, peak: 545M

vm_info: OpenJDK 64-Bit Server VM (17.0.6+0-b2043.56-10027231) for windows-amd64 JRE (17.0.6+0-b2043.56-10027231), built on Apr 28 2023 00:43:19 by "androidbuild" with MS VC++ 16.10 / 16.11 (VS2019)

END.
