#
# There is insufficient memory for the Java Runtime Environment to continue.
# Native memory allocation (malloc) failed to allocate 1578896 bytes for Chunk::new
# Possible reasons:
#   The system is out of physical RAM or swap space
#   The process is running with CompressedOops enabled, and the Java Heap may be blocking the growth of the native heap
# Possible solutions:
#   Reduce memory load on the system
#   Increase physical memory or swap space
#   Check if swap backing store is full
#   Decrease Java heap size (-Xmx/-Xms)
#   Decrease number of Java threads
#   Decrease Java thread stack sizes (-Xss)
#   Set larger code cache with -XX:ReservedCodeCacheSize=
#   JVM is running with Unscaled Compressed Oops mode in which the Java heap is
#     placed in the first 4GB address space. The Java Heap base address is the
#     maximum limit for the native heap growth. Please use -XX:HeapBaseMinAddress
#     to set the Java Heap base and to place the Java Heap above 4GB virtual address.
# This output file may be truncated or incomplete.
#
#  Out of Memory Error (arena.cpp:189), pid=17744, tid=15940
#
# JRE version: OpenJDK Runtime Environment (17.0.6) (build 17.0.6+0-b2043.56-10027231)
# Java VM: OpenJDK 64-Bit Server VM (17.0.6+0-b2043.56-10027231, mixed mode, tiered, compressed oops, compressed class ptrs, g1 gc, windows-amd64)
# No core dump will be written. Minidumps are not enabled by default on client versions of Windows
#

---------------  S U M M A R Y ------------

Command Line: --add-opens=java.base/java.util=ALL-UNNAMED --add-opens=java.base/java.lang=ALL-UNNAMED --add-opens=java.base/java.lang.invoke=ALL-UNNAMED --add-opens=java.prefs/java.util.prefs=ALL-UNNAMED --add-opens=java.base/java.nio.charset=ALL-UNNAMED --add-opens=java.base/java.net=ALL-UNNAMED --add-opens=java.base/java.util.concurrent.atomic=ALL-UNNAMED -Xmx2048m -Dfile.encoding=UTF-8 -Duser.country=IN -Duser.language=en -Duser.variant org.gradle.launcher.daemon.bootstrap.GradleDaemon 8.0

Host: Intel(R) Core(TM) i5-9300H CPU @ 2.40GHz, 8 cores, 7G,  Windows 11 , 64 bit Build 22621 (10.0.22621.2506)
Time: Mon Oct 30 07:50:22 2023 India Standard Time elapsed time: 4.626231 seconds (0d 0h 0m 4s)

---------------  T H R E A D  ---------------

Current thread (0x0000021926796690):  JavaThread "C2 CompilerThread1" daemon [_thread_in_native, id=15940, stack(0x000000c2a6f00000,0x000000c2a7000000)]


Current CompileTask:
C2:   4626 4214       4       groovy.lang.MetaClassImpl$1MOPIter::methodNameAction (325 bytes)

Stack: [0x000000c2a6f00000,0x000000c2a7000000]
Native frames: (J=compiled Java code, j=interpreted, Vv=VM code, C=native code)
V  [jvm.dll+0x683c9a]
V  [jvm.dll+0x8427a4]
V  [jvm.dll+0x843f9e]
V  [jvm.dll+0x844603]
V  [jvm.dll+0x249b75]
V  [jvm.dll+0xabcac]
V  [jvm.dll+0xac27c]
V  [jvm.dll+0x368802]
V  [jvm.dll+0x332f31]
V  [jvm.dll+0x3323da]
V  [jvm.dll+0x21c201]
V  [jvm.dll+0x21b621]
V  [jvm.dll+0x1a4fdd]
V  [jvm.dll+0x22b098]
V  [jvm.dll+0x229159]
V  [jvm.dll+0x7f81ec]
V  [jvm.dll+0x7f274a]
V  [jvm.dll+0x682ad5]
C  [ucrtbase.dll+0x29363]
C  [KERNEL32.DLL+0x1257d]
C  [ntdll.dll+0x5aa58]


---------------  P R O C E S S  ---------------

Threads class SMR info:
_java_thread_list=0x0000021929331600, length=42, elements={
0x00000219069adff0, 0x00000219229cdf90, 0x00000219229cee00, 0x00000219229fe4e0,
0x0000021923429e40, 0x000002192342cd00, 0x000002192342d6b0, 0x000002192342e390,
0x000002192342f5d0, 0x0000021923431fd0, 0x00000219235d7600, 0x00000219235d7ad0,
0x00000219245f19b0, 0x0000021925c9df50, 0x0000021925c6a010, 0x0000021924c66790,
0x0000021925a83920, 0x0000021924e2a9b0, 0x000002192449d850, 0x0000021924c0cbe0,
0x0000021924c0b3d0, 0x0000021924c0e3f0, 0x0000021924c0e8c0, 0x0000021924c0c710,
0x0000021924c0d580, 0x0000021926796690, 0x0000021924c0c240, 0x0000021924c0ed90,
0x0000021924c0df20, 0x0000021924c0d0b0, 0x0000021924c0b8a0, 0x0000021924c0da50,
0x0000021924c0bd70, 0x0000021925961bc0, 0x00000219259603b0, 0x00000219259650b0,
0x000002192595f070, 0x00000219259633d0, 0x00000219259638a0, 0x0000021925964240,
0x0000021925964710, 0x0000021925965a50
}

Java Threads: ( => current thread )
  0x00000219069adff0 JavaThread "main" [_thread_blocked, id=13596, stack(0x000000c2a4700000,0x000000c2a4800000)]
  0x00000219229cdf90 JavaThread "Reference Handler" daemon [_thread_blocked, id=15868, stack(0x000000c2a4e00000,0x000000c2a4f00000)]
  0x00000219229cee00 JavaThread "Finalizer" daemon [_thread_blocked, id=7988, stack(0x000000c2a4f00000,0x000000c2a5000000)]
  0x00000219229fe4e0 JavaThread "Signal Dispatcher" daemon [_thread_blocked, id=18356, stack(0x000000c2a5000000,0x000000c2a5100000)]
  0x0000021923429e40 JavaThread "Attach Listener" daemon [_thread_blocked, id=896, stack(0x000000c2a5100000,0x000000c2a5200000)]
  0x000002192342cd00 JavaThread "Service Thread" daemon [_thread_blocked, id=16956, stack(0x000000c2a5200000,0x000000c2a5300000)]
  0x000002192342d6b0 JavaThread "Monitor Deflation Thread" daemon [_thread_blocked, id=11928, stack(0x000000c2a5300000,0x000000c2a5400000)]
  0x000002192342e390 JavaThread "C2 CompilerThread0" daemon [_thread_in_native, id=10884, stack(0x000000c2a5400000,0x000000c2a5500000)]
  0x000002192342f5d0 JavaThread "C1 CompilerThread0" daemon [_thread_in_native, id=12096, stack(0x000000c2a5500000,0x000000c2a5600000)]
  0x0000021923431fd0 JavaThread "Sweeper thread" daemon [_thread_blocked, id=3224, stack(0x000000c2a5600000,0x000000c2a5700000)]
  0x00000219235d7600 JavaThread "Common-Cleaner" daemon [_thread_blocked, id=13332, stack(0x000000c2a5700000,0x000000c2a5800000)]
  0x00000219235d7ad0 JavaThread "Notification Thread" daemon [_thread_blocked, id=15652, stack(0x000000c2a5800000,0x000000c2a5900000)]
  0x00000219245f19b0 JavaThread "Daemon health stats" [_thread_blocked, id=3848, stack(0x000000c2a6000000,0x000000c2a6100000)]
  0x0000021925c9df50 JavaThread "Incoming local TCP Connector on port 64839" [_thread_in_native, id=9660, stack(0x000000c2a5a00000,0x000000c2a5b00000)]
  0x0000021925c6a010 JavaThread "Daemon periodic checks" [_thread_blocked, id=18244, stack(0x000000c2a5b00000,0x000000c2a5c00000)]
  0x0000021924c66790 JavaThread "Daemon" [_thread_blocked, id=11640, stack(0x000000c2a6100000,0x000000c2a6200000)]
  0x0000021925a83920 JavaThread "Handler for socket connection from /127.0.0.1:64839 to /127.0.0.1:64840" [_thread_in_native, id=14772, stack(0x000000c2a6200000,0x000000c2a6300000)]
  0x0000021924e2a9b0 JavaThread "Cancel handler" [_thread_blocked, id=16880, stack(0x000000c2a6300000,0x000000c2a6400000)]
  0x000002192449d850 JavaThread "Daemon worker" [_thread_in_Java, id=3172, stack(0x000000c2a6400000,0x000000c2a6500000)]
  0x0000021924c0cbe0 JavaThread "Asynchronous log dispatcher for DefaultDaemonConnection: socket connection from /127.0.0.1:64839 to /127.0.0.1:64840" [_thread_blocked, id=18348, stack(0x000000c2a6500000,0x000000c2a6600000)]
  0x0000021924c0b3d0 JavaThread "Stdin handler" [_thread_blocked, id=10588, stack(0x000000c2a6600000,0x000000c2a6700000)]
  0x0000021924c0e3f0 JavaThread "Daemon client event forwarder" [_thread_blocked, id=11652, stack(0x000000c2a6700000,0x000000c2a6800000)]
  0x0000021924c0e8c0 JavaThread "Cache worker for journal cache (C:\Users\vijay\.gradle\caches\journal-1)" [_thread_blocked, id=1976, stack(0x000000c2a6c00000,0x000000c2a6d00000)]
  0x0000021924c0c710 JavaThread "File lock request listener" [_thread_in_native, id=17628, stack(0x000000c2a6d00000,0x000000c2a6e00000)]
  0x0000021924c0d580 JavaThread "Cache worker for file hash cache (C:\Users\vijay\.gradle\caches\8.0\fileHashes)" [_thread_blocked, id=12720, stack(0x000000c2a6e00000,0x000000c2a6f00000)]
=>0x0000021926796690 JavaThread "C2 CompilerThread1" daemon [_thread_in_native, id=15940, stack(0x000000c2a6f00000,0x000000c2a7000000)]
  0x0000021924c0c240 JavaThread "File watcher server" daemon [_thread_in_native, id=16544, stack(0x000000c2a7000000,0x000000c2a7100000)]
  0x0000021924c0ed90 JavaThread "File watcher consumer" daemon [_thread_blocked, id=13512, stack(0x000000c2a7100000,0x000000c2a7200000)]
  0x0000021924c0df20 JavaThread "jar transforms" [_thread_blocked, id=16764, stack(0x000000c2a7200000,0x000000c2a7300000)]
  0x0000021924c0d0b0 JavaThread "jar transforms Thread 2" [_thread_blocked, id=17136, stack(0x000000c2a7300000,0x000000c2a7400000)]
  0x0000021924c0b8a0 JavaThread "jar transforms Thread 3" [_thread_blocked, id=9540, stack(0x000000c2a7400000,0x000000c2a7500000)]
  0x0000021924c0da50 JavaThread "jar transforms Thread 4" [_thread_blocked, id=16916, stack(0x000000c2a7500000,0x000000c2a7600000)]
  0x0000021924c0bd70 JavaThread "jar transforms Thread 5" [_thread_blocked, id=4532, stack(0x000000c2a7600000,0x000000c2a7700000)]
  0x0000021925961bc0 JavaThread "jar transforms Thread 6" [_thread_blocked, id=15732, stack(0x000000c2a7700000,0x000000c2a7800000)]
  0x00000219259603b0 JavaThread "jar transforms Thread 7" [_thread_blocked, id=4016, stack(0x000000c2a7800000,0x000000c2a7900000)]
  0x00000219259650b0 JavaThread "jar transforms Thread 8" [_thread_blocked, id=17856, stack(0x000000c2a7900000,0x000000c2a7a00000)]
  0x000002192595f070 JavaThread "Cache worker for checksums cache (C:\Users\vijay\AndroidStudioProjects\MyApplicationARtrial7\.gradle\8.0\checksums)" [_thread_blocked, id=10296, stack(0x000000c2a7a00000,0x000000c2a7b00000)]
  0x00000219259633d0 JavaThread "Cache worker for cache directory md-rule (C:\Users\vijay\.gradle\caches\8.0\md-rule)" [_thread_blocked, id=6236, stack(0x000000c2a7b00000,0x000000c2a7c00000)]
  0x00000219259638a0 JavaThread "Cache worker for file content cache (C:\Users\vijay\.gradle\caches\8.0\fileContent)" [_thread_blocked, id=3460, stack(0x000000c2a7c00000,0x000000c2a7d00000)]
  0x0000021925964240 JavaThread "Cache worker for file hash cache (C:\Users\vijay\AndroidStudioProjects\MyApplicationARtrial7\.gradle\8.0\fileHashes)" [_thread_blocked, id=1736, stack(0x000000c2a7d00000,0x000000c2a7e00000)]
  0x0000021925964710 JavaThread "Cache worker for cache directory md-supplier (C:\Users\vijay\.gradle\caches\8.0\md-supplier)" [_thread_blocked, id=7744, stack(0x000000c2a7e00000,0x000000c2a7f00000)]
  0x0000021925965a50 JavaThread "Cache worker for execution history cache (C:\Users\vijay\.gradle\caches\8.0\executionHistory)" [_thread_blocked, id=14420, stack(0x000000c2a7f00000,0x000000c2a8000000)]

Other Threads:
  0x00000219229cbbe0 VMThread "VM Thread" [stack: 0x000000c2a4d00000,0x000000c2a4e00000] [id=17996]
  0x0000021908c02b20 WatcherThread [stack: 0x000000c2a5900000,0x000000c2a5a00000] [id=8740]
  0x0000021908beac60 GCTaskThread "GC Thread#0" [stack: 0x000000c2a4800000,0x000000c2a4900000] [id=11884]
  0x000002192389dae0 GCTaskThread "GC Thread#1" [stack: 0x000000c2a5c00000,0x000000c2a5d00000] [id=4396]
  0x000002192389dd90 GCTaskThread "GC Thread#2" [stack: 0x000000c2a5d00000,0x000000c2a5e00000] [id=2380]
  0x0000021923b83580 GCTaskThread "GC Thread#3" [stack: 0x000000c2a5e00000,0x000000c2a5f00000] [id=6428]
  0x0000021924c955c0 GCTaskThread "GC Thread#4" [stack: 0x000000c2a5f00000,0x000000c2a6000000] [id=16352]
  0x0000021924c108e0 GCTaskThread "GC Thread#5" [stack: 0x000000c2a6800000,0x000000c2a6900000] [id=648]
  0x0000021925cd8c70 GCTaskThread "GC Thread#6" [stack: 0x000000c2a6900000,0x000000c2a6a00000] [id=12984]
  0x0000021924daaa60 GCTaskThread "GC Thread#7" [stack: 0x000000c2a6a00000,0x000000c2a6b00000] [id=12436]
  0x0000021908bfbba0 ConcurrentGCThread "G1 Main Marker" [stack: 0x000000c2a4900000,0x000000c2a4a00000] [id=8272]
  0x0000021908bfc5b0 ConcurrentGCThread "G1 Conc#0" [stack: 0x000000c2a4a00000,0x000000c2a4b00000] [id=15832]
  0x0000021924ac0f10 ConcurrentGCThread "G1 Conc#1" [stack: 0x000000c2a6b00000,0x000000c2a6c00000] [id=4632]
  0x0000021908c4e780 ConcurrentGCThread "G1 Refine#0" [stack: 0x000000c2a4b00000,0x000000c2a4c00000] [id=8028]
  0x0000021922834730 ConcurrentGCThread "G1 Service" [stack: 0x000000c2a4c00000,0x000000c2a4d00000] [id=17228]

Threads with active compile tasks:
C2 CompilerThread0     4641 4223       4       java.util.Arrays::binarySearch0 (95 bytes)
C2 CompilerThread1     4641 4214       4       groovy.lang.MetaClassImpl$1MOPIter::methodNameAction (325 bytes)

VM state: not at safepoint (normal execution)

VM Mutex/Monitor currently owned by a thread: None

Heap address: 0x0000000080000000, size: 2048 MB, Compressed Oops mode: 32-bit

CDS archive(s) not mapped
Compressed class space mapped at: 0x0000000100000000-0x0000000140000000, reserved size: 1073741824
Narrow klass base: 0x0000000000000000, Narrow klass shift: 3, Narrow klass range: 0x140000000

GC Precious Log:
 CPUs: 8 total, 8 available
 Memory: 8029M
 Large Page Support: Disabled
 NUMA Support: Disabled
 Compressed Oops: Enabled (32-bit)
 Heap Region Size: 1M
 Heap Min Capacity: 8M
 Heap Initial Capacity: 126M
 Heap Max Capacity: 2G
 Pre-touch: Disabled
 Parallel Workers: 8
 Concurrent Workers: 2
 Concurrent Refinement Workers: 8
 Periodic GC: Disabled

Heap:
 garbage-first heap   total 121856K, used 78969K [0x0000000080000000, 0x0000000100000000)
  region size 1024K, 14 young (14336K), 4 survivors (4096K)
 Metaspace       used 49101K, committed 49536K, reserved 1097728K
  class space    used 6402K, committed 6592K, reserved 1048576K

Heap Regions: E=young(eden), S=young(survivor), O=old, HS=humongous(starts), HC=humongous(continues), CS=collection set, F=free, OA=open archive, CA=closed archive, TAMS=top-at-mark-start (previous, next)
|   0|0x0000000080000000, 0x0000000080100000, 0x0000000080100000|100%|HS|  |TAMS 0x0000000080100000, 0x0000000080000000| Complete 
|   1|0x0000000080100000, 0x0000000080200000, 0x0000000080200000|100%|HC|  |TAMS 0x0000000080200000, 0x0000000080100000| Complete 
|   2|0x0000000080200000, 0x0000000080300000, 0x0000000080300000|100%|HC|  |TAMS 0x0000000080300000, 0x0000000080200000| Complete 
|   3|0x0000000080300000, 0x0000000080400000, 0x0000000080400000|100%|HC|  |TAMS 0x0000000080400000, 0x0000000080300000| Complete 
|   4|0x0000000080400000, 0x0000000080500000, 0x0000000080500000|100%| O|  |TAMS 0x0000000080500000, 0x0000000080400000| Untracked 
|   5|0x0000000080500000, 0x0000000080600000, 0x0000000080600000|100%| O|  |TAMS 0x0000000080600000, 0x0000000080500000| Untracked 
|   6|0x0000000080600000, 0x0000000080700000, 0x0000000080700000|100%| O|  |TAMS 0x0000000080700000, 0x0000000080600000| Untracked 
|   7|0x0000000080700000, 0x0000000080800000, 0x0000000080800000|100%| O|  |TAMS 0x0000000080800000, 0x0000000080700000| Untracked 
|   8|0x0000000080800000, 0x0000000080900000, 0x0000000080900000|100%| O|  |TAMS 0x0000000080900000, 0x0000000080800000| Untracked 
|   9|0x0000000080900000, 0x0000000080a00000, 0x0000000080a00000|100%| O|  |TAMS 0x0000000080a00000, 0x0000000080900000| Untracked 
|  10|0x0000000080a00000, 0x0000000080b00000, 0x0000000080b00000|100%| O|  |TAMS 0x0000000080b00000, 0x0000000080a00000| Untracked 
|  11|0x0000000080b00000, 0x0000000080c00000, 0x0000000080c00000|100%| O|  |TAMS 0x0000000080c00000, 0x0000000080b00000| Untracked 
|  12|0x0000000080c00000, 0x0000000080d00000, 0x0000000080d00000|100%| O|  |TAMS 0x0000000080d00000, 0x0000000080c00000| Untracked 
|  13|0x0000000080d00000, 0x0000000080e00000, 0x0000000080e00000|100%| O|  |TAMS 0x0000000080e00000, 0x0000000080d00000| Untracked 
|  14|0x0000000080e00000, 0x0000000080f00000, 0x0000000080f00000|100%| O|  |TAMS 0x0000000080f00000, 0x0000000080e00000| Untracked 
|  15|0x0000000080f00000, 0x0000000081000000, 0x0000000081000000|100%| O|  |TAMS 0x0000000081000000, 0x0000000080f00000| Untracked 
|  16|0x0000000081000000, 0x0000000081100000, 0x0000000081100000|100%| O|  |TAMS 0x0000000081100000, 0x0000000081000000| Untracked 
|  17|0x0000000081100000, 0x0000000081200000, 0x0000000081200000|100%| O|  |TAMS 0x0000000081200000, 0x0000000081100000| Untracked 
|  18|0x0000000081200000, 0x0000000081300000, 0x0000000081300000|100%| O|  |TAMS 0x0000000081300000, 0x0000000081200000| Untracked 
|  19|0x0000000081300000, 0x0000000081400000, 0x0000000081400000|100%| O|  |TAMS 0x0000000081400000, 0x0000000081300000| Untracked 
|  20|0x0000000081400000, 0x0000000081500000, 0x0000000081500000|100%| O|  |TAMS 0x0000000081500000, 0x0000000081400000| Untracked 
|  21|0x0000000081500000, 0x0000000081600000, 0x0000000081600000|100%|HS|  |TAMS 0x0000000081600000, 0x0000000081500000| Complete 
|  22|0x0000000081600000, 0x0000000081700000, 0x0000000081700000|100%|HC|  |TAMS 0x0000000081700000, 0x0000000081600000| Complete 
|  23|0x0000000081700000, 0x0000000081800000, 0x0000000081800000|100%|HS|  |TAMS 0x0000000081800000, 0x0000000081700000| Complete 
|  24|0x0000000081800000, 0x0000000081900000, 0x0000000081900000|100%|HC|  |TAMS 0x0000000081900000, 0x0000000081800000| Complete 
|  25|0x0000000081900000, 0x0000000081a00000, 0x0000000081a00000|100%|HC|  |TAMS 0x0000000081a00000, 0x0000000081900000| Complete 
|  26|0x0000000081a00000, 0x0000000081b00000, 0x0000000081b00000|100%|HS|  |TAMS 0x0000000081b00000, 0x0000000081a00000| Complete 
|  27|0x0000000081b00000, 0x0000000081c00000, 0x0000000081c00000|100%|HC|  |TAMS 0x0000000081c00000, 0x0000000081b00000| Complete 
|  28|0x0000000081c00000, 0x0000000081d00000, 0x0000000081d00000|100%|HC|  |TAMS 0x0000000081d00000, 0x0000000081c00000| Complete 
|  29|0x0000000081d00000, 0x0000000081e00000, 0x0000000081e00000|100%|HS|  |TAMS 0x0000000081e00000, 0x0000000081d00000| Complete 
|  30|0x0000000081e00000, 0x0000000081f00000, 0x0000000081f00000|100%|HC|  |TAMS 0x0000000081f00000, 0x0000000081e00000| Complete 
|  31|0x0000000081f00000, 0x0000000082000000, 0x0000000082000000|100%|HC|  |TAMS 0x0000000082000000, 0x0000000081f00000| Complete 
|  32|0x0000000082000000, 0x0000000082100000, 0x0000000082100000|100%|HC|  |TAMS 0x0000000082100000, 0x0000000082000000| Complete 
|  33|0x0000000082100000, 0x0000000082200000, 0x0000000082200000|100%|HC|  |TAMS 0x0000000082200000, 0x0000000082100000| Complete 
|  34|0x0000000082200000, 0x0000000082300000, 0x0000000082300000|100%|HC|  |TAMS 0x0000000082300000, 0x0000000082200000| Complete 
|  35|0x0000000082300000, 0x0000000082400000, 0x0000000082400000|100%|HC|  |TAMS 0x0000000082400000, 0x0000000082300000| Complete 
|  36|0x0000000082400000, 0x0000000082500000, 0x0000000082500000|100%|HC|  |TAMS 0x0000000082500000, 0x0000000082400000| Complete 
|  37|0x0000000082500000, 0x0000000082600000, 0x0000000082600000|100%|HC|  |TAMS 0x0000000082600000, 0x0000000082500000| Complete 
|  38|0x0000000082600000, 0x0000000082700000, 0x0000000082700000|100%|HC|  |TAMS 0x0000000082700000, 0x0000000082600000| Complete 
|  39|0x0000000082700000, 0x0000000082800000, 0x0000000082800000|100%|HC|  |TAMS 0x0000000082800000, 0x0000000082700000| Complete 
|  40|0x0000000082800000, 0x0000000082900000, 0x0000000082900000|100%|HC|  |TAMS 0x0000000082900000, 0x0000000082800000| Complete 
|  41|0x0000000082900000, 0x0000000082a00000, 0x0000000082a00000|100%| O|  |TAMS 0x0000000082a00000, 0x0000000082900000| Untracked 
|  42|0x0000000082a00000, 0x0000000082b00000, 0x0000000082b00000|100%| O|  |TAMS 0x0000000082b00000, 0x0000000082a00000| Untracked 
|  43|0x0000000082b00000, 0x0000000082c00000, 0x0000000082c00000|100%| O|  |TAMS 0x0000000082c00000, 0x0000000082b00000| Untracked 
|  44|0x0000000082c00000, 0x0000000082d00000, 0x0000000082d00000|100%| O|  |TAMS 0x0000000082d00000, 0x0000000082c00000| Untracked 
|  45|0x0000000082d00000, 0x0000000082e00000, 0x0000000082e00000|100%| O|  |TAMS 0x0000000082e00000, 0x0000000082d00000| Untracked 
|  46|0x0000000082e00000, 0x0000000082f00000, 0x0000000082f00000|100%|HS|  |TAMS 0x0000000082f00000, 0x0000000082e00000| Complete 
|  47|0x0000000082f00000, 0x0000000083000000, 0x0000000083000000|100%|HC|  |TAMS 0x0000000083000000, 0x0000000082f00000| Complete 
|  48|0x0000000083000000, 0x0000000083100000, 0x0000000083100000|100%| O|  |TAMS 0x0000000083100000, 0x0000000083000000| Untracked 
|  49|0x0000000083100000, 0x0000000083200000, 0x0000000083200000|100%| O|  |TAMS 0x0000000083200000, 0x0000000083100000| Untracked 
|  50|0x0000000083200000, 0x0000000083300000, 0x0000000083300000|100%| O|  |TAMS 0x0000000083300000, 0x0000000083200000| Untracked 
|  51|0x0000000083300000, 0x0000000083400000, 0x0000000083400000|100%| O|  |TAMS 0x0000000083400000, 0x0000000083300000| Untracked 
|  52|0x0000000083400000, 0x0000000083500000, 0x0000000083500000|100%| O|  |TAMS 0x0000000083500000, 0x0000000083400000| Untracked 
|  53|0x0000000083500000, 0x0000000083600000, 0x0000000083600000|100%| O|  |TAMS 0x0000000083600000, 0x0000000083500000| Untracked 
|  54|0x0000000083600000, 0x0000000083700000, 0x0000000083700000|100%|HS|  |TAMS 0x0000000083700000, 0x0000000083600000| Complete 
|  55|0x0000000083700000, 0x0000000083800000, 0x0000000083800000|100%|HC|  |TAMS 0x0000000083800000, 0x0000000083700000| Complete 
|  56|0x0000000083800000, 0x0000000083900000, 0x0000000083900000|100%|HC|  |TAMS 0x0000000083900000, 0x0000000083800000| Complete 
|  57|0x0000000083900000, 0x0000000083a00000, 0x0000000083a00000|100%| O|  |TAMS 0x0000000083a00000, 0x0000000083900000| Untracked 
|  58|0x0000000083a00000, 0x0000000083b00000, 0x0000000083b00000|100%| O|  |TAMS 0x0000000083a8f600, 0x0000000083a00000| Untracked 
|  59|0x0000000083b00000, 0x0000000083c00000, 0x0000000083c00000|100%|HS|  |TAMS 0x0000000083c00000, 0x0000000083b00000| Complete 
|  60|0x0000000083c00000, 0x0000000083d00000, 0x0000000083d00000|100%|HC|  |TAMS 0x0000000083d00000, 0x0000000083c00000| Complete 
|  61|0x0000000083d00000, 0x0000000083e00000, 0x0000000083e00000|100%|HC|  |TAMS 0x0000000083e00000, 0x0000000083d00000| Complete 
|  62|0x0000000083e00000, 0x0000000083f00000, 0x0000000083f00000|100%| O|  |TAMS 0x0000000083e00000, 0x0000000083e00000| Untracked 
|  63|0x0000000083f00000, 0x0000000083f5c800, 0x0000000084000000| 36%| O|  |TAMS 0x0000000083f00000, 0x0000000083f00000| Untracked 
|  64|0x0000000084000000, 0x0000000084100000, 0x0000000084100000|100%|HS|  |TAMS 0x0000000084000000, 0x0000000084000000| Complete 
|  65|0x0000000084100000, 0x0000000084100000, 0x0000000084200000|  0%| F|  |TAMS 0x0000000084100000, 0x0000000084100000| Untracked 
|  66|0x0000000084200000, 0x0000000084200000, 0x0000000084300000|  0%| F|  |TAMS 0x0000000084200000, 0x0000000084200000| Untracked 
|  67|0x0000000084300000, 0x0000000084300000, 0x0000000084400000|  0%| F|  |TAMS 0x0000000084300000, 0x0000000084300000| Untracked 
|  68|0x0000000084400000, 0x0000000084400000, 0x0000000084500000|  0%| F|  |TAMS 0x0000000084400000, 0x0000000084400000| Untracked 
|  69|0x0000000084500000, 0x0000000084500000, 0x0000000084600000|  0%| F|  |TAMS 0x0000000084500000, 0x0000000084500000| Untracked 
|  70|0x0000000084600000, 0x0000000084600000, 0x0000000084700000|  0%| F|  |TAMS 0x0000000084600000, 0x0000000084600000| Untracked 
|  71|0x0000000084700000, 0x0000000084700000, 0x0000000084800000|  0%| F|  |TAMS 0x0000000084700000, 0x0000000084700000| Untracked 
|  72|0x0000000084800000, 0x0000000084800000, 0x0000000084900000|  0%| F|  |TAMS 0x0000000084800000, 0x0000000084800000| Untracked 
|  73|0x0000000084900000, 0x0000000084900000, 0x0000000084a00000|  0%| F|  |TAMS 0x0000000084900000, 0x0000000084900000| Untracked 
|  74|0x0000000084a00000, 0x0000000084a00000, 0x0000000084b00000|  0%| F|  |TAMS 0x0000000084a00000, 0x0000000084a00000| Untracked 
|  75|0x0000000084b00000, 0x0000000084b00000, 0x0000000084c00000|  0%| F|  |TAMS 0x0000000084b00000, 0x0000000084b00000| Untracked 
|  76|0x0000000084c00000, 0x0000000084c00000, 0x0000000084d00000|  0%| F|  |TAMS 0x0000000084c00000, 0x0000000084c00000| Untracked 
|  77|0x0000000084d00000, 0x0000000084d00000, 0x0000000084e00000|  0%| F|  |TAMS 0x0000000084d00000, 0x0000000084d00000| Untracked 
|  78|0x0000000084e00000, 0x0000000084e00000, 0x0000000084f00000|  0%| F|  |TAMS 0x0000000084e00000, 0x0000000084e00000| Untracked 
|  79|0x0000000084f00000, 0x0000000084f00000, 0x0000000085000000|  0%| F|  |TAMS 0x0000000084f00000, 0x0000000084f00000| Untracked 
|  80|0x0000000085000000, 0x0000000085000000, 0x0000000085100000|  0%| F|  |TAMS 0x0000000085000000, 0x0000000085000000| Untracked 
|  81|0x0000000085100000, 0x0000000085100000, 0x0000000085200000|  0%| F|  |TAMS 0x0000000085100000, 0x0000000085100000| Untracked 
|  82|0x0000000085200000, 0x0000000085200000, 0x0000000085300000|  0%| F|  |TAMS 0x0000000085200000, 0x0000000085200000| Untracked 
|  83|0x0000000085300000, 0x0000000085300000, 0x0000000085400000|  0%| F|  |TAMS 0x0000000085300000, 0x0000000085300000| Untracked 
|  84|0x0000000085400000, 0x0000000085400000, 0x0000000085500000|  0%| F|  |TAMS 0x0000000085400000, 0x0000000085400000| Untracked 
|  85|0x0000000085500000, 0x0000000085500000, 0x0000000085600000|  0%| F|  |TAMS 0x0000000085500000, 0x0000000085500000| Untracked 
|  86|0x0000000085600000, 0x0000000085600000, 0x0000000085700000|  0%| F|  |TAMS 0x0000000085600000, 0x0000000085600000| Untracked 
|  87|0x0000000085700000, 0x0000000085700000, 0x0000000085800000|  0%| F|  |TAMS 0x0000000085700000, 0x0000000085700000| Untracked 
|  88|0x0000000085800000, 0x0000000085800000, 0x0000000085900000|  0%| F|  |TAMS 0x0000000085800000, 0x0000000085800000| Untracked 
|  89|0x0000000085900000, 0x0000000085900000, 0x0000000085a00000|  0%| F|  |TAMS 0x0000000085900000, 0x0000000085900000| Untracked 
|  90|0x0000000085a00000, 0x0000000085a00000, 0x0000000085b00000|  0%| F|  |TAMS 0x0000000085a00000, 0x0000000085a00000| Untracked 
|  91|0x0000000085b00000, 0x0000000085b00000, 0x0000000085c00000|  0%| F|  |TAMS 0x0000000085b00000, 0x0000000085b00000| Untracked 
|  92|0x0000000085c00000, 0x0000000085c00000, 0x0000000085d00000|  0%| F|  |TAMS 0x0000000085c00000, 0x0000000085c00000| Untracked 
|  93|0x0000000085d00000, 0x0000000085d00000, 0x0000000085e00000|  0%| F|  |TAMS 0x0000000085d00000, 0x0000000085d00000| Untracked 
|  94|0x0000000085e00000, 0x0000000085e00000, 0x0000000085f00000|  0%| F|  |TAMS 0x0000000085e00000, 0x0000000085e00000| Untracked 
|  95|0x0000000085f00000, 0x0000000085f00000, 0x0000000086000000|  0%| F|  |TAMS 0x0000000085f00000, 0x0000000085f00000| Untracked 
|  96|0x0000000086000000, 0x0000000086000000, 0x0000000086100000|  0%| F|  |TAMS 0x0000000086000000, 0x0000000086000000| Untracked 
|  97|0x0000000086100000, 0x0000000086100000, 0x0000000086200000|  0%| F|  |TAMS 0x0000000086100000, 0x0000000086100000| Untracked 
|  98|0x0000000086200000, 0x0000000086200000, 0x0000000086300000|  0%| F|  |TAMS 0x0000000086200000, 0x0000000086200000| Untracked 
|  99|0x0000000086300000, 0x00000000863c1e20, 0x0000000086400000| 75%| S|CS|TAMS 0x0000000086300000, 0x0000000086300000| Complete 
| 100|0x0000000086400000, 0x0000000086400000, 0x0000000086500000|  0%| F|  |TAMS 0x0000000086400000, 0x0000000086400000| Untracked 
| 101|0x0000000086500000, 0x0000000086600000, 0x0000000086600000|100%| S|CS|TAMS 0x0000000086500000, 0x0000000086500000| Complete 
| 102|0x0000000086600000, 0x0000000086700000, 0x0000000086700000|100%| S|CS|TAMS 0x0000000086600000, 0x0000000086600000| Complete 
| 103|0x0000000086700000, 0x0000000086800000, 0x0000000086800000|100%| S|CS|TAMS 0x0000000086700000, 0x0000000086700000| Complete 
| 104|0x0000000086800000, 0x0000000086800000, 0x0000000086900000|  0%| F|  |TAMS 0x0000000086800000, 0x0000000086800000| Untracked 
| 105|0x0000000086900000, 0x0000000086900000, 0x0000000086a00000|  0%| F|  |TAMS 0x0000000086900000, 0x0000000086900000| Untracked 
| 106|0x0000000086a00000, 0x0000000086a00000, 0x0000000086b00000|  0%| F|  |TAMS 0x0000000086a00000, 0x0000000086a00000| Untracked 
| 107|0x0000000086b00000, 0x0000000086b00000, 0x0000000086c00000|  0%| F|  |TAMS 0x0000000086b00000, 0x0000000086b00000| Untracked 
| 108|0x0000000086c00000, 0x0000000086c00000, 0x0000000086d00000|  0%| F|  |TAMS 0x0000000086c00000, 0x0000000086c00000| Untracked 
| 109|0x0000000086d00000, 0x0000000086dc64f8, 0x0000000086e00000| 77%| E|  |TAMS 0x0000000086d00000, 0x0000000086d00000| Complete 
| 110|0x0000000086e00000, 0x0000000086f00000, 0x0000000086f00000|100%| E|CS|TAMS 0x0000000086e00000, 0x0000000086e00000| Complete 
| 111|0x0000000086f00000, 0x0000000087000000, 0x0000000087000000|100%| E|CS|TAMS 0x0000000086f00000, 0x0000000086f00000| Complete 
| 112|0x0000000087000000, 0x0000000087100000, 0x0000000087100000|100%| E|CS|TAMS 0x0000000087000000, 0x0000000087000000| Complete 
| 113|0x0000000087100000, 0x0000000087200000, 0x0000000087200000|100%| E|CS|TAMS 0x0000000087100000, 0x0000000087100000| Complete 
| 114|0x0000000087200000, 0x0000000087300000, 0x0000000087300000|100%| E|CS|TAMS 0x0000000087200000, 0x0000000087200000| Complete 
| 115|0x0000000087300000, 0x0000000087400000, 0x0000000087400000|100%| E|CS|TAMS 0x0000000087300000, 0x0000000087300000| Complete 
| 116|0x0000000087400000, 0x0000000087500000, 0x0000000087500000|100%| E|CS|TAMS 0x0000000087400000, 0x0000000087400000| Complete 
| 117|0x0000000087500000, 0x0000000087600000, 0x0000000087600000|100%| E|CS|TAMS 0x0000000087500000, 0x0000000087500000| Complete 
| 125|0x0000000087d00000, 0x0000000087e00000, 0x0000000087e00000|100%| E|CS|TAMS 0x0000000087d00000, 0x0000000087d00000| Complete 

Card table byte_map: [0x000002191b780000,0x000002191bb80000] _byte_map_base: 0x000002191b380000

Marking Bits (Prev, Next): (CMBitMap*) 0x0000021908beb2b0, (CMBitMap*) 0x0000021908beb270
 Prev Bits: [0x000002191df80000, 0x000002191ff80000)
 Next Bits: [0x000002191bf80000, 0x000002191df80000)

Polling page: 0x0000021908350000

Metaspace:

Usage:
  Non-class:     41.71 MB used.
      Class:      6.26 MB used.
       Both:     47.96 MB used.

Virtual space:
  Non-class space:       48.00 MB reserved,      41.94 MB ( 87%) committed,  6 nodes.
      Class space:        1.00 GB reserved,       6.44 MB ( <1%) committed,  1 nodes.
             Both:        1.05 GB reserved,      48.38 MB (  5%) committed. 

Chunk freelists:
   Non-Class:  2.07 MB
       Class:  1.40 MB
        Both:  3.47 MB

MaxMetaspaceSize: unlimited
CompressedClassSpaceSize: 1.00 GB
Initial GC threshold: 21.00 MB
Current GC threshold: 79.50 MB
CDS: off
MetaspaceReclaimPolicy: balanced
 - commit_granule_bytes: 65536.
 - commit_granule_words: 8192.
 - virtual_space_node_default_size: 1048576.
 - enlarge_chunks_in_place: 1.
 - new_chunks_are_fully_committed: 0.
 - uncommit_free_chunks: 1.
 - use_allocation_guard: 0.
 - handle_deallocations: 1.


Internal statistics:

num_allocs_failed_limit: 6.
num_arena_births: 452.
num_arena_deaths: 0.
num_vsnodes_births: 7.
num_vsnodes_deaths: 0.
num_space_committed: 774.
num_space_uncommitted: 0.
num_chunks_returned_to_freelist: 6.
num_chunks_taken_from_freelist: 1994.
num_chunk_merges: 6.
num_chunk_splits: 1300.
num_chunks_enlarged: 874.
num_purges: 0.
num_inconsistent_stats: 0.

CodeHeap 'non-profiled nmethods': size=120000Kb used=2408Kb max_used=2408Kb free=117591Kb
 bounds [0x0000021913b20000, 0x0000021913d90000, 0x000002191b050000]
CodeHeap 'profiled nmethods': size=120000Kb used=9005Kb max_used=9005Kb free=110994Kb
 bounds [0x000002190c050000, 0x000002190c920000, 0x0000021913580000]
CodeHeap 'non-nmethods': size=5760Kb used=2300Kb max_used=2370Kb free=3459Kb
 bounds [0x0000021913580000, 0x00000219137f0000, 0x0000021913b20000]
 total_blobs=5189 nmethods=4376 adapters=725
 compilation: enabled
              stopped_count=0, restarted_count=0
 full_count=0

Compilation events (20 events):
Event: 4.613 Thread 0x000002192342f5d0 4353       3       java.util.LinkedList::linkFirst (59 bytes)
Event: 4.613 Thread 0x000002192342f5d0 nmethod 4353 0x000002190c900690 code [0x000002190c900860, 0x000002190c900cb8]
Event: 4.615 Thread 0x000002192342f5d0 4355       3       sun.reflect.generics.reflectiveObjects.ParameterizedTypeImpl::toString (209 bytes)
Event: 4.617 Thread 0x000002192342f5d0 nmethod 4355 0x000002190c900e10 code [0x000002190c901220, 0x000002190c902998]
Event: 4.617 Thread 0x000002192342f5d0 4356       3       java.util.StringJoiner::setEmptyValue (20 bytes)
Event: 4.617 Thread 0x000002192342f5d0 nmethod 4356 0x000002190c903210 code [0x000002190c9033e0, 0x000002190c903878]
Event: 4.619 Thread 0x000002192342f5d0 4357       3       java.beans.PropertyDescriptor::setReadMethod0 (49 bytes)
Event: 4.620 Thread 0x000002192342f5d0 nmethod 4357 0x000002190c903a10 code [0x000002190c903dc0, 0x000002190c9059a8]
Event: 4.620 Thread 0x000002192342f5d0 4358       3       com.google.common.collect.MapMakerInternalMap$Segment::getLiveEntry (7 bytes)
Event: 4.620 Thread 0x000002192342f5d0 nmethod 4358 0x000002190c906110 code [0x000002190c9062a0, 0x000002190c906448]
Event: 4.620 Thread 0x000002192342f5d0 4359       3       com.google.common.collect.MapMakerInternalMap$Segment::postReadCleanup (18 bytes)
Event: 4.621 Thread 0x000002192342f5d0 nmethod 4359 0x000002190c906510 code [0x000002190c9066c0, 0x000002190c9069d8]
Event: 4.622 Thread 0x000002192342f5d0 4360   !   3       com.google.common.collect.MapMakerInternalMap$Segment::get (58 bytes)
Event: 4.623 Thread 0x000002192342f5d0 nmethod 4360 0x000002190c906b10 code [0x000002190c906e00, 0x000002190c908338]
Event: 4.623 Thread 0x000002192342f5d0 4361       1       groovy.lang.MetaClassImpl::getTheClass (5 bytes)
Event: 4.624 Thread 0x000002192342f5d0 nmethod 4361 0x0000021913d78a10 code [0x0000021913d78ba0, 0x0000021913d78c78]
Event: 4.624 Thread 0x000002192342f5d0 4363       3       groovyjarjarasm.asm.SymbolTable::addConstantUtf8Reference (101 bytes)
Event: 4.624 Thread 0x000002192342f5d0 nmethod 4363 0x000002190c908a90 code [0x000002190c908ca0, 0x000002190c909278]
Event: 4.624 Thread 0x000002192342f5d0 4362       3       groovyjarjarasm.asm.SymbolTable::addConstantClass (8 bytes)
Event: 4.624 Thread 0x000002192342f5d0 nmethod 4362 0x000002190c909590 code [0x000002190c909720, 0x000002190c909868]

GC Heap History (20 events):
Event: 2.361 GC heap before
{Heap before GC invocations=4 (full 0):
 garbage-first heap   total 68608K, used 51047K [0x0000000080000000, 0x0000000100000000)
  region size 1024K, 40 young (40960K), 8 survivors (8192K)
 Metaspace       used 26353K, committed 26688K, reserved 1073152K
  class space    used 3460K, committed 3584K, reserved 1048576K
}
Event: 2.369 GC heap after
{Heap after GC invocations=5 (full 0):
 garbage-first heap   total 68608K, used 20879K [0x0000000080000000, 0x0000000100000000)
  region size 1024K, 3 young (3072K), 3 survivors (3072K)
 Metaspace       used 26353K, committed 26688K, reserved 1073152K
  class space    used 3460K, committed 3584K, reserved 1048576K
}
Event: 2.384 GC heap before
{Heap before GC invocations=5 (full 0):
 garbage-first heap   total 68608K, used 20879K [0x0000000080000000, 0x0000000100000000)
  region size 1024K, 4 young (4096K), 3 survivors (3072K)
 Metaspace       used 26478K, committed 26816K, reserved 1073152K
  class space    used 3487K, committed 3648K, reserved 1048576K
}
Event: 2.387 GC heap after
{Heap after GC invocations=6 (full 0):
 garbage-first heap   total 68608K, used 20876K [0x0000000080000000, 0x0000000100000000)
  region size 1024K, 1 young (1024K), 1 survivors (1024K)
 Metaspace       used 26478K, committed 26816K, reserved 1073152K
  class space    used 3487K, committed 3648K, reserved 1048576K
}
Event: 2.678 GC heap before
{Heap before GC invocations=6 (full 0):
 garbage-first heap   total 68608K, used 48524K [0x0000000080000000, 0x0000000100000000)
  region size 1024K, 21 young (21504K), 1 survivors (1024K)
 Metaspace       used 29381K, committed 29760K, reserved 1081344K
  class space    used 3989K, committed 4160K, reserved 1048576K
}
Event: 2.681 GC heap after
{Heap after GC invocations=7 (full 0):
 garbage-first heap   total 103424K, used 33152K [0x0000000080000000, 0x0000000100000000)
  region size 1024K, 4 young (4096K), 4 survivors (4096K)
 Metaspace       used 29381K, committed 29760K, reserved 1081344K
  class space    used 3989K, committed 4160K, reserved 1048576K
}
Event: 3.330 GC heap before
{Heap before GC invocations=7 (full 0):
 garbage-first heap   total 103424K, used 88448K [0x0000000080000000, 0x0000000100000000)
  region size 1024K, 44 young (45056K), 4 survivors (4096K)
 Metaspace       used 34927K, committed 35264K, reserved 1081344K
  class space    used 4844K, committed 4992K, reserved 1048576K
}
Event: 3.336 GC heap after
{Heap after GC invocations=8 (full 0):
 garbage-first heap   total 103424K, used 50778K [0x0000000080000000, 0x0000000100000000)
  region size 1024K, 4 young (4096K), 4 survivors (4096K)
 Metaspace       used 34927K, committed 35264K, reserved 1081344K
  class space    used 4844K, committed 4992K, reserved 1048576K
}
Event: 3.391 GC heap before
{Heap before GC invocations=8 (full 0):
 garbage-first heap   total 103424K, used 53850K [0x0000000080000000, 0x0000000100000000)
  region size 1024K, 8 young (8192K), 4 survivors (4096K)
 Metaspace       used 35654K, committed 35968K, reserved 1081344K
  class space    used 4945K, committed 5056K, reserved 1048576K
}
Event: 3.393 GC heap after
{Heap after GC invocations=9 (full 0):
 garbage-first heap   total 103424K, used 51205K [0x0000000080000000, 0x0000000100000000)
  region size 1024K, 1 young (1024K), 1 survivors (1024K)
 Metaspace       used 35654K, committed 35968K, reserved 1081344K
  class space    used 4945K, committed 5056K, reserved 1048576K
}
Event: 3.784 GC heap before
{Heap before GC invocations=10 (full 0):
 garbage-first heap   total 103424K, used 79877K [0x0000000080000000, 0x0000000100000000)
  region size 1024K, 30 young (30720K), 1 survivors (1024K)
 Metaspace       used 41950K, committed 42368K, reserved 1089536K
  class space    used 5596K, committed 5760K, reserved 1048576K
}
Event: 3.788 GC heap after
{Heap after GC invocations=11 (full 0):
 garbage-first heap   total 103424K, used 55768K [0x0000000080000000, 0x0000000100000000)
  region size 1024K, 4 young (4096K), 4 survivors (4096K)
 Metaspace       used 41950K, committed 42368K, reserved 1089536K
  class space    used 5596K, committed 5760K, reserved 1048576K
}
Event: 3.871 GC heap before
{Heap before GC invocations=11 (full 0):
 garbage-first heap   total 103424K, used 70104K [0x0000000080000000, 0x0000000100000000)
  region size 1024K, 20 young (20480K), 4 survivors (4096K)
 Metaspace       used 42417K, committed 42816K, reserved 1089536K
  class space    used 5641K, committed 5824K, reserved 1048576K
}
Event: 3.876 GC heap after
{Heap after GC invocations=12 (full 0):
 garbage-first heap   total 103424K, used 57412K [0x0000000080000000, 0x0000000100000000)
  region size 1024K, 3 young (3072K), 3 survivors (3072K)
 Metaspace       used 42417K, committed 42816K, reserved 1089536K
  class space    used 5641K, committed 5824K, reserved 1048576K
}
Event: 4.237 GC heap before
{Heap before GC invocations=13 (full 0):
 garbage-first heap   total 104448K, used 85060K [0x0000000080000000, 0x0000000100000000)
  region size 1024K, 27 young (27648K), 3 survivors (3072K)
 Metaspace       used 46327K, committed 46720K, reserved 1089536K
  class space    used 6133K, committed 6272K, reserved 1048576K
}
Event: 4.240 GC heap after
{Heap after GC invocations=14 (full 0):
 garbage-first heap   total 104448K, used 58829K [0x0000000080000000, 0x0000000100000000)
  region size 1024K, 2 young (2048K), 2 survivors (2048K)
 Metaspace       used 46327K, committed 46720K, reserved 1089536K
  class space    used 6133K, committed 6272K, reserved 1048576K
}
Event: 4.362 GC heap before
{Heap before GC invocations=14 (full 0):
 garbage-first heap   total 104448K, used 65997K [0x0000000080000000, 0x0000000100000000)
  region size 1024K, 10 young (10240K), 2 survivors (2048K)
 Metaspace       used 46840K, committed 47232K, reserved 1089536K
  class space    used 6213K, committed 6400K, reserved 1048576K
}
Event: 4.365 GC heap after
{Heap after GC invocations=15 (full 0):
 garbage-first heap   total 104448K, used 60299K [0x0000000080000000, 0x0000000100000000)
  region size 1024K, 4 young (4096K), 4 survivors (4096K)
 Metaspace       used 46840K, committed 47232K, reserved 1089536K
  class space    used 6213K, committed 6400K, reserved 1048576K
}
Event: 4.499 GC heap before
{Heap before GC invocations=16 (full 0):
 garbage-first heap   total 116736K, used 75659K [0x0000000080000000, 0x0000000100000000)
  region size 1024K, 15 young (15360K), 4 survivors (4096K)
 Metaspace       used 47549K, committed 48000K, reserved 1097728K
  class space    used 6296K, committed 6464K, reserved 1048576K
}
Event: 4.504 GC heap after
{Heap after GC invocations=17 (full 0):
 garbage-first heap   total 116736K, used 68729K [0x0000000080000000, 0x0000000100000000)
  region size 1024K, 4 young (4096K), 4 survivors (4096K)
 Metaspace       used 47549K, committed 48000K, reserved 1097728K
  class space    used 6296K, committed 6464K, reserved 1048576K
}

Dll operation events (2 events):
Event: 0.006 Loaded shared library C:\Users\vijay\AppData\Local\Programs\Android Studio 2\jbr\bin\java.dll
Event: 0.312 Loaded shared library C:\Users\vijay\AppData\Local\Programs\Android Studio 2\jbr\bin\verify.dll

Deoptimization events (20 events):
Event: 4.094 Thread 0x000002192449d850 DEOPT PACKING pc=0x0000021913cd682c sp=0x000000c2a64f7670
Event: 4.094 Thread 0x000002192449d850 DEOPT UNPACKING pc=0x00000219135d69a3 sp=0x000000c2a64f75e8 mode 2
Event: 4.233 Thread 0x000002192449d850 Uncommon trap: trap_request=0xffffffcc fr.pc=0x0000021913d2b3a4 relative=0x0000000000001484
Event: 4.233 Thread 0x000002192449d850 Uncommon trap: reason=intrinsic_or_type_checked_inlining action=make_not_entrant pc=0x0000021913d2b3a4 method=java.util.ArrayList.toArray([Ljava/lang/Object;)[Ljava/lang/Object; @ 36 c2
Event: 4.233 Thread 0x000002192449d850 DEOPT PACKING pc=0x0000021913d2b3a4 sp=0x000000c2a64f8b00
Event: 4.233 Thread 0x000002192449d850 DEOPT UNPACKING pc=0x00000219135d69a3 sp=0x000000c2a64f8a48 mode 2
Event: 4.368 Thread 0x000002192449d850 DEOPT PACKING pc=0x000002190c585769 sp=0x000000c2a64f8590
Event: 4.368 Thread 0x000002192449d850 DEOPT UNPACKING pc=0x00000219135d7143 sp=0x000000c2a64f7b10 mode 0
Event: 4.375 Thread 0x000002192449d850 DEOPT PACKING pc=0x000002190c585769 sp=0x000000c2a64f8590
Event: 4.376 Thread 0x000002192449d850 DEOPT UNPACKING pc=0x00000219135d7143 sp=0x000000c2a64f7b10 mode 0
Event: 4.379 Thread 0x000002192449d850 Uncommon trap: trap_request=0xffffff45 fr.pc=0x0000021913cd0e24 relative=0x0000000000004484
Event: 4.379 Thread 0x000002192449d850 Uncommon trap: reason=unstable_if action=reinterpret pc=0x0000021913cd0e24 method=java.lang.StringLatin1.regionMatchesCI([BI[BII)Z @ 72 c2
Event: 4.379 Thread 0x000002192449d850 DEOPT PACKING pc=0x0000021913cd0e24 sp=0x000000c2a64f8e90
Event: 4.379 Thread 0x000002192449d850 DEOPT UNPACKING pc=0x00000219135d69a3 sp=0x000000c2a64f8c48 mode 2
Event: 4.379 Thread 0x000002192449d850 Uncommon trap: trap_request=0xffffff45 fr.pc=0x0000021913c0fbd4 relative=0x0000000000000694
Event: 4.379 Thread 0x000002192449d850 Uncommon trap: reason=unstable_if action=reinterpret pc=0x0000021913c0fbd4 method=java.lang.StringLatin1.regionMatchesCI([BI[BII)Z @ 72 c2
Event: 4.379 Thread 0x000002192449d850 DEOPT PACKING pc=0x0000021913c0fbd4 sp=0x000000c2a64f8d10
Event: 4.379 Thread 0x000002192449d850 DEOPT UNPACKING pc=0x00000219135d69a3 sp=0x000000c2a64f8bd8 mode 2
Event: 4.540 Thread 0x000002192449d850 DEOPT PACKING pc=0x000002190c3c02d4 sp=0x000000c2a64f6190
Event: 4.540 Thread 0x000002192449d850 DEOPT UNPACKING pc=0x00000219135d7143 sp=0x000000c2a64f56e8 mode 0

Classes unloaded (0 events):
No events

Classes redefined (0 events):
No events

Internal exceptions (20 events):
Event: 4.561 Thread 0x000002192449d850 Exception <a 'java/lang/ClassNotFoundException'{0x00000000875ff058}: org/jetbrains/plugins/gradle/tooling/builder/ScalaModelBuilderImplBeanInfo> (0x00000000875ff058) 
thrown [s\src\hotspot\share\classfile\systemDictionary.cpp, line 256]
Event: 4.561 Thread 0x000002192449d850 Exception <a 'java/lang/ClassNotFoundException'{0x000000008740ab18}: org/jetbrains/plugins/gradle/tooling/builder/ScalaModelBuilderImplCustomizer> (0x000000008740ab18) 
thrown [s\src\hotspot\share\classfile\systemDictionary.cpp, line 256]
Event: 4.569 Thread 0x000002192449d850 Exception <a 'java/lang/ClassNotFoundException'{0x000000008746c8f0}: org/jetbrains/plugins/gradle/tooling/builder/ExternalProjectBuilderImpl$1BeanInfo> (0x000000008746c8f0) 
thrown [s\src\hotspot\share\classfile\systemDictionary.cpp, line 256]
Event: 4.570 Thread 0x000002192449d850 Exception <a 'java/lang/ClassNotFoundException'{0x0000000087477e38}: org/jetbrains/plugins/gradle/tooling/builder/ExternalProjectBuilderImpl$1Customizer> (0x0000000087477e38) 
thrown [s\src\hotspot\share\classfile\systemDictionary.cpp, line 256]
Event: 4.574 Thread 0x000002192449d850 Exception <a 'java/lang/ClassNotFoundException'{0x00000000874da0c0}: org/jetbrains/plugins/gradle/tooling/builder/ExternalProjectBuilderImplBeanInfo> (0x00000000874da0c0) 
thrown [s\src\hotspot\share\classfile\systemDictionary.cpp, line 256]
Event: 4.574 Thread 0x000002192449d850 Exception <a 'java/lang/ClassNotFoundException'{0x00000000874e55f0}: org/jetbrains/plugins/gradle/tooling/builder/ExternalProjectBuilderImplCustomizer> (0x00000000874e55f0) 
thrown [s\src\hotspot\share\classfile\systemDictionary.cpp, line 256]
Event: 4.581 Thread 0x000002192449d850 Exception <a 'java/lang/ClassNotFoundException'{0x0000000087383140}: org/jetbrains/plugins/gradle/tooling/tasks/DependenciesReport$ReportGeneratorBeanInfo> (0x0000000087383140) 
thrown [s\src\hotspot\share\classfile\systemDictionary.cpp, line 256]
Event: 4.581 Thread 0x000002192449d850 Exception <a 'java/lang/ClassNotFoundException'{0x000000008738e6a0}: org/jetbrains/plugins/gradle/tooling/tasks/DependenciesReport$ReportGeneratorCustomizer> (0x000000008738e6a0) 
thrown [s\src\hotspot\share\classfile\systemDictionary.cpp, line 256]
Event: 4.584 Thread 0x000002192449d850 Exception <a 'java/lang/ClassNotFoundException'{0x00000000873beff0}: org/jetbrains/plugins/gradle/tooling/builder/DependencyGraphModelBuilderImplBeanInfo> (0x00000000873beff0) 
thrown [s\src\hotspot\share\classfile\systemDictionary.cpp, line 256]
Event: 4.584 Thread 0x000002192449d850 Exception <a 'java/lang/ClassNotFoundException'{0x00000000873ca7d0}: org/jetbrains/plugins/gradle/tooling/builder/DependencyGraphModelBuilderImplCustomizer> (0x00000000873ca7d0) 
thrown [s\src\hotspot\share\classfile\systemDictionary.cpp, line 256]
Event: 4.590 Thread 0x000002192449d850 Exception <a 'java/lang/ClassNotFoundException'{0x000000008725c780}: org/jetbrains/plugins/gradle/tooling/builder/ExternalTestsModelBuilderImplBeanInfo> (0x000000008725c780) 
thrown [s\src\hotspot\share\classfile\systemDictionary.cpp, line 256]
Event: 4.591 Thread 0x000002192449d850 Exception <a 'java/lang/ClassNotFoundException'{0x0000000087267cd0}: org/jetbrains/plugins/gradle/tooling/builder/ExternalTestsModelBuilderImplCustomizer> (0x0000000087267cd0) 
thrown [s\src\hotspot\share\classfile\systemDictionary.cpp, line 256]
Event: 4.611 Thread 0x000002192449d850 Exception <a 'java/lang/ClassNotFoundException'{0x0000000086f8dec8}: org/jetbrains/plugins/gradle/tooling/builder/ProjectExtensionsDataBuilderImplBeanInfo> (0x0000000086f8dec8) 
thrown [s\src\hotspot\share\classfile\systemDictionary.cpp, line 256]
Event: 4.612 Thread 0x000002192449d850 Exception <a 'java/lang/ClassNotFoundException'{0x0000000086f99420}: org/jetbrains/plugins/gradle/tooling/builder/ProjectExtensionsDataBuilderImplCustomizer> (0x0000000086f99420) 
thrown [s\src\hotspot\share\classfile\systemDictionary.cpp, line 256]
Event: 4.615 Thread 0x000002192449d850 Exception <a 'java/lang/ClassNotFoundException'{0x0000000086fc4ff8}: org/jetbrains/plugins/gradle/tooling/builder/IntelliJSettingsBuilderBeanInfo> (0x0000000086fc4ff8) 
thrown [s\src\hotspot\share\classfile\systemDictionary.cpp, line 256]
Event: 4.615 Thread 0x000002192449d850 Exception <a 'java/lang/ClassNotFoundException'{0x0000000086fd04c8}: org/jetbrains/plugins/gradle/tooling/builder/IntelliJSettingsBuilderCustomizer> (0x0000000086fd04c8) 
thrown [s\src\hotspot\share\classfile\systemDictionary.cpp, line 256]
Event: 4.618 Thread 0x000002192449d850 Exception <a 'java/lang/ClassNotFoundException'{0x0000000086ffb758}: org/jetbrains/plugins/gradle/tooling/builder/IntelliJProjectSettingsBuilderBeanInfo> (0x0000000086ffb758) 
thrown [s\src\hotspot\share\classfile\systemDictionary.cpp, line 256]
Event: 4.619 Thread 0x000002192449d850 Exception <a 'java/lang/ClassNotFoundException'{0x0000000086e071b8}: org/jetbrains/plugins/gradle/tooling/builder/IntelliJProjectSettingsBuilderCustomizer> (0x0000000086e071b8) 
thrown [s\src\hotspot\share\classfile\systemDictionary.cpp, line 256]
Event: 4.621 Thread 0x000002192449d850 Exception <a 'java/lang/ClassNotFoundException'{0x0000000086e33bc0}: org/jetbrains/plugins/gradle/tooling/builder/DependencyAccessorsModelBuilderBeanInfo> (0x0000000086e33bc0) 
thrown [s\src\hotspot\share\classfile\systemDictionary.cpp, line 256]
Event: 4.622 Thread 0x000002192449d850 Exception <a 'java/lang/ClassNotFoundException'{0x0000000086e3f118}: org/jetbrains/plugins/gradle/tooling/builder/DependencyAccessorsModelBuilderCustomizer> (0x0000000086e3f118) 
thrown [s\src\hotspot\share\classfile\systemDictionary.cpp, line 256]

VM Operations (20 events):
Event: 4.071 Executing VM operation: HandshakeAllThreads
Event: 4.071 Executing VM operation: HandshakeAllThreads done
Event: 4.085 Executing VM operation: HandshakeAllThreads
Event: 4.085 Executing VM operation: HandshakeAllThreads done
Event: 4.085 Executing VM operation: HandshakeAllThreads
Event: 4.085 Executing VM operation: HandshakeAllThreads done
Event: 4.237 Executing VM operation: G1CollectForAllocation
Event: 4.240 Executing VM operation: G1CollectForAllocation done
Event: 4.362 Executing VM operation: G1TryInitiateConcMark
Event: 4.365 Executing VM operation: G1TryInitiateConcMark done
Event: 4.389 Executing VM operation: G1Concurrent
Event: 4.390 Executing VM operation: G1Concurrent done
Event: 4.400 Executing VM operation: G1Concurrent
Event: 4.401 Executing VM operation: G1Concurrent done
Event: 4.499 Executing VM operation: G1TryInitiateConcMark
Event: 4.504 Executing VM operation: G1TryInitiateConcMark done
Event: 4.532 Executing VM operation: G1Concurrent
Event: 4.536 Executing VM operation: G1Concurrent done
Event: 4.546 Executing VM operation: G1Concurrent
Event: 4.546 Executing VM operation: G1Concurrent done

Events (20 events):
Event: 4.462 loading class java/security/SecureClassLoaderBeanInfo
Event: 4.462 loading class java/security/SecureClassLoaderBeanInfo done
Event: 4.462 loading class java/lang/ClassLoaderBeanInfo
Event: 4.462 loading class java/lang/ClassLoaderBeanInfo done
Event: 4.463 loading class java/lang/ClassLoaderBeanInfo
Event: 4.463 loading class java/lang/ClassLoaderBeanInfo done
Event: 4.463 loading class java/lang/ClassLoaderCustomizer
Event: 4.463 loading class java/lang/ClassLoaderCustomizer done
Event: 4.463 loading class java/lang/ClassLoaderCustomizer
Event: 4.463 loading class java/lang/ClassLoaderCustomizer done
Event: 4.464 loading class java/security/SecureClassLoaderCustomizer
Event: 4.464 loading class java/security/SecureClassLoaderCustomizer done
Event: 4.465 loading class java/security/SecureClassLoaderCustomizer
Event: 4.465 loading class java/security/SecureClassLoaderCustomizer done
Event: 4.465 loading class java/net/URLClassLoaderCustomizer
Event: 4.465 loading class java/net/URLClassLoaderCustomizer done
Event: 4.465 loading class java/net/URLClassLoaderCustomizer
Event: 4.465 loading class java/net/URLClassLoaderCustomizer done
Event: 4.620 loading class java/net/UnknownServiceException
Event: 4.620 loading class java/net/UnknownServiceException done


Dynamic libraries:
0x00007ff6f5bb0000 - 0x00007ff6f5bba000 	C:\Users\vijay\AppData\Local\Programs\Android Studio 2\jbr\bin\java.exe
0x00007ffa69850000 - 0x00007ffa69a67000 	C:\WINDOWS\SYSTEM32\ntdll.dll
0x00007ffa69460000 - 0x00007ffa69524000 	C:\WINDOWS\System32\KERNEL32.DLL
0x00007ffa66d20000 - 0x00007ffa670c7000 	C:\WINDOWS\System32\KERNELBASE.dll
0x00007ffa67300000 - 0x00007ffa67411000 	C:\WINDOWS\System32\ucrtbase.dll
0x00007ffa58270000 - 0x00007ffa58287000 	C:\Users\vijay\AppData\Local\Programs\Android Studio 2\jbr\bin\jli.dll
0x00007ffa52680000 - 0x00007ffa5269b000 	C:\Users\vijay\AppData\Local\Programs\Android Studio 2\jbr\bin\VCRUNTIME140.dll
0x00007ffa68760000 - 0x00007ffa6890e000 	C:\WINDOWS\System32\USER32.dll
0x00007ffa66cf0000 - 0x00007ffa66d16000 	C:\WINDOWS\System32\win32u.dll
0x00007ffa3f680000 - 0x00007ffa3f913000 	C:\WINDOWS\WinSxS\amd64_microsoft.windows.common-controls_6595b64144ccf1df_6.0.22621.2506_none_270c5ae97388e100\COMCTL32.dll
0x00007ffa69790000 - 0x00007ffa697b9000 	C:\WINDOWS\System32\GDI32.dll
0x00007ffa68180000 - 0x00007ffa68227000 	C:\WINDOWS\System32\msvcrt.dll
0x00007ffa67490000 - 0x00007ffa675a9000 	C:\WINDOWS\System32\gdi32full.dll
0x00007ffa66bd0000 - 0x00007ffa66c6a000 	C:\WINDOWS\System32\msvcp_win.dll
0x00007ffa695e0000 - 0x00007ffa69611000 	C:\WINDOWS\System32\IMM32.DLL
0x00007ffa63fe0000 - 0x00007ffa63fec000 	C:\Users\vijay\AppData\Local\Programs\Android Studio 2\jbr\bin\vcruntime140_1.dll
0x00007ffa2d290000 - 0x00007ffa2d31d000 	C:\Users\vijay\AppData\Local\Programs\Android Studio 2\jbr\bin\msvcp140.dll
0x00007ff9c1a60000 - 0x00007ff9c26ce000 	C:\Users\vijay\AppData\Local\Programs\Android Studio 2\jbr\bin\server\jvm.dll
0x00007ffa693a0000 - 0x00007ffa69450000 	C:\WINDOWS\System32\ADVAPI32.dll
0x00007ffa67770000 - 0x00007ffa67816000 	C:\WINDOWS\System32\sechost.dll
0x00007ffa689c0000 - 0x00007ffa68ad7000 	C:\WINDOWS\System32\RPCRT4.dll
0x00007ffa54d30000 - 0x00007ffa54d64000 	C:\WINDOWS\SYSTEM32\WINMM.dll
0x00007ffa603d0000 - 0x00007ffa603da000 	C:\WINDOWS\SYSTEM32\VERSION.dll
0x00007ffa44f30000 - 0x00007ffa44f39000 	C:\WINDOWS\SYSTEM32\WSOCK32.dll
0x00007ffa67ff0000 - 0x00007ffa68061000 	C:\WINDOWS\System32\WS2_32.dll
0x00007ffa65ba0000 - 0x00007ffa65bb8000 	C:\WINDOWS\SYSTEM32\kernel.appcore.dll
0x00007ffa63fb0000 - 0x00007ffa63fba000 	C:\Users\vijay\AppData\Local\Programs\Android Studio 2\jbr\bin\jimage.dll
0x00007ffa52ed0000 - 0x00007ffa53103000 	C:\WINDOWS\SYSTEM32\DBGHELP.DLL
0x00007ffa68230000 - 0x00007ffa685b9000 	C:\WINDOWS\System32\combase.dll
0x00007ffa67e10000 - 0x00007ffa67ee7000 	C:\WINDOWS\System32\OLEAUT32.dll
0x00007ffa50d90000 - 0x00007ffa50dc2000 	C:\WINDOWS\SYSTEM32\dbgcore.DLL
0x00007ffa66c70000 - 0x00007ffa66cea000 	C:\WINDOWS\System32\bcryptPrimitives.dll
0x00007ffa5d8b0000 - 0x00007ffa5d8d5000 	C:\Users\vijay\AppData\Local\Programs\Android Studio 2\jbr\bin\java.dll
0x00007ffa61f30000 - 0x00007ffa61f48000 	C:\Users\vijay\AppData\Local\Programs\Android Studio 2\jbr\bin\zip.dll
0x00007ffa68b40000 - 0x00007ffa69399000 	C:\WINDOWS\System32\SHELL32.dll
0x00007ffa64a70000 - 0x00007ffa65364000 	C:\WINDOWS\SYSTEM32\windows.storage.dll
0x00007ffa64930000 - 0x00007ffa64a6e000 	C:\WINDOWS\SYSTEM32\wintypes.dll
0x00007ffa67ef0000 - 0x00007ffa67fe3000 	C:\WINDOWS\System32\SHCORE.dll
0x00007ffa68940000 - 0x00007ffa6899e000 	C:\WINDOWS\System32\shlwapi.dll
0x00007ffa66b00000 - 0x00007ffa66b26000 	C:\WINDOWS\SYSTEM32\profapi.dll
0x00007ffa61e10000 - 0x00007ffa61e29000 	C:\Users\vijay\AppData\Local\Programs\Android Studio 2\jbr\bin\net.dll
0x00007ffa5fd70000 - 0x00007ffa5fea7000 	C:\WINDOWS\SYSTEM32\WINHTTP.dll
0x00007ffa66100000 - 0x00007ffa66169000 	C:\WINDOWS\system32\mswsock.dll
0x00007ffa5fb90000 - 0x00007ffa5fba6000 	C:\Users\vijay\AppData\Local\Programs\Android Studio 2\jbr\bin\nio.dll
0x00007ffa635a0000 - 0x00007ffa635b0000 	C:\Users\vijay\AppData\Local\Programs\Android Studio 2\jbr\bin\verify.dll
0x00007ffa2f290000 - 0x00007ffa2f2b7000 	C:\Users\vijay\.gradle\native\68d5fa5c4cc2d200863cafc0d521ce42e7d3e7ee720ec0a83991735586a16f82\windows-amd64\native-platform.dll
0x00007ff9e6cc0000 - 0x00007ff9e6e04000 	C:\Users\vijay\.gradle\native\e376f236ea51e6404a007f0833ffe2c6e607c4080706a723a18a27aeea778392\windows-amd64\native-platform-file-events.dll
0x00007ffa61df0000 - 0x00007ffa61df9000 	C:\Users\vijay\AppData\Local\Programs\Android Studio 2\jbr\bin\management.dll
0x00007ffa615b0000 - 0x00007ffa615bb000 	C:\Users\vijay\AppData\Local\Programs\Android Studio 2\jbr\bin\management_ext.dll
0x00007ffa69450000 - 0x00007ffa69458000 	C:\WINDOWS\System32\PSAPI.DLL
0x00007ffa66330000 - 0x00007ffa6634b000 	C:\WINDOWS\SYSTEM32\CRYPTSP.dll
0x00007ffa65b60000 - 0x00007ffa65b95000 	C:\WINDOWS\system32\rsaenh.dll
0x00007ffa661c0000 - 0x00007ffa661ec000 	C:\WINDOWS\SYSTEM32\USERENV.dll
0x00007ffa66560000 - 0x00007ffa66588000 	C:\WINDOWS\SYSTEM32\bcrypt.dll
0x00007ffa66350000 - 0x00007ffa6635c000 	C:\WINDOWS\SYSTEM32\CRYPTBASE.dll
0x00007ffa655d0000 - 0x00007ffa655fd000 	C:\WINDOWS\SYSTEM32\IPHLPAPI.DLL
0x00007ffa689a0000 - 0x00007ffa689a9000 	C:\WINDOWS\System32\NSI.dll
0x00007ffa5fbd0000 - 0x00007ffa5fbe9000 	C:\WINDOWS\SYSTEM32\dhcpcsvc6.DLL
0x00007ffa5fbb0000 - 0x00007ffa5fbcf000 	C:\WINDOWS\SYSTEM32\dhcpcsvc.DLL
0x00007ffa65640000 - 0x00007ffa65739000 	C:\WINDOWS\SYSTEM32\DNSAPI.dll
0x00007ffa31670000 - 0x00007ffa31678000 	C:\WINDOWS\system32\wshunix.dll

dbghelp: loaded successfully - version: 4.0.5 - missing functions: none
symbol engine: initialized successfully - sym options: 0x614 - pdb path: .;C:\Users\vijay\AppData\Local\Programs\Android Studio 2\jbr\bin;C:\WINDOWS\SYSTEM32;C:\WINDOWS\WinSxS\amd64_microsoft.windows.common-controls_6595b64144ccf1df_6.0.22621.2506_none_270c5ae97388e100;C:\Users\vijay\AppData\Local\Programs\Android Studio 2\jbr\bin\server;C:\Users\vijay\.gradle\native\68d5fa5c4cc2d200863cafc0d521ce42e7d3e7ee720ec0a83991735586a16f82\windows-amd64;C:\Users\vijay\.gradle\native\e376f236ea51e6404a007f0833ffe2c6e607c4080706a723a18a27aeea778392\windows-amd64

VM Arguments:
jvm_args: --add-opens=java.base/java.util=ALL-UNNAMED --add-opens=java.base/java.lang=ALL-UNNAMED --add-opens=java.base/java.lang.invoke=ALL-UNNAMED --add-opens=java.prefs/java.util.prefs=ALL-UNNAMED --add-opens=java.base/java.nio.charset=ALL-UNNAMED --add-opens=java.base/java.net=ALL-UNNAMED --add-opens=java.base/java.util.concurrent.atomic=ALL-UNNAMED -Xmx2048m -Dfile.encoding=UTF-8 -Duser.country=IN -Duser.language=en -Duser.variant 
java_command: org.gradle.launcher.daemon.bootstrap.GradleDaemon 8.0
java_class_path (initial): C:\Users\vijay\.gradle\wrapper\dists\gradle-8.0-bin\ca5e32bp14vu59qr306oxotwh\gradle-8.0\lib\gradle-launcher-8.0.jar
Launcher Type: SUN_STANDARD

[Global flags]
     intx CICompilerCount                          = 4                                         {product} {ergonomic}
     uint ConcGCThreads                            = 2                                         {product} {ergonomic}
     uint G1ConcRefinementThreads                  = 8                                         {product} {ergonomic}
   size_t G1HeapRegionSize                         = 1048576                                   {product} {ergonomic}
    uintx GCDrainStackTargetSize                   = 64                                        {product} {ergonomic}
   size_t InitialHeapSize                          = 132120576                                 {product} {ergonomic}
   size_t MarkStackSize                            = 4194304                                   {product} {ergonomic}
   size_t MaxHeapSize                              = 2147483648                                {product} {command line}
   size_t MaxNewSize                               = 1287651328                                {product} {ergonomic}
   size_t MinHeapDeltaBytes                        = 1048576                                   {product} {ergonomic}
   size_t MinHeapSize                              = 8388608                                   {product} {ergonomic}
    uintx NonNMethodCodeHeapSize                   = 5839372                                {pd product} {ergonomic}
    uintx NonProfiledCodeHeapSize                  = 122909434                              {pd product} {ergonomic}
    uintx ProfiledCodeHeapSize                     = 122909434                              {pd product} {ergonomic}
    uintx ReservedCodeCacheSize                    = 251658240                              {pd product} {ergonomic}
     bool SegmentedCodeCache                       = true                                      {product} {ergonomic}
   size_t SoftMaxHeapSize                          = 2147483648                             {manageable} {ergonomic}
     bool UseCompressedClassPointers               = true                           {product lp64_product} {ergonomic}
     bool UseCompressedOops                        = true                           {product lp64_product} {ergonomic}
     bool UseG1GC                                  = true                                      {product} {ergonomic}
     bool UseLargePagesIndividualAllocation        = false                                  {pd product} {ergonomic}

Logging:
Log output configuration:
 #0: stdout all=warning uptime,level,tags
 #1: stderr all=off uptime,level,tags

Environment Variables:
PATH=C:\Program Files (x86)\VMware\VMware Workstation\bin\;C:\Program Files\Common Files\Oracle\Java\javapath;C:\apps\ordbc\bin;C:\app\vijay\product\21c\dbhomeXE\bin;C:\Python39\Scripts\;C:\Python39\;C:\Program Files\Java\jdk-16.0.1\bin;C:\Windows\system32;C:\Windows;C:\Windows\System32\Wbem;C:\Windows\System32\WindowsPowerShell\v1.0\;C:\Windows\System32\OpenSSH\;C:\Program Files (x86)\NVIDIA Corporation\PhysX\Common;C:\Program Files\NVIDIA Corporation\NVIDIA NvDLISR;C:\ProgramData\chocolatey\bin;C:\WINDOWS\system32;C:\WINDOWS;C:\WINDOWS\System32\Wbem;C:\WINDOWS\System32\WindowsPowerShell\v1.0\;C:\WINDOWS\System32\OpenSSH\;C:\Program Files\dotnet\;C:\Program Files (x86)\dotnet\;C:\Program Files\Microsoft SQL Server\Client SDK\ODBC\170\Tools\Binn\;C:\Program Files (x86)\Microsoft SQL Server\150\Tools\Binn\;C:\Program Files\Microsoft SQL Server\150\Tools\Binn\;C:\Program Files\Microsoft SQL Server\150\DTS\Binn\;C:\Program Files\Git\cmd;C:\Apache Maven\apache-maven-3.8.7\bin;C:\Program Files\nodejs\;C:\Program Files\Docker\Docker\resources\bin;C:\Program Files\PuTTY\;C:\TDM-GCC-64\bin;C:\Program Files\MySQL\MySQL Shell 8.0\bin\;C:\Users\vijay\anaconda3;C:\Users\vijay\anaconda3\Library\mingw-w64\bin;C:\Users\vijay\anaconda3\Library\usr\bin;C:\Users\vijay\anaconda3\Library\bin;C:\Users\vijay\anaconda3\Scripts;C:\Users\vijay\AppData\Local\Microsoft\WindowsApps;C:\Users\vijay\AppData\Local\Programs\Microsoft VS Code\bin;C:\Program Files\JetBrains\PyCharm Community Edition 2022.2.1\bin;C:\Program Files\JetBrains\IntelliJ IDEA Educational Edition 2022.2\bin;;C:\Program Files\JetBrains\WebStorm 2022.2.1\bin;;C:\Program Files\JetBrains\CLion 2022.2.1\bin;;C:\Program Files\JetBrains\PyCharm 2022.2.1\bin;;C:\Program Files\JetBrains\DataGrip 2022.2.2\bin;;C:\Users\vijay\AppData\Local\JetBrains\Toolbox\scripts;C:\Users\vijay\AppData\Roaming\npm;C:\Users\vijay\AppData\Local\Microsoft\WindowsApps;C:\Program Files\heroku\bin
USERNAME=vijay
OS=Windows_NT
PROCESSOR_IDENTIFIER=Intel64 Family 6 Model 158 Stepping 13, GenuineIntel
TMP=C:\Users\vijay\AppData\Local\Temp
TEMP=C:\Users\vijay\AppData\Local\Temp


JNI global refs:
JNI global refs: 26, weak refs: 3

JNI global refs memory usage: 843, weak refs: 841


---------------  S Y S T E M  ---------------

OS:
 Windows 11 , 64 bit Build 22621 (10.0.22621.2506)
OS uptime: 0 days 11:58 hours
Hyper-V role detected

CPU: total 8 (initial active 8) (4 cores per cpu, 2 threads per core) family 6 model 158 stepping 13 microcode 0xea, cx8, cmov, fxsr, ht, mmx, 3dnowpref, sse, sse2, sse3, ssse3, sse4.1, sse4.2, popcnt, lzcnt, tsc, tscinvbit, avx, avx2, aes, erms, clmul, bmi1, bmi2, adx, fma, vzeroupper, clflush, clflushopt, hv

Memory: 4k page, system-wide physical 8029M (452M free)
TotalPageFile size 16221M (AvailPageFile size 4M)
current process WorkingSet (physical memory assigned to process): 288M, peak: 288M
current process commit charge ("private bytes"): 322M, peak: 323M

vm_info: OpenJDK 64-Bit Server VM (17.0.6+0-b2043.56-10027231) for windows-amd64 JRE (17.0.6+0-b2043.56-10027231), built on Apr 28 2023 00:43:19 by "androidbuild" with MS VC++ 16.10 / 16.11 (VS2019)

END.
